#
# A fatal error has been detected by the Java Runtime Environment:
#
#  SIGSEGV (0xb) at pc=0x00e6d021, pid=14853, tid=2401889136
#
# JRE version: 6.0-b16
# Java VM: OpenJDK Server VM (14.0-b16 mixed mode linux-x86 )
# Distribution: Ubuntu 9.10, package 6b16-1.6.1-3ubuntu1
# Problematic frame:
# C  [libc.so.6+0x75021]  memcpy+0x61
#
# If you would like to submit a bug report, please include
# instructions how to reproduce the bug and visit:
#   https://bugs.launchpad.net/ubuntu/+source/openjdk-6/
# The crash happened outside the Java Virtual Machine in native code.
# See problematic frame for where to report the bug.
#

---------------  T H R E A D  ---------------

Current thread (0x08a27400):  JavaThread "AWT-EventQueue-0" [_thread_in_native, id=14874, stack(0x8f24e000,0x8f29f000)]

siginfo:si_signo=SIGSEGV: si_errno=0, si_code=2 (SEGV_ACCERR), si_addr=0x8f998000

Registers:
EAX=0x08a3f310, EBX=0x00d07ff4, ECX=0x00000e1b, EDX=0x8f9906a1
ESP=0x8f29bd9c, EBP=0x8f29bdf8, ESI=0x8f998000, EDI=0x08a4e10d
EIP=0x00e6d021, CR2=0x8f998000, EFLAGS=0x00010207

Top of Stack: (sp=0x8f29bd9c)
0x8f29bd9c:   00d0445b 08a4cf4a 8f996e3d 00004a2f
0x8f29bdac:   015a7ff4 0000004c 086ec900 8f29bdd8
0x8f29bdbc:   012af450 086ede98 00000032 8f29be38
0x8f29bdcc:   012af42c 4a2f614d 08a3f310 00004a2f
0x8f29bddc:   0000676e 086ede98 08a27400 00d0426d
0x8f29bdec:   00d07ff4 086ee290 086ec900 8f29be38
0x8f29bdfc:   00d04638 00000000 8f29be8a 08a27400
0x8f29be0c:   00000000 00000000 086f6b70 06ba822c 

Instructions: (pc=0x00e6d021)
0x00e6d011:   8b 44 24 04 c3 d1 e9 73 01 a4 d1 e9 73 02 66 a5
0x00e6d021:   f3 a5 eb e8 90 90 90 90 90 90 90 90 90 90 90 55 

Stack: [0x8f24e000,0x8f29f000],  sp=0x8f29bd9c,  free space=311k
Native frames: (J=compiled Java code, j=interpreted, Vv=VM code, C=native code)
C  [libc.so.6+0x75021]  memcpy+0x61
C  [libzip.so+0x4638]  ZIP_GetEntry+0xc8
C  [libzip.so+0x36df]  Java_java_util_zip_ZipFile_getEntry+0xff
j  java.util.zip.ZipFile.getEntry(JLjava/lang/String;Z)J+0
j  java.util.zip.ZipFile.getEntry(Ljava/lang/String;)Ljava/util/zip/ZipEntry;+31
j  java.util.jar.JarFile.getEntry(Ljava/lang/String;)Ljava/util/zip/ZipEntry;+2
j  java.util.jar.JarFile.getJarEntry(Ljava/lang/String;)Ljava/util/jar/JarEntry;+2
j  sun.misc.URLClassPath$JarLoader.getResource(Ljava/lang/String;Z)Lsun/misc/Resource;+48
j  sun.misc.URLClassPath.getResource(Ljava/lang/String;Z)Lsun/misc/Resource;+53
j  java.net.URLClassLoader$1.run()Ljava/lang/Object;+26
v  ~StubRoutines::call_stub
V  [libjvm.so+0x331695]
V  [libjvm.so+0x49d7a9]
V  [libjvm.so+0x33058f]
V  [libjvm.so+0x3841bb]
C  [libjava.so+0xb33a]  Java_java_security_AccessController_doPrivileged__Ljava_security_PrivilegedExceptionAction_2Ljava_security_AccessControlContext_2+0x3a
j  java.security.AccessController.doPrivileged(Ljava/security/PrivilegedExceptionAction;Ljava/security/AccessControlContext;)Ljava/lang/Object;+0
j  java.net.URLClassLoader.findClass(Ljava/lang/String;)Ljava/lang/Class;+13
j  java.lang.ClassLoader.loadClass(Ljava/lang/String;Z)Ljava/lang/Class;+43
j  sun.misc.Launcher$AppClassLoader.loadClass(Ljava/lang/String;Z)Ljava/lang/Class;+36
j  java.lang.ClassLoader.loadClass(Ljava/lang/String;)Ljava/lang/Class;+3
j  java.lang.ClassLoader.loadClassInternal(Ljava/lang/String;)Ljava/lang/Class;+2
v  ~StubRoutines::call_stub
V  [libjvm.so+0x331695]
V  [libjvm.so+0x49d7a9]
V  [libjvm.so+0x33058f]
V  [libjvm.so+0x330802]
V  [libjvm.so+0x330917]
V  [libjvm.so+0x5561aa]
V  [libjvm.so+0x5570c4]
V  [libjvm.so+0x557484]
V  [libjvm.so+0x557520]
V  [libjvm.so+0x3724fc]
V  [libjvm.so+0x38af89]
C  [libverify.so+0x2962]
C  [libverify.so+0x3537]
C  [libverify.so+0x520e]
C  [libverify.so+0x5efc]
C  [libverify.so+0x86a5]
C  [libverify.so+0x94fa]  VerifyClassForMajorVersion+0x6fa
C  [libjava.so+0x11539]  VerifyClassCodesForMajorVersion+0x39
V  [libjvm.so+0x5a4313]
V  [libjvm.so+0x5abaa9]
V  [libjvm.so+0x307f0c]
V  [libjvm.so+0x30fb42]
V  [libjvm.so+0x30fed7]
V  [libjvm.so+0x30ff35]
V  [libjvm.so+0x310686]
V  [libjvm.so+0x32a355]
j  net.sourceforge.jeuclid.app.mathviewer.MathViewer$1.run()V+0
j  java.awt.event.InvocationEvent.dispatch()V+47
j  java.awt.EventQueue.dispatchEvent(Ljava/awt/AWTEvent;)V+26
j  java.awt.EventDispatchThread.pumpOneEventForFilters(I)Z+192
j  java.awt.EventDispatchThread.pumpEventsForFilter(ILjava/awt/Conditional;Ljava/awt/EventFilter;)V+30
j  java.awt.EventDispatchThread.pumpEventsForHierarchy(ILjava/awt/Conditional;Ljava/awt/Component;)V+11
j  java.awt.EventDispatchThread.pumpEvents(ILjava/awt/Conditional;)V+4
j  java.awt.EventDispatchThread.pumpEvents(Ljava/awt/Conditional;)V+3
j  java.awt.EventDispatchThread.run()V+9
v  ~StubRoutines::call_stub
V  [libjvm.so+0x331695]
V  [libjvm.so+0x49d7a9]
V  [libjvm.so+0x33058f]
V  [libjvm.so+0x330a6a]
V  [libjvm.so+0x330bfa]
V  [libjvm.so+0x3814d2]
V  [libjvm.so+0x57f51c]
V  [libjvm.so+0x57f5da]
V  [libjvm.so+0x4a3af1]
C  [libpthread.so.0+0x580e]

Java frames: (J=compiled Java code, j=interpreted, Vv=VM code)
j  java.util.zip.ZipFile.getEntry(JLjava/lang/String;Z)J+0
j  java.util.zip.ZipFile.getEntry(Ljava/lang/String;)Ljava/util/zip/ZipEntry;+31
j  java.util.jar.JarFile.getEntry(Ljava/lang/String;)Ljava/util/zip/ZipEntry;+2
j  java.util.jar.JarFile.getJarEntry(Ljava/lang/String;)Ljava/util/jar/JarEntry;+2
j  sun.misc.URLClassPath$JarLoader.getResource(Ljava/lang/String;Z)Lsun/misc/Resource;+48
j  sun.misc.URLClassPath.getResource(Ljava/lang/String;Z)Lsun/misc/Resource;+53
j  java.net.URLClassLoader$1.run()Ljava/lang/Object;+26
v  ~StubRoutines::call_stub
j  java.security.AccessController.doPrivileged(Ljava/security/PrivilegedExceptionAction;Ljava/security/AccessControlContext;)Ljava/lang/Object;+0
j  java.net.URLClassLoader.findClass(Ljava/lang/String;)Ljava/lang/Class;+13
j  java.lang.ClassLoader.loadClass(Ljava/lang/String;Z)Ljava/lang/Class;+43
j  sun.misc.Launcher$AppClassLoader.loadClass(Ljava/lang/String;Z)Ljava/lang/Class;+36
j  java.lang.ClassLoader.loadClass(Ljava/lang/String;)Ljava/lang/Class;+3
j  java.lang.ClassLoader.loadClassInternal(Ljava/lang/String;)Ljava/lang/Class;+2
v  ~StubRoutines::call_stub
j  net.sourceforge.jeuclid.app.mathviewer.MathViewer$1.run()V+0
j  java.awt.event.InvocationEvent.dispatch()V+47
j  java.awt.EventQueue.dispatchEvent(Ljava/awt/AWTEvent;)V+26
j  java.awt.EventDispatchThread.pumpOneEventForFilters(I)Z+192
j  java.awt.EventDispatchThread.pumpEventsForFilter(ILjava/awt/Conditional;Ljava/awt/EventFilter;)V+30
j  java.awt.EventDispatchThread.pumpEventsForHierarchy(ILjava/awt/Conditional;Ljava/awt/Component;)V+11
j  java.awt.EventDispatchThread.pumpEvents(ILjava/awt/Conditional;)V+4
j  java.awt.EventDispatchThread.pumpEvents(Ljava/awt/Conditional;)V+3
j  java.awt.EventDispatchThread.run()V+9
v  ~StubRoutines::call_stub

---------------  P R O C E S S  ---------------

Java Threads: ( => current thread )
  0x0863b800 JavaThread "DestroyJavaVM" [_thread_blocked, id=14854, stack(0xb77f5000,0xb7846000)]
=>0x08a27400 JavaThread "AWT-EventQueue-0" [_thread_in_native, id=14874, stack(0x8f24e000,0x8f29f000)]
  0x08a27000 JavaThread "AWT-Shutdown" [_thread_blocked, id=14873, stack(0x8f607000,0x8f658000)]
  0x0892d400 JavaThread "AWT-XAWT" daemon [_thread_in_native, id=14868, stack(0x8f658000,0x8f6a9000)]
  0x088d8c00 JavaThread "Java2D Disposer" daemon [_thread_blocked, id=14867, stack(0x8f7af000,0x8f800000)]
  0x086e1000 JavaThread "Low Memory Detector" daemon [_thread_blocked, id=14865, stack(0x8fa19000,0x8fa6a000)]
  0x086df000 JavaThread "CompilerThread1" daemon [_thread_blocked, id=14864, stack(0x8fa6a000,0x8faeb000)]
  0x086dc400 JavaThread "CompilerThread0" daemon [_thread_blocked, id=14863, stack(0x8faeb000,0x8fb6c000)]
  0x086dac00 JavaThread "Signal Dispatcher" daemon [_thread_blocked, id=14862, stack(0x8fb6c000,0x8fbbd000)]
  0x086c6400 JavaThread "Finalizer" daemon [_thread_blocked, id=14861, stack(0x8fc03000,0x8fc54000)]
  0x086c4c00 JavaThread "Reference Handler" daemon [_thread_blocked, id=14860, stack(0x8fc54000,0x8fca5000)]

Other Threads:
  0x086c1c00 VMThread [stack: 0x8fca5000,0x8fd26000] [id=14859]
  0x086e3000 WatcherThread [stack: 0x8f998000,0x8fa19000] [id=14866]

VM state:not at safepoint (normal execution)

VM Mutex/Monitor currently owned by a thread: None

Heap
 PSYoungGen      total 3584K, used 2584K [0xb3ff0000, 0xb43f0000, 0xb77f0000)
  eden space 3072K, 67% used [0xb3ff0000,0xb41f9588,0xb42f0000)
  from space 512K, 97% used [0xb42f0000,0xb436cdf8,0xb4370000)
  to   space 512K, 0% used [0xb4370000,0xb4370000,0xb43f0000)
 PSOldGen        total 28672K, used 287K [0x97ff0000, 0x99bf0000, 0xb3ff0000)
  object space 28672K, 1% used [0x97ff0000,0x98037c30,0x99bf0000)
 PSPermGen       total 16384K, used 6582K [0x8fff0000, 0x90ff0000, 0x97ff0000)
  object space 16384K, 40% used [0x8fff0000,0x9065db28,0x90ff0000)

Dynamic libraries:
00110000-00117000 r-xp 00000000 08:06 690400     /lib/tls/i686/cmov/librt-2.10.1.so
00117000-00118000 r--p 00006000 08:06 690400     /lib/tls/i686/cmov/librt-2.10.1.so
00118000-00119000 rw-p 00007000 08:06 690400     /lib/tls/i686/cmov/librt-2.10.1.so
00119000-00123000 r-xp 00000000 08:06 690201     /lib/tls/i686/cmov/libnss_files-2.10.1.so
00123000-00124000 r--p 00009000 08:06 690201     /lib/tls/i686/cmov/libnss_files-2.10.1.so
00124000-00125000 rw-p 0000a000 08:06 690201     /lib/tls/i686/cmov/libnss_files-2.10.1.so
00125000-0012e000 rwxp 00000000 00:00 0 
0012e000-001e5000 rwxp 00000000 00:00 0 
001e5000-001f3000 rwxp 00000000 00:00 0 
001f3000-002c5000 rwxp 00000000 00:00 0 
002c5000-002cd000 rwxp 00000000 00:00 0 
002cd000-00305000 rwxp 00000000 00:00 0 
00305000-00309000 r-xp 00000000 08:06 500754     /usr/lib/libXtst.so.6.1.0
00309000-0030a000 r--p 00004000 08:06 500754     /usr/lib/libXtst.so.6.1.0
0030a000-0030b000 rw-p 00005000 08:06 500754     /usr/lib/libXtst.so.6.1.0
0030b000-00314000 r-xp 00000000 08:06 502134     /usr/lib/libXi.so.6.0.0
00314000-00315000 r--p 00008000 08:06 502134     /usr/lib/libXi.so.6.0.0
00315000-00316000 rw-p 00009000 08:06 502134     /usr/lib/libXi.so.6.0.0
00316000-00318000 r-xp 00000000 08:06 501176     /usr/lib/libXau.so.6.0.0
00318000-00319000 r--p 00001000 08:06 501176     /usr/lib/libXau.so.6.0.0
00319000-0031a000 rw-p 00002000 08:06 501176     /usr/lib/libXau.so.6.0.0
0031a000-0031b000 r--p 00000000 00:00 0 
0031e000-00324000 r-xp 00000000 08:06 690177     /lib/tls/i686/cmov/libnss_compat-2.10.1.so
00324000-00325000 r--p 00005000 08:06 690177     /lib/tls/i686/cmov/libnss_compat-2.10.1.so
00325000-00326000 rw-p 00006000 08:06 690177     /lib/tls/i686/cmov/libnss_compat-2.10.1.so
00326000-003aa000 r-xp 00000000 08:06 609205     /usr/lib/jvm/java-6-openjdk/jre/lib/i386/libawt.so
003aa000-003ab000 r--p 00084000 08:06 609205     /usr/lib/jvm/java-6-openjdk/jre/lib/i386/libawt.so
003ab000-003b1000 rw-p 00085000 08:06 609205     /usr/lib/jvm/java-6-openjdk/jre/lib/i386/libawt.so
003b1000-003d6000 rw-p 00000000 00:00 0 
003d6000-003f2000 r-xp 00000000 08:06 501597     /usr/lib/libxcb.so.1.1.0
003f2000-003f3000 r--p 0001c000 08:06 501597     /usr/lib/libxcb.so.1.1.0
003f3000-003f4000 rw-p 0001d000 08:06 501597     /usr/lib/libxcb.so.1.1.0
003f4000-003f8000 r-xp 00000000 08:06 503350     /usr/lib/libXdmcp.so.6.0.0
003f8000-003f9000 rw-p 00003000 08:06 503350     /usr/lib/libXdmcp.so.6.0.0
003f9000-0043d000 r-xp 00000000 08:06 609207     /usr/lib/jvm/java-6-openjdk/jre/lib/i386/libfontmanager.so
0043d000-0043f000 r--p 00043000 08:06 609207     /usr/lib/jvm/java-6-openjdk/jre/lib/i386/libfontmanager.so
0043f000-00440000 rw-p 00045000 08:06 609207     /usr/lib/jvm/java-6-openjdk/jre/lib/i386/libfontmanager.so
00440000-00445000 rw-p 00000000 00:00 0 
00445000-0044e000 r-xp 00000000 08:06 501131     /usr/lib/libXcursor.so.1.0.2
0044e000-0044f000 r--p 00008000 08:06 501131     /usr/lib/libXcursor.so.1.0.2
0044f000-00450000 rw-p 00009000 08:06 501131     /usr/lib/libXcursor.so.1.0.2
00450000-0045b000 r-xp 00000000 08:06 504343     /usr/lib/libpangocairo-1.0.so.0.2600.0
0045b000-0045c000 r--p 0000a000 08:06 504343     /usr/lib/libpangocairo-1.0.so.0.2600.0
0045c000-0045d000 rw-p 0000b000 08:06 504343     /usr/lib/libpangocairo-1.0.so.0.2600.0
0045d000-0045f000 r-xp 00000000 08:06 501266     /usr/lib/libXcomposite.so.1.0.0
0045f000-00460000 r--p 00001000 08:06 501266     /usr/lib/libXcomposite.so.1.0.0
00460000-00461000 rw-p 00002000 08:06 501266     /usr/lib/libXcomposite.so.1.0.0
00461000-0047c000 r-xp 00000000 08:06 673156     /lib/ld-2.10.1.so
0047c000-0047d000 r--p 0001a000 08:06 673156     /lib/ld-2.10.1.so
0047d000-0047e000 rw-p 0001b000 08:06 673156     /lib/ld-2.10.1.so
0047e000-004f8000 r-xp 00000000 08:06 504788     /usr/lib/libfreetype.so.6.3.20
004f8000-004fc000 r--p 00079000 08:06 504788     /usr/lib/libfreetype.so.6.3.20
004fc000-004fd000 rw-p 0007d000 08:06 504788     /usr/lib/libfreetype.so.6.3.20
004fd000-00519000 r-xp 00000000 08:06 673061     /lib/libgcc_s.so.1
00519000-0051a000 r--p 0001b000 08:06 673061     /lib/libgcc_s.so.1
0051a000-0051b000 rw-p 0001c000 08:06 673061     /lib/libgcc_s.so.1
0051b000-0051e000 r-xp 00000000 08:06 502989     /usr/lib/libgmodule-2.0.so.0.2200.2
0051e000-0051f000 r--p 00002000 08:06 502989     /usr/lib/libgmodule-2.0.so.0.2200.2
0051f000-00520000 rw-p 00003000 08:06 502989     /usr/lib/libgmodule-2.0.so.0.2200.2
00520000-00527000 r-xp 00000000 08:06 504198     /usr/lib/libXrandr.so.2.2.0
00527000-00528000 r--p 00006000 08:06 504198     /usr/lib/libXrandr.so.2.2.0
00528000-00529000 rw-p 00007000 08:06 504198     /usr/lib/libXrandr.so.2.2.0
0052c000-00550000 r-xp 00000000 08:06 609214     /usr/lib/jvm/java-6-openjdk/jre/lib/i386/libjava.so
00550000-00551000 r--p 00023000 08:06 609214     /usr/lib/jvm/java-6-openjdk/jre/lib/i386/libjava.so
00551000-00553000 rw-p 00024000 08:06 609214     /usr/lib/jvm/java-6-openjdk/jre/lib/i386/libjava.so
00553000-0056e000 r-xp 00000000 08:06 502734     /usr/lib/libatk-1.0.so.0.2809.1
0056e000-0056f000 r--p 0001b000 08:06 502734     /usr/lib/libatk-1.0.so.0.2809.1
0056f000-00570000 rw-p 0001c000 08:06 502734     /usr/lib/libatk-1.0.so.0.2809.1
00570000-00578000 r-xp 00000000 08:06 504782     /usr/lib/libfusion-1.2.so.0.7.0
00578000-00579000 r--p 00007000 08:06 504782     /usr/lib/libfusion-1.2.so.0.7.0
00579000-0057a000 rw-p 00008000 08:06 504782     /usr/lib/libfusion-1.2.so.0.7.0
0057a000-0057d000 r-xp 00000000 08:06 503424     /usr/lib/libxcb-render-util.so.0.0.0
0057d000-0057e000 r--p 00002000 08:06 503424     /usr/lib/libxcb-render-util.so.0.0.0
0057e000-0057f000 rw-p 00003000 08:06 503424     /usr/lib/libxcb-render-util.so.0.0.0
0057f000-00586000 r-xp 00000000 08:06 504334     /usr/lib/libxcb-render.so.0.0.0
00586000-00587000 r--p 00007000 08:06 504334     /usr/lib/libxcb-render.so.0.0.0
00587000-00588000 rw-p 00008000 08:06 504334     /usr/lib/libxcb-render.so.0.0.0
0058a000-0058c000 r-xp 00000000 08:06 690044     /lib/tls/i686/cmov/libdl-2.10.1.so
0058c000-0058d000 r--p 00001000 08:06 690044     /lib/tls/i686/cmov/libdl-2.10.1.so
0058d000-0058e000 rw-p 00002000 08:06 690044     /lib/tls/i686/cmov/libdl-2.10.1.so
0058e000-00592000 r-xp 00000000 08:06 526158     /usr/lib/gtk-2.0/modules/libcanberra-gtk-module.so
00592000-00593000 r--p 00003000 08:06 526158     /usr/lib/gtk-2.0/modules/libcanberra-gtk-module.so
00593000-00594000 rw-p 00004000 08:06 526158     /usr/lib/gtk-2.0/modules/libcanberra-gtk-module.so
00594000-00597000 r-xp 00000000 08:06 501088     /usr/lib/libcanberra-gtk.so.0.1.1
00597000-00598000 r--p 00002000 08:06 501088     /usr/lib/libcanberra-gtk.so.0.1.1
00598000-00599000 rw-p 00003000 08:06 501088     /usr/lib/libcanberra-gtk.so.0.1.1
00599000-005a1000 r-xp 00000000 08:06 504338     /usr/lib/libXrender.so.1.3.0
005a1000-005a2000 r--p 00007000 08:06 504338     /usr/lib/libXrender.so.1.3.0
005a2000-005a3000 rw-p 00008000 08:06 504338     /usr/lib/libXrender.so.1.3.0
005a3000-00635000 r-xp 00000000 08:06 500995     /usr/lib/libgdk-x11-2.0.so.0.1800.3
00635000-00637000 r--p 00092000 08:06 500995     /usr/lib/libgdk-x11-2.0.so.0.1800.3
00637000-00638000 rw-p 00094000 08:06 500995     /usr/lib/libgdk-x11-2.0.so.0.1800.3
00638000-0063c000 r-xp 00000000 08:06 502991     /usr/lib/libgthread-2.0.so.0.2200.2
0063c000-0063d000 r--p 00003000 08:06 502991     /usr/lib/libgthread-2.0.so.0.2200.2
0063d000-0063e000 rw-p 00004000 08:06 502991     /usr/lib/libgthread-2.0.so.0.2200.2
0063e000-00640000 r-xp 00000000 08:06 566385     /usr/lib/pango/1.6.0/modules/pango-basic-fc.so
00640000-00641000 r--p 00001000 08:06 566385     /usr/lib/pango/1.6.0/modules/pango-basic-fc.so
00641000-00642000 rw-p 00002000 08:06 566385     /usr/lib/pango/1.6.0/modules/pango-basic-fc.so
00643000-00647000 r-xp 00000000 08:06 501137     /usr/lib/libXfixes.so.3.1.0
00647000-00648000 r--p 00003000 08:06 501137     /usr/lib/libXfixes.so.3.1.0
00648000-00649000 rw-p 00004000 08:06 501137     /usr/lib/libXfixes.so.3.1.0
00649000-00650000 r-xp 00000000 08:06 502911     /usr/lib/libvorbisfile.so.3.2.0
00650000-00651000 r--p 00006000 08:06 502911     /usr/lib/libvorbisfile.so.3.2.0
00651000-00652000 rw-p 00007000 08:06 502911     /usr/lib/libvorbisfile.so.3.2.0
00652000-0065e000 r-xp 00000000 08:06 609233     /usr/lib/jvm/java-6-openjdk/jre/lib/i386/libverify.so
0065e000-0065f000 r--p 0000b000 08:06 609233     /usr/lib/jvm/java-6-openjdk/jre/lib/i386/libverify.so
0065f000-00660000 rw-p 0000c000 08:06 609233     /usr/lib/jvm/java-6-openjdk/jre/lib/i386/libverify.so
00660000-006e4000 r-xp 00000000 08:06 503375     /usr/lib/libcairo.so.2.10800.8
006e4000-006e6000 r--p 00083000 08:06 503375     /usr/lib/libcairo.so.2.10800.8
006e6000-006e7000 rw-p 00085000 08:06 503375     /usr/lib/libcairo.so.2.10800.8
006e7000-0070e000 r-xp 00000000 08:06 504344     /usr/lib/libpangoft2-1.0.so.0.2600.0
0070e000-0070f000 r--p 00027000 08:06 504344     /usr/lib/libpangoft2-1.0.so.0.2600.0
0070f000-00710000 rw-p 00028000 08:06 504344     /usr/lib/libpangoft2-1.0.so.0.2600.0
00710000-00720000 r-xp 00000000 08:06 690396     /lib/tls/i686/cmov/libresolv-2.10.1.so
00720000-00721000 r--p 00010000 08:06 690396     /lib/tls/i686/cmov/libresolv-2.10.1.so
00721000-00722000 rw-p 00011000 08:06 690396     /lib/tls/i686/cmov/libresolv-2.10.1.so
00722000-00724000 rw-p 00000000 00:00 0 
00725000-00727000 r-xp 00000000 08:06 503364     /usr/lib/libXinerama.so.1.0.0
00727000-00728000 rw-p 00001000 08:06 503364     /usr/lib/libXinerama.so.1.0.0
0072c000-00741000 r-xp 00000000 08:06 690395     /lib/tls/i686/cmov/libpthread-2.10.1.so
00741000-00742000 r--p 00014000 08:06 690395     /lib/tls/i686/cmov/libpthread-2.10.1.so
00742000-00743000 rw-p 00015000 08:06 690395     /lib/tls/i686/cmov/libpthread-2.10.1.so
00743000-00745000 rw-p 00000000 00:00 0 
00745000-0078b000 r-xp 00000000 08:06 500972     /usr/lib/libpango-1.0.so.0.2600.0
0078b000-0078c000 r--p 00045000 08:06 500972     /usr/lib/libpango-1.0.so.0.2600.0
0078c000-0078d000 rw-p 00046000 08:06 500972     /usr/lib/libpango-1.0.so.0.2600.0
0078f000-007a7000 r-xp 00000000 08:06 501259     /usr/lib/libgdk_pixbuf-2.0.so.0.1800.3
007a7000-007a8000 r--p 00017000 08:06 501259     /usr/lib/libgdk_pixbuf-2.0.so.0.1800.3
007a8000-007a9000 rw-p 00018000 08:06 501259     /usr/lib/libgdk_pixbuf-2.0.so.0.1800.3
007a9000-007d4000 r-xp 00000000 08:06 503609     /usr/lib/libfontconfig.so.1.3.0
007d4000-007d5000 r--p 0002a000 08:06 503609     /usr/lib/libfontconfig.so.1.3.0
007d5000-007d6000 rw-p 0002b000 08:06 503609     /usr/lib/libfontconfig.so.1.3.0
007d6000-00812000 r-xp 00000000 08:06 502987     /usr/lib/libgobject-2.0.so.0.2200.2
00812000-00813000 r--p 0003b000 08:06 502987     /usr/lib/libgobject-2.0.so.0.2200.2
00813000-00814000 rw-p 0003c000 08:06 502987     /usr/lib/libgobject-2.0.so.0.2200.2
00814000-0082a000 r-xp 00000000 08:06 501528     /usr/lib/libdirect-1.2.so.0.7.0
0082a000-0082b000 r--p 00015000 08:06 501528     /usr/lib/libdirect-1.2.so.0.7.0
0082b000-0082c000 rw-p 00016000 08:06 501528     /usr/lib/libdirect-1.2.so.0.7.0
00831000-00838000 r-xp 00000000 08:06 845426     /usr/lib/jvm/java-6-openjdk/jre/lib/i386/native_threads/libhpi.so
00838000-00839000 r--p 00006000 08:06 845426     /usr/lib/jvm/java-6-openjdk/jre/lib/i386/native_threads/libhpi.so
00839000-0083a000 rw-p 00007000 08:06 845426     /usr/lib/jvm/java-6-openjdk/jre/lib/i386/native_threads/libhpi.so
0083a000-00842000 rwxp 00000000 00:00 0 
00842000-0087a000 rwxp 00000000 00:00 0 
0087a000-00888000 rwxp 00000000 00:00 0 
00888000-0095a000 rwxp 00000000 00:00 0 
0095a000-0095c000 rwxp 00000000 00:00 0 
0095c000-00976000 rwxp 00000000 00:00 0 
00976000-00977000 rwxp 00000000 00:00 0 
00977000-0099d000 r-xp 00000000 08:06 504232     /usr/lib/libpng12.so.0.37.0
0099d000-0099e000 r--p 00025000 08:06 504232     /usr/lib/libpng12.so.0.37.0
0099e000-0099f000 rw-p 00026000 08:06 504232     /usr/lib/libpng12.so.0.37.0
0099f000-009a4000 r-xp 00000000 08:06 502393     /usr/lib/libogg.so.0.6.0
009a4000-009a5000 r--p 00004000 08:06 502393     /usr/lib/libogg.so.0.6.0
009a5000-009a6000 rw-p 00005000 08:06 502393     /usr/lib/libogg.so.0.6.0
009a6000-009ab000 r-xp 00000000 08:06 525469     /usr/lib/gtk-2.0/2.10.0/immodules/im-ibus.so
009ab000-009ac000 r--p 00004000 08:06 525469     /usr/lib/gtk-2.0/2.10.0/immodules/im-ibus.so
009ac000-009ad000 rw-p 00005000 08:06 525469     /usr/lib/gtk-2.0/2.10.0/immodules/im-ibus.so
009ad000-009f2000 r-xp 00000000 08:06 862089     /usr/lib/jvm/java-6-openjdk/jre/lib/i386/xawt/libmawt.so
009f2000-009f3000 r--p 00045000 08:06 862089     /usr/lib/jvm/java-6-openjdk/jre/lib/i386/xawt/libmawt.so
009f3000-009f5000 rw-p 00046000 08:06 862089     /usr/lib/jvm/java-6-openjdk/jre/lib/i386/xawt/libmawt.so
009f5000-009f6000 rw-p 00000000 00:00 0 
009f6000-00a0f000 r-xp 00000000 08:06 673488     /lib/libselinux.so.1
00a0f000-00a10000 r--p 00018000 08:06 673488     /lib/libselinux.so.1
00a10000-00a11000 rw-p 00019000 08:06 673488     /lib/libselinux.so.1
00a11000-00a19000 r-xp 00000000 08:06 503589     /usr/lib/libltdl.so.7.2.0
00a19000-00a1a000 r--p 00007000 08:06 503589     /usr/lib/libltdl.so.7.2.0
00a1a000-00a1b000 rw-p 00008000 08:06 503589     /usr/lib/libltdl.so.7.2.0
00a1c000-00a25000 r-xp 00000000 08:06 690330     /lib/tls/i686/cmov/libnss_nis-2.10.1.so
00a25000-00a26000 r--p 00008000 08:06 690330     /lib/tls/i686/cmov/libnss_nis-2.10.1.so
00a26000-00a27000 rw-p 00009000 08:06 690330     /lib/tls/i686/cmov/libnss_nis-2.10.1.so
00a27000-00a35000 r-xp 00000000 08:06 504024     /usr/lib/libcanberra.so.0.1.7
00a35000-00a36000 r--p 0000d000 08:06 504024     /usr/lib/libcanberra.so.0.1.7
00a36000-00a37000 rw-p 0000e000 08:06 504024     /usr/lib/libcanberra.so.0.1.7
00a39000-00a4c000 r-xp 00000000 08:06 690173     /lib/tls/i686/cmov/libnsl-2.10.1.so
00a4c000-00a4d000 r--p 00012000 08:06 690173     /lib/tls/i686/cmov/libnsl-2.10.1.so
00a4d000-00a4e000 rw-p 00013000 08:06 690173     /lib/tls/i686/cmov/libnsl-2.10.1.so
00a4e000-00a50000 rw-p 00000000 00:00 0 
00a56000-00a6a000 r-xp 00000000 08:06 673464     /lib/libz.so.1.2.3.3
00a6a000-00a6b000 r--p 00013000 08:06 673464     /lib/libz.so.1.2.3.3
00a6b000-00a6c000 rw-p 00014000 08:06 673464     /lib/libz.so.1.2.3.3
00a6c000-00b96000 r-xp 00000000 08:06 504329     /usr/lib/libX11.so.6.2.0
00b96000-00b97000 ---p 0012a000 08:06 504329     /usr/lib/libX11.so.6.2.0
00b97000-00b98000 r--p 0012a000 08:06 504329     /usr/lib/libX11.so.6.2.0
00b98000-00b9a000 rw-p 0012b000 08:06 504329     /usr/lib/libX11.so.6.2.0
00b9a000-00b9b000 rw-p 00000000 00:00 0 
00b9b000-00ba8000 r-xp 00000000 08:06 503314     /usr/lib/libtdb.so.1.1.5
00ba8000-00ba9000 r--p 0000c000 08:06 503314     /usr/lib/libtdb.so.1.1.5
00ba9000-00baa000 rw-p 0000d000 08:06 503314     /usr/lib/libtdb.so.1.1.5
00baa000-00bb1000 r-xp 00000000 08:06 609225     /usr/lib/jvm/java-6-openjdk/jre/lib/i386/libnio.so
00bb1000-00bb2000 r--p 00006000 08:06 609225     /usr/lib/jvm/java-6-openjdk/jre/lib/i386/libnio.so
00bb2000-00bb3000 rw-p 00007000 08:06 609225     /usr/lib/jvm/java-6-openjdk/jre/lib/i386/libnio.so
00bb8000-00bbb000 r-xp 00000000 08:06 837235     /usr/lib/jvm/java-6-openjdk/jre/lib/i386/jli/libjli.so
00bbb000-00bbc000 r--p 00003000 08:06 837235     /usr/lib/jvm/java-6-openjdk/jre/lib/i386/jli/libjli.so
00bbc000-00bbd000 rw-p 00004000 08:06 837235     /usr/lib/jvm/java-6-openjdk/jre/lib/i386/jli/libjli.so
00bbd000-00c01000 r-xp 00000000 08:06 500841     /usr/lib/libpixman-1.so.0.14.0
00c01000-00c03000 r--p 00043000 08:06 500841     /usr/lib/libpixman-1.so.0.14.0
00c03000-00c04000 rw-p 00045000 08:06 500841     /usr/lib/libpixman-1.so.0.14.0
00c04000-00c33000 r-xp 00000000 08:06 673132     /lib/libpcre.so.3.12.1
00c33000-00c34000 r--p 0002e000 08:06 673132     /lib/libpcre.so.3.12.1
00c34000-00c35000 rw-p 0002f000 08:06 673132     /lib/libpcre.so.3.12.1
00c37000-00c38000 r-xp 00000000 00:00 0          [vdso]
00c38000-00ccb000 r-xp 00000000 08:06 504779     /usr/lib/libgio-2.0.so.0.2200.2
00ccb000-00ccc000 r--p 00092000 08:06 504779     /usr/lib/libgio-2.0.so.0.2200.2
00ccc000-00ccd000 rw-p 00093000 08:06 504779     /usr/lib/libgio-2.0.so.0.2200.2
00ccd000-00cce000 rw-p 00000000 00:00 0 
00cce000-00ce2000 r-xp 00000000 08:06 609224     /usr/lib/jvm/java-6-openjdk/jre/lib/i386/libnet.so
00ce2000-00ce3000 r--p 00013000 08:06 609224     /usr/lib/jvm/java-6-openjdk/jre/lib/i386/libnet.so
00ce3000-00ce4000 rw-p 00014000 08:06 609224     /usr/lib/jvm/java-6-openjdk/jre/lib/i386/libnet.so
00ce4000-00ce6000 r-xp 00000000 08:06 503348     /usr/lib/libXdamage.so.1.1.0
00ce6000-00ce7000 rw-p 00001000 08:06 503348     /usr/lib/libXdamage.so.1.1.0
00ce7000-00cf8000 r-xp 00000000 08:06 2060211    /usr/lib/gio/modules/libgioremote-volume-monitor.so
00cf8000-00cf9000 r--p 00010000 08:06 2060211    /usr/lib/gio/modules/libgioremote-volume-monitor.so
00cf9000-00cfa000 rw-p 00011000 08:06 2060211    /usr/lib/gio/modules/libgioremote-volume-monitor.so
00d00000-00d07000 r-xp 00000000 08:06 609234     /usr/lib/jvm/java-6-openjdk/jre/lib/i386/libzip.so
00d07000-00d08000 r--p 00006000 08:06 609234     /usr/lib/jvm/java-6-openjdk/jre/lib/i386/libzip.so
00d08000-00d09000 rw-p 00007000 08:06 609234     /usr/lib/jvm/java-6-openjdk/jre/lib/i386/libzip.so
00d09000-00d1d000 r-xp 00000000 08:06 505075     /usr/lib/libgvfscommon.so.0.0.0
00d1d000-00d1e000 r--p 00013000 08:06 505075     /usr/lib/libgvfscommon.so.0.0.0
00d1e000-00d1f000 rw-p 00014000 08:06 505075     /usr/lib/libgvfscommon.so.0.0.0
00d2a000-00d38000 r-xp 00000000 08:06 500690     /usr/lib/libXext.so.6.4.0
00d38000-00d39000 r--p 0000d000 08:06 500690     /usr/lib/libXext.so.6.4.0
00d39000-00d3a000 rw-p 0000e000 08:06 500690     /usr/lib/libXext.so.6.4.0
00d3a000-00d5e000 r-xp 00000000 08:06 673447     /lib/libexpat.so.1.5.2
00d5e000-00d60000 r--p 00024000 08:06 673447     /lib/libexpat.so.1.5.2
00d60000-00d61000 rw-p 00026000 08:06 673447     /lib/libexpat.so.1.5.2
00d61000-00d7b000 r-xp 00000000 08:06 502031     /usr/lib/libvorbis.so.0.4.0
00d7b000-00d7c000 r--p 00019000 08:06 502031     /usr/lib/libvorbis.so.0.4.0
00d7c000-00d8a000 rw-p 0001a000 08:06 502031     /usr/lib/libvorbis.so.0.4.0
00d8e000-00db2000 r-xp 00000000 08:06 690045     /lib/tls/i686/cmov/libm-2.10.1.so
00db2000-00db3000 r--p 00023000 08:06 690045     /lib/tls/i686/cmov/libm-2.10.1.so
00db3000-00db4000 rw-p 00024000 08:06 690045     /lib/tls/i686/cmov/libm-2.10.1.so
00db4000-00dd5000 r-xp 00000000 08:06 525468     /usr/lib/gtk-2.0/2.10.0/engines/libmurrine.so
00dd5000-00dd6000 r--p 00020000 08:06 525468     /usr/lib/gtk-2.0/2.10.0/engines/libmurrine.so
00dd6000-00dd7000 rw-p 00021000 08:06 525468     /usr/lib/gtk-2.0/2.10.0/engines/libmurrine.so
00df8000-00f36000 r-xp 00000000 08:06 690032     /lib/tls/i686/cmov/libc-2.10.1.so
00f36000-00f38000 r--p 0013e000 08:06 690032     /lib/tls/i686/cmov/libc-2.10.1.so
00f38000-00f39000 rw-p 00140000 08:06 690032     /lib/tls/i686/cmov/libc-2.10.1.so
00f39000-00f3c000 rw-p 00000000 00:00 0 
00f3c000-01566000 r-xp 00000000 08:06 845427     /usr/lib/jvm/java-6-openjdk/jre/lib/i386/server/libjvm.so
01566000-015a8000 r--p 00629000 08:06 845427     /usr/lib/jvm/java-6-openjdk/jre/lib/i386/server/libjvm.so
015a8000-015b7000 rw-p 0066b000 08:06 845427     /usr/lib/jvm/java-6-openjdk/jre/lib/i386/server/libjvm.so
015b7000-019d8000 rw-p 00000000 00:00 0 
019d8000-01a8c000 r-xp 00000000 08:06 673489     /lib/libglib-2.0.so.0.2200.2
01a8c000-01a8d000 r--p 000b4000 08:06 673489     /lib/libglib-2.0.so.0.2200.2
01a8d000-01a8e000 rw-p 000b5000 08:06 673489     /lib/libglib-2.0.so.0.2200.2
01a8e000-01b04000 r-xp 00000000 08:06 501888     /usr/lib/libdirectfb-1.2.so.0.7.0
01b04000-01b05000 ---p 00076000 08:06 501888     /usr/lib/libdirectfb-1.2.so.0.7.0
01b05000-01b06000 r--p 00076000 08:06 501888     /usr/lib/libdirectfb-1.2.so.0.7.0
01b06000-01b07000 rw-p 00077000 08:06 501888     /usr/lib/libdirectfb-1.2.so.0.7.0
01b07000-01b08000 rw-p 00000000 00:00 0 
01b5b000-01b7f000 r-xp 00000000 08:06 2060212    /usr/lib/gio/modules/libgvfsdbus.so
01b7f000-01b80000 r--p 00023000 08:06 2060212    /usr/lib/gio/modules/libgvfsdbus.so
01b80000-01b81000 rw-p 00024000 08:06 2060212    /usr/lib/gio/modules/libgvfsdbus.so
01b81000-01b8b000 r-xp 00000000 08:06 673064     /lib/libudev.so.0.5.0
01b8b000-01b8c000 r--p 00009000 08:06 673064     /lib/libudev.so.0.5.0
01b8c000-01b8d000 rw-p 0000a000 08:06 673064     /lib/libudev.so.0.5.0
020d6000-0210d000 r-xp 00000000 08:06 673177     /lib/libdbus-1.so.3.4.0
0210d000-0210e000 r--p 00036000 08:06 673177     /lib/libdbus-1.so.3.4.0
0210e000-0210f000 rw-p 00037000 08:06 673177     /lib/libdbus-1.so.3.4.0
0260f000-029c7000 r-xp 00000000 08:06 500956     /usr/lib/libgtk-x11-2.0.so.0.1800.3
029c7000-029c8000 ---p 003b8000 08:06 500956     /usr/lib/libgtk-x11-2.0.so.0.1800.3
029c8000-029cc000 r--p 003b8000 08:06 500956     /usr/lib/libgtk-x11-2.0.so.0.1800.3
029cc000-029ce000 rw-p 003bc000 08:06 500956     /usr/lib/libgtk-x11-2.0.so.0.1800.3
029ce000-029d0000 rw-p 00000000 00:00 0 
0356b000-037ab000 rwxp 00000000 00:00 0 
037ab000-0656b000 rwxp 00000000 00:00 0 
07748000-0777e000 r-xp 00000000 08:06 502585     /usr/lib/libibus.so.1.0.0
0777e000-0777f000 r--p 00036000 08:06 502585     /usr/lib/libibus.so.1.0.0
0777f000-07780000 rw-p 00037000 08:06 502585     /usr/lib/libibus.so.1.0.0
08048000-08051000 r-xp 00000000 08:06 863151     /usr/lib/jvm/java-6-openjdk/jre/bin/java
08051000-08052000 r--p 00008000 08:06 863151     /usr/lib/jvm/java-6-openjdk/jre/bin/java
08052000-08053000 rw-p 00009000 08:06 863151     /usr/lib/jvm/java-6-openjdk/jre/bin/java
08633000-08a5e000 rw-p 00000000 00:00 0          [heap]
8f24e000-8f251000 ---p 00000000 00:00 0 
8f251000-8f29f000 rw-p 00000000 00:00 0 
8f29f000-8f337000 r--p 00000000 08:06 644357     /usr/share/fonts/truetype/ttf-dejavu/DejaVuSans.ttf
8f337000-8f338000 r--s 00000000 08:06 1261771    /var/cache/fontconfig/c05880de57d1f5e948fdfacc138775d9-x86.cache-2
8f338000-8f33e000 r--s 00000000 08:06 1258398    /var/cache/fontconfig/945677eb7aeaf62f1d50efc3fb3ec7d8-x86.cache-2
8f33e000-8f340000 r--s 00000000 08:06 1259329    /var/cache/fontconfig/99e8ed0e538f840c565b6ed5dad60d56-x86.cache-2
8f340000-8f342000 r--s 00000000 08:06 1256734    /var/cache/fontconfig/f24b2111ab8703b4e963115a8cf14259-x86.cache-2
8f342000-8f345000 r--s 00000000 08:06 1259146    /var/cache/fontconfig/e383d7ea5fbe662a33d9b44caf393297-x86.cache-2
8f345000-8f347000 r--s 00000000 08:06 1256504    /var/cache/fontconfig/b5ea634b0fb353b8ea17632d1f9ef766-x86.cache-2
8f347000-8f34a000 r--s 00000000 08:06 1258456    /var/cache/fontconfig/6eb3985aa4124903f6ff08ba781cd364-x86.cache-2
8f34a000-8f34b000 r--s 00000000 08:06 1258739    /var/cache/fontconfig/4c73fe0c47614734b17d736dbde7580a-x86.cache-2
8f34b000-8f34f000 r--s 00000000 08:06 1262608    /var/cache/fontconfig/062808c12e6e608270f93bb230aed730-x86.cache-2
8f34f000-8f352000 r--s 00000000 08:06 1257481    /var/cache/fontconfig/a755afe4a08bf5b97852ceb7400b47bc-x86.cache-2
8f352000-8f359000 r--s 00000000 08:06 1259143    /var/cache/fontconfig/6d41288fd70b0be22e8c3a91e032eec0-x86.cache-2
8f359000-8f361000 r--s 00000000 08:06 1258601    /var/cache/fontconfig/e3de0de479f42330eadf588a55fb5bf4-x86.cache-2
8f361000-8f36c000 r--s 00000000 08:06 1258443    /var/cache/fontconfig/0f34bcd4b6ee430af32735b75db7f02b-x86.cache-2
8f36c000-8f36e000 r--s 00000000 08:06 1257201    /var/cache/fontconfig/ddd4086aec35a5275babba44bb759c3c-x86.cache-2
8f36e000-8f36f000 r--s 00000000 08:06 1259106    /var/cache/fontconfig/4794a0821666d79190d59a36cb4f44b5-x86.cache-2
8f36f000-8f391000 r--s 00000000 08:06 1258361    /var/cache/fontconfig/365b55f210c0a22e9a19e35191240f32-x86.cache-2
8f391000-8f393000 r--s 00000000 08:06 1258333    /var/cache/fontconfig/2c5ba8142dffc8bf0377700342b8ca1a-x86.cache-2
8f393000-8f396000 r--s 00000000 08:06 1259092    /var/cache/fontconfig/de9486f0b47a4d768a594cb4198cb1c6-x86.cache-2
8f396000-8f39e000 r--s 00000000 08:06 1257190    /var/cache/fontconfig/d52a8644073d54c13679302ca1180695-x86.cache-2
8f39e000-8f3a4000 r--s 00000000 08:06 1258315    /var/cache/fontconfig/089dead882dea3570ffc31a9898cfb69-x86.cache-2
8f3a4000-8f3b2000 r--s 00000000 08:06 1261772    /var/cache/fontconfig/e13b20fdb08344e0e664864cc2ede53d-x86.cache-2
8f3b2000-8f3b4000 r--s 00000000 08:06 1256188    /var/cache/fontconfig/7ef2298fde41cc6eeb7af42e48b7d293-x86.cache-2
8f3b4000-8f3c2000 r--s 00000000 08:06 1257033    /var/cache/fontconfig/865f88548240fee46819705c6468c165-x86.cache-2
8f3c2000-8f3ce000 r--p 00000000 08:06 792823     /usr/share/locale-langpack/de/LC_MESSAGES/glib20.mo
8f3ce000-8f3f6000 r--p 00000000 08:06 792899     /usr/share/locale-langpack/de/LC_MESSAGES/gtk20-properties.mo
8f3f6000-8f409000 r--p 00000000 08:06 792894     /usr/share/locale-langpack/de/LC_MESSAGES/gtk20.mo
8f409000-8f40a000 r--p 00000000 08:06 525593     /usr/lib/locale/de_AT.utf8/LC_NUMERIC
8f40a000-8f40b000 r--p 00000000 08:06 525740     /usr/lib/locale/de_AT.utf8/LC_TIME
8f40b000-8f4f8000 r--p 00000000 08:06 525747     /usr/lib/locale/de_AT.utf8/LC_COLLATE
8f4f8000-8f4f9000 r--p 00000000 08:06 525755     /usr/lib/locale/de_AT.utf8/LC_MONETARY
8f4f9000-8f4fa000 r--p 00000000 08:06 527190     /usr/lib/locale/de_AT.utf8/LC_MESSAGES/SYS_LC_MESSAGES
8f4fa000-8f4fb000 r--p 00000000 08:06 527278     /usr/lib/locale/de_AT.utf8/LC_PAPER
8f4fb000-8f4fc000 r--p 00000000 08:06 527276     /usr/lib/locale/de_AT.utf8/LC_NAME
8f4fc000-8f4fd000 r--p 00000000 08:06 526182     /usr/lib/locale/de_AT.utf8/LC_ADDRESS
8f4fd000-8f4fe000 r--p 00000000 08:06 526183     /usr/lib/locale/de_AT.utf8/LC_TELEPHONE
8f4fe000-8f4ff000 r--p 00000000 08:06 527274     /usr/lib/locale/de_AT.utf8/LC_MEASUREMENT
8f4ff000-8f500000 r--p 00000000 08:06 526184     /usr/lib/locale/de_AT.utf8/LC_IDENTIFICATION
8f500000-8f5fa000 rw-p 00000000 00:00 0 
8f5fa000-8f600000 ---p 00000000 00:00 0 
8f607000-8f60a000 ---p 00000000 00:00 0 
8f60a000-8f658000 rw-p 00000000 00:00 0 
8f658000-8f65b000 ---p 00000000 00:00 0 
8f65b000-8f6a9000 rw-p 00000000 00:00 0 
8f6a9000-8f6aa000 r--s 00000000 08:06 1261771    /var/cache/fontconfig/c05880de57d1f5e948fdfacc138775d9-x86.cache-2
8f6aa000-8f6b0000 r--s 00000000 08:06 1258398    /var/cache/fontconfig/945677eb7aeaf62f1d50efc3fb3ec7d8-x86.cache-2
8f6b0000-8f6b2000 r--s 00000000 08:06 1259329    /var/cache/fontconfig/99e8ed0e538f840c565b6ed5dad60d56-x86.cache-2
8f6b2000-8f6b4000 r--s 00000000 08:06 1256734    /var/cache/fontconfig/f24b2111ab8703b4e963115a8cf14259-x86.cache-2
8f6b4000-8f6b7000 r--s 00000000 08:06 1259146    /var/cache/fontconfig/e383d7ea5fbe662a33d9b44caf393297-x86.cache-2
8f6b7000-8f6b9000 r--s 00000000 08:06 1256504    /var/cache/fontconfig/b5ea634b0fb353b8ea17632d1f9ef766-x86.cache-2
8f6b9000-8f6bc000 r--s 00000000 08:06 1258456    /var/cache/fontconfig/6eb3985aa4124903f6ff08ba781cd364-x86.cache-2
8f6bc000-8f6bd000 r--s 00000000 08:06 1258739    /var/cache/fontconfig/4c73fe0c47614734b17d736dbde7580a-x86.cache-2
8f6bd000-8f6c1000 r--s 00000000 08:06 1262608    /var/cache/fontconfig/062808c12e6e608270f93bb230aed730-x86.cache-2
8f6c1000-8f6c4000 r--s 00000000 08:06 1257481    /var/cache/fontconfig/a755afe4a08bf5b97852ceb7400b47bc-x86.cache-2
8f6c4000-8f6cb000 r--s 00000000 08:06 1259143    /var/cache/fontconfig/6d41288fd70b0be22e8c3a91e032eec0-x86.cache-2
8f6cb000-8f6d3000 r--s 00000000 08:06 1258601    /var/cache/fontconfig/e3de0de479f42330eadf588a55fb5bf4-x86.cache-2
8f6d3000-8f6de000 r--s 00000000 08:06 1258443    /var/cache/fontconfig/0f34bcd4b6ee430af32735b75db7f02b-x86.cache-2
8f6de000-8f6e0000 r--s 00000000 08:06 1257201    /var/cache/fontconfig/ddd4086aec35a5275babba44bb759c3c-x86.cache-2
8f6e0000-8f6e1000 r--s 00000000 08:06 1259106    /var/cache/fontconfig/4794a0821666d79190d59a36cb4f44b5-x86.cache-2
8f6e1000-8f703000 r--s 00000000 08:06 1258361    /var/cache/fontconfig/365b55f210c0a22e9a19e35191240f32-x86.cache-2
8f703000-8f705000 r--s 00000000 08:06 1258333    /var/cache/fontconfig/2c5ba8142dffc8bf0377700342b8ca1a-x86.cache-2
8f705000-8f708000 r--s 00000000 08:06 1259092    /var/cache/fontconfig/de9486f0b47a4d768a594cb4198cb1c6-x86.cache-2
8f708000-8f710000 r--s 00000000 08:06 1257190    /var/cache/fontconfig/d52a8644073d54c13679302ca1180695-x86.cache-2
8f710000-8f716000 r--s 00000000 08:06 1258315    /var/cache/fontconfig/089dead882dea3570ffc31a9898cfb69-x86.cache-2
8f716000-8f724000 r--s 00000000 08:06 1261772    /var/cache/fontconfig/e13b20fdb08344e0e664864cc2ede53d-x86.cache-2
8f724000-8f726000 r--s 00000000 08:06 1256188    /var/cache/fontconfig/7ef2298fde41cc6eeb7af42e48b7d293-x86.cache-2
8f726000-8f734000 r--s 00000000 08:06 1257033    /var/cache/fontconfig/865f88548240fee46819705c6468c165-x86.cache-2
8f734000-8f735000 r--s 00000000 08:06 1261771    /var/cache/fontconfig/c05880de57d1f5e948fdfacc138775d9-x86.cache-2
8f735000-8f73b000 r--s 00000000 08:06 1258398    /var/cache/fontconfig/945677eb7aeaf62f1d50efc3fb3ec7d8-x86.cache-2
8f73b000-8f73d000 r--s 00000000 08:06 1259329    /var/cache/fontconfig/99e8ed0e538f840c565b6ed5dad60d56-x86.cache-2
8f73d000-8f73f000 r--s 00000000 08:06 1256734    /var/cache/fontconfig/f24b2111ab8703b4e963115a8cf14259-x86.cache-2
8f73f000-8f742000 r--s 00000000 08:06 1259146    /var/cache/fontconfig/e383d7ea5fbe662a33d9b44caf393297-x86.cache-2
8f742000-8f744000 r--s 00000000 08:06 1256504    /var/cache/fontconfig/b5ea634b0fb353b8ea17632d1f9ef766-x86.cache-2
8f744000-8f747000 r--s 00000000 08:06 1258456    /var/cache/fontconfig/6eb3985aa4124903f6ff08ba781cd364-x86.cache-2
8f747000-8f748000 r--s 00000000 08:06 1258739    /var/cache/fontconfig/4c73fe0c47614734b17d736dbde7580a-x86.cache-2
8f748000-8f74c000 r--s 00000000 08:06 1262608    /var/cache/fontconfig/062808c12e6e608270f93bb230aed730-x86.cache-2
8f74c000-8f74f000 r--s 00000000 08:06 1257481    /var/cache/fontconfig/a755afe4a08bf5b97852ceb7400b47bc-x86.cache-2
8f74f000-8f756000 r--s 00000000 08:06 1259143    /var/cache/fontconfig/6d41288fd70b0be22e8c3a91e032eec0-x86.cache-2
8f756000-8f75e000 r--s 00000000 08:06 1258601    /var/cache/fontconfig/e3de0de479f42330eadf588a55fb5bf4-x86.cache-2
8f75e000-8f769000 r--s 00000000 08:06 1258443    /var/cache/fontconfig/0f34bcd4b6ee430af32735b75db7f02b-x86.cache-2
8f769000-8f76b000 r--s 00000000 08:06 1257201    /var/cache/fontconfig/ddd4086aec35a5275babba44bb759c3c-x86.cache-2
8f76b000-8f76c000 r--s 00000000 08:06 1259106    /var/cache/fontconfig/4794a0821666d79190d59a36cb4f44b5-x86.cache-2
8f76c000-8f78e000 r--s 00000000 08:06 1258361    /var/cache/fontconfig/365b55f210c0a22e9a19e35191240f32-x86.cache-2
8f78e000-8f790000 r--s 00000000 08:06 1258333    /var/cache/fontconfig/2c5ba8142dffc8bf0377700342b8ca1a-x86.cache-2
8f790000-8f793000 r--s 00000000 08:06 1259092    /var/cache/fontconfig/de9486f0b47a4d768a594cb4198cb1c6-x86.cache-2
8f793000-8f79b000 r--s 00000000 08:06 1257190    /var/cache/fontconfig/d52a8644073d54c13679302ca1180695-x86.cache-2
8f79b000-8f7a1000 r--s 00000000 08:06 1258315    /var/cache/fontconfig/089dead882dea3570ffc31a9898cfb69-x86.cache-2
8f7a1000-8f7af000 r--s 00000000 08:06 1257033    /var/cache/fontconfig/865f88548240fee46819705c6468c165-x86.cache-2
8f7af000-8f7b2000 ---p 00000000 00:00 0 
8f7b2000-8f800000 rw-p 00000000 00:00 0 
8f800000-8f900000 rw-p 00000000 00:00 0 
8f901000-8f90f000 r--s 00000000 08:06 1261772    /var/cache/fontconfig/e13b20fdb08344e0e664864cc2ede53d-x86.cache-2
8f90f000-8f916000 r--s 000fe000 08:06 583896     /usr/lib/jvm/java-6-openjdk/jre/lib/resources.jar
8f916000-8f917000 r--s 00011000 08:07 482825     /home/dominik/.m2/repository/net/sourceforge/jeuclid/ams-fonts/1.0/ams-fonts-1.0.jar
8f917000-8f918000 r--s 00028000 08:07 482818     /home/dominik/.m2/repository/net/sourceforge/jeuclid/stix-fonts/1.0-beta-2/stix-fonts-1.0-beta-2.jar
8f918000-8f919000 r--s 0026b000 08:07 482808     /home/dominik/.m2/repository/net/sourceforge/jeuclid/dejavu-fonts/2.29/dejavu-fonts-2.29.jar
8f919000-8f91e000 r--s 00027000 08:07 482805     /home/dominik/.m2/repository/org/freehep/freehep-graphicsio-swf/2.1.1/freehep-graphicsio-swf-2.1.1.jar
8f91e000-8f920000 r--s 0000a000 08:07 482802     /home/dominik/.m2/repository/org/freehep/freehep-graphicsio-ps/2.1.1/freehep-graphicsio-ps-2.1.1.jar
8f920000-8f923000 r--s 00010000 08:07 482799     /home/dominik/.m2/repository/org/freehep/freehep-graphicsio-pdf/2.1.1/freehep-graphicsio-pdf-2.1.1.jar
8f923000-8f925000 r--s 00005000 08:07 482796     /home/dominik/.m2/repository/org/freehep/freehep-graphicsio-gif/1.2.3/freehep-graphicsio-gif-1.2.3.jar
8f925000-8f928000 r--s 00023000 08:07 466245     /home/dominik/.m2/repository/jdom/jdom/1.0/jdom-1.0.jar
8f928000-8f92a000 r--s 0000e000 08:07 482792     /home/dominik/.m2/repository/org/freehep/freehep-io/2.0.2/freehep-io-2.0.2.jar
8f92a000-8f930000 r--s 0002f000 08:07 482785     /home/dominik/.m2/repository/org/freehep/freehep-swing/2.0.3/freehep-swing-2.0.3.jar
8f930000-8f931000 r--s 00004000 08:07 482779     /home/dominik/.m2/repository/org/freehep/freehep-export/2.1.1/freehep-export-2.1.1.jar
8f931000-8f933000 r--s 0001d000 08:07 482771     /home/dominik/.m2/repository/org/freehep/freehep-graphics2d/2.1.1/freehep-graphics2d-2.1.1.jar
8f933000-8f937000 r--s 0002a000 08:07 482763     /home/dominik/.m2/repository/org/freehep/freehep-graphicsio/2.1.1/freehep-graphicsio-2.1.1.jar
8f937000-8f939000 r--s 0000e000 08:07 482751     /home/dominik/.m2/repository/org/netbeans/openide-lookup/1.9-patched-1.0/openide-lookup-1.9-patched-1.0.jar
8f939000-8f93b000 r--s 0000a000 08:07 482746     /home/dominik/.m2/repository/org/freehep/freehep-util/2.0.2/freehep-util-2.0.2.jar
8f93b000-8f93f000 r--s 00026000 08:07 482738     /home/dominik/.m2/repository/org/freehep/freehep-graphicsio-emf/2.1.1/freehep-graphicsio-emf-2.1.1.jar
8f93f000-8f944000 r--s 00030000 08:07 482733     /home/dominik/.m2/repository/org/apache/xmlgraphics/batik-svggen/1.7/batik-svggen-1.7.jar
8f944000-8f946000 r--s 00000000 08:07 482728     /home/dominik/.m2/repository/com/apple/AppleJavaExtensions/1.2/AppleJavaExtensions-1.2.jar
8f946000-8f949000 r--s 00012000 08:07 482723     /home/dominik/.m2/repository/commons-io/commons-io/1.3.1/commons-io-1.3.1.jar
8f949000-8f953000 r--s 00075000 08:07 482715     /home/dominik/.m2/repository/org/apache/xmlgraphics/xmlgraphics-commons/1.3.1/xmlgraphics-commons-1.3.1.jar
8f953000-8f955000 r--s 00010000 08:07 482710     /home/dominik/.m2/repository/org/apache/xmlgraphics/batik-parser/1.7/batik-parser-1.7.jar
8f955000-8f956000 r--s 00007000 08:07 482703     /home/dominik/.m2/repository/org/apache/xmlgraphics/batik-xml/1.7/batik-xml-1.7.jar
8f956000-8f95b000 r--s 00010000 08:07 482695     /home/dominik/.m2/repository/xml-apis/xml-apis-ext/1.3.04/xml-apis-ext-1.3.04.jar
8f95b000-8f963000 r--s 00028000 08:07 482690     /home/dominik/.m2/repository/xml-apis/xml-apis/1.3.04/xml-apis-1.3.04.jar
8f963000-8f964000 r--s 00002000 08:07 482684     /home/dominik/.m2/repository/org/apache/xmlgraphics/batik-ext/1.7/batik-ext-1.7.jar
8f964000-8f96b000 r--s 00045000 08:07 482680     /home/dominik/.m2/repository/org/apache/xmlgraphics/batik-css/1.7/batik-css-1.7.jar
8f96b000-8f96f000 r--s 00027000 08:07 482678     /home/dominik/.m2/repository/org/apache/xmlgraphics/batik-dom/1.7/batik-dom-1.7.jar
8f96f000-8f972000 r--s 0001d000 08:07 482673     /home/dominik/.m2/repository/org/apache/xmlgraphics/batik-util/1.7/batik-util-1.7.jar
8f972000-8f97a000 r--s 0005b000 08:07 482668     /home/dominik/.m2/repository/org/apache/xmlgraphics/batik-awt-util/1.7/batik-awt-util-1.7.jar
8f97a000-8f97d000 r--s 00015000 08:07 482664     /home/dominik/.m2/repository/org/apache/xmlgraphics/batik-anim/1.7/batik-anim-1.7.jar
8f97d000-8f98a000 r--s 00086000 08:07 482658     /home/dominik/.m2/repository/org/apache/xmlgraphics/batik-svg-dom/1.7/batik-svg-dom-1.7.jar
8f98a000-8f98e000 r--s 00079000 08:06 583892     /usr/lib/jvm/java-6-openjdk/jre/lib/jsse.jar
8f98e000-8f998000 r--s 00076000 08:07 867545     /home/dominik/.m2/repository/net/sourceforge/jeuclid/jeuclid-core/3.1.9-SNAPSHOT/jeuclid-core-3.1.9-SNAPSHOT.jar
8f998000-8f999000 ---p 00000000 00:00 0 
8f999000-8fa19000 rw-p 00000000 00:00 0 
8fa19000-8fa1c000 ---p 00000000 00:00 0 
8fa1c000-8fa6a000 rw-p 00000000 00:00 0 
8fa6a000-8fa6d000 ---p 00000000 00:00 0 
8fa6d000-8faeb000 rw-p 00000000 00:00 0 
8faeb000-8faee000 ---p 00000000 00:00 0 
8faee000-8fb6c000 rw-p 00000000 00:00 0 
8fb6c000-8fb6f000 ---p 00000000 00:00 0 
8fb6f000-8fbbd000 rw-p 00000000 00:00 0 
8fbbd000-8fbc4000 r--s 00000000 08:06 517190     /usr/lib/gconv/gconv-modules.cache
8fbc4000-8fc03000 r--p 00000000 08:06 525756     /usr/lib/locale/de_AT.utf8/LC_CTYPE
8fc03000-8fc06000 ---p 00000000 00:00 0 
8fc06000-8fc54000 rw-p 00000000 00:00 0 
8fc54000-8fc57000 ---p 00000000 00:00 0 
8fc57000-8fca5000 rw-p 00000000 00:00 0 
8fca5000-8fca6000 ---p 00000000 00:00 0 
8fca6000-8fd59000 rw-p 00000000 00:00 0 
8fd59000-8feee000 r--s 038e8000 08:06 582829     /usr/lib/jvm/java-6-openjdk/jre/lib/rt.jar
8feee000-8feef000 ---p 00000000 00:00 0 
8feef000-8ff6f000 rw-p 00000000 00:00 0 
8ff6f000-8ff70000 ---p 00000000 00:00 0 
8ff70000-8fff0000 rw-p 00000000 00:00 0 
8fff0000-90ff0000 rwxp 00000000 00:00 0 
90ff0000-97ff0000 rwxp 00000000 00:00 0 
97ff0000-99bf0000 rwxp 00000000 00:00 0 
99bf0000-b3ff0000 rwxp 00000000 00:00 0 
b3ff0000-b43f0000 rwxp 00000000 00:00 0 
b43f0000-b77f0000 rwxp 00000000 00:00 0 
b77f1000-b77f3000 r--s 00000000 08:06 1256188    /var/cache/fontconfig/7ef2298fde41cc6eeb7af42e48b7d293-x86.cache-2
b77f3000-b77f5000 r--s 0000d000 08:07 482636     /home/dominik/.m2/repository/commons-logging/commons-logging/1.1.1/commons-logging-1.1.1.jar
b77f5000-b77f8000 ---p 00000000 00:00 0 
b77f8000-b7849000 rw-p 00000000 00:00 0 
b7849000-b7852000 r--s 00065000 08:06 591193     /usr/share/java/gnome-java-bridge.jar
b7852000-b7855000 r--s 0000f000 08:06 609200     /usr/lib/jvm/java-6-openjdk/jre/lib/ext/pulse-java.jar
b7855000-b785d000 rw-s 00000000 08:06 98919      /tmp/hsperfdata_dominik/14853
b785d000-b785e000 rw-p 00000000 00:00 0 
b785e000-b785f000 r--p 00000000 00:00 0 
b785f000-b7861000 rw-p 00000000 00:00 0 
bf872000-bf888000 rw-p 00000000 00:00 0          [stack]

VM Arguments:
java_command: net.sourceforge.jeuclid.app.mathviewer.MathViewer
Launcher Type: SUN_STANDARD

Environment Variables:
JAVA_HOME=/usr/lib/jvm/java-6-openjdk
PATH=/usr/local/sbin:/usr/local/bin:/usr/sbin:/usr/bin:/sbin:/bin:/usr/games:/opt/intellij/idea-IC-90.96/bin
USERNAME=dominik
LD_LIBRARY_PATH=/usr/lib/jvm/java-6-openjdk/jre/lib/i386/server:/usr/lib/jvm/java-6-openjdk/jre/lib/i386:/usr/lib/jvm/java-6-openjdk/jre/../lib/i386:/usr/lib/jvm/java-6-openjdk/jre/lib/i386/client:/usr/lib/jvm/java-6-openjdk/jre/lib/i386:/usr/lib/jvm/java-6-openjdk/jre/../lib/i386
SHELL=/bin/bash
DISPLAY=:0.0

Signal Handlers:
SIGSEGV: [libjvm.so+0x5b6c60], sa_mask[0]=0x7ffbfeff, sa_flags=0x10000004
SIGBUS: [libjvm.so+0x5b6c60], sa_mask[0]=0x7ffbfeff, sa_flags=0x10000004
SIGFPE: [libjvm.so+0x4a0440], sa_mask[0]=0x7ffbfeff, sa_flags=0x10000004
SIGPIPE: SIG_IGN, sa_mask[0]=0x00001000, sa_flags=0x10000000
SIGXFSZ: [libjvm.so+0x4a0440], sa_mask[0]=0x7ffbfeff, sa_flags=0x10000004
SIGILL: [libjvm.so+0x4a0440], sa_mask[0]=0x7ffbfeff, sa_flags=0x10000004
SIGUSR1: SIG_DFL, sa_mask[0]=0x00000000, sa_flags=0x00000000
SIGUSR2: [libjvm.so+0x49fb20], sa_mask[0]=0x00000004, sa_flags=0x10000004
SIGHUP: [libjvm.so+0x4a21d0], sa_mask[0]=0x7ffbfeff, sa_flags=0x10000004
SIGINT: SIG_IGN, sa_mask[0]=0x00000000, sa_flags=0x00000000
SIGTERM: [libjvm.so+0x4a21d0], sa_mask[0]=0x7ffbfeff, sa_flags=0x10000004
SIGQUIT: [libjvm.so+0x4a21d0], sa_mask[0]=0x7ffbfeff, sa_flags=0x10000004


---------------  S Y S T E M  ---------------

OS:Ubuntu 9.10 (karmic)
uname:Linux 2.6.31-16-generic #53-Ubuntu SMP Tue Dec 8 04:01:29 UTC 2009 i686
libc:glibc 2.10.1 NPTL 2.10.1 
rlimit: STACK 8192k, CORE 0k, NPROC infinity, NOFILE 1024, AS infinity
load average:2,57 1,22 0,73

CPU:total 2 (2 cores per cpu, 1 threads per core) family 6 model 15 stepping 10, cmov, cx8, fxsr, mmx, sse, sse2, sse3, ssse3

Memory: 4k page, physical 2060616k(164996k free), swap 2104472k(2083156k free)

vm_info: OpenJDK Server VM (14.0-b16) for linux-x86 JRE (1.6.0_0-b16), built on Nov 10 2009 01:55:38 by "buildd" with gcc 4.4.1

time: Mon Dec 21 10:00:33 2009
elapsed time: 1 seconds

