#
# A fatal error has been detected by the Java Runtime Environment:
#
#  SIGSEGV (0xb) at pc=0x00d5c021, pid=27866, tid=2398595952
#
# JRE version: 6.0-b16
# Java VM: OpenJDK Server VM (14.0-b16 mixed mode linux-x86 )
# Distribution: Ubuntu 9.10, package 6b16-1.6.1-3ubuntu1
# Problematic frame:
# C  [libc.so.6+0x75021]  memcpy+0x61
#
# If you would like to submit a bug report, please include
# instructions how to reproduce the bug and visit:
#   https://bugs.launchpad.net/ubuntu/+source/openjdk-6/
# The crash happened outside the Java Virtual Machine in native code.
# See problematic frame for where to report the bug.
#

---------------  T H R E A D  ---------------

Current thread (0x8ee07c00):  JavaThread "AWT-EventQueue-0" [_thread_in_native, id=27886, stack(0x8ef2a000,0x8ef7b000)]

siginfo:si_signo=SIGSEGV: si_errno=0, si_code=2 (SEGV_ACCERR), si_addr=0x8f888000

Registers:
EAX=0x085cad58, EBX=0x009a8ff4, ECX=0x000009e8, EDX=0x8f8810d5
ESP=0x8ef77c1c, EBP=0x8ef77c78, ESI=0x8f888000, EDI=0x085ea17d
EIP=0x00d5c021, CR2=0x8f888000, EFLAGS=0x00010202

Top of Stack: (sp=0x8ef77c1c)
0x8ef77c1c:   009a5406 085e3280 8f881103 0000969d
0x8ef77c2c:   01496ff4 0000004c 084e88e8 8ef77c58
0x8ef77c3c:   0119e450 084e9e80 00000032 8ef77cb8
0x8ef77c4c:   0119e42c 853b25cb 085cad58 0000853b
0x8ef77c5c:   0000969d 084e9e80 8ee07c00 009a526d
0x8ef77c6c:   009a8ff4 084ea278 084e88e8 8ef77cb8
0x8ef77c7c:   009a5638 00000000 8ef77d0a 8ee07c00
0x8ef77c8c:   00000000 00000000 084f2b58 06ba822c 

Instructions: (pc=0x00d5c021)
0x00d5c011:   8b 44 24 04 c3 d1 e9 73 01 a4 d1 e9 73 02 66 a5
0x00d5c021:   f3 a5 eb e8 90 90 90 90 90 90 90 90 90 90 90 55 

Stack: [0x8ef2a000,0x8ef7b000],  sp=0x8ef77c1c,  free space=311k
Native frames: (J=compiled Java code, j=interpreted, Vv=VM code, C=native code)
C  [libc.so.6+0x75021]  memcpy+0x61
C  [libzip.so+0x4638]  ZIP_GetEntry+0xc8
C  [libzip.so+0x36df]  Java_java_util_zip_ZipFile_getEntry+0xff
j  java.util.zip.ZipFile.getEntry(JLjava/lang/String;Z)J+0
j  java.util.zip.ZipFile.getEntry(Ljava/lang/String;)Ljava/util/zip/ZipEntry;+31
j  java.util.jar.JarFile.getEntry(Ljava/lang/String;)Ljava/util/zip/ZipEntry;+2
j  java.util.jar.JarFile.getJarEntry(Ljava/lang/String;)Ljava/util/jar/JarEntry;+2
j  sun.misc.URLClassPath$JarLoader.getResource(Ljava/lang/String;Z)Lsun/misc/Resource;+48
j  sun.misc.URLClassPath.getResource(Ljava/lang/String;Z)Lsun/misc/Resource;+53
j  java.net.URLClassLoader$1.run()Ljava/lang/Object;+26
v  ~StubRoutines::call_stub
V  [libjvm.so+0x331695]
V  [libjvm.so+0x49d7a9]
V  [libjvm.so+0x33058f]
V  [libjvm.so+0x3841bb]
C  [libjava.so+0xb33a]  Java_java_security_AccessController_doPrivileged__Ljava_security_PrivilegedExceptionAction_2Ljava_security_AccessControlContext_2+0x3a
j  java.security.AccessController.doPrivileged(Ljava/security/PrivilegedExceptionAction;Ljava/security/AccessControlContext;)Ljava/lang/Object;+0
j  java.net.URLClassLoader.findClass(Ljava/lang/String;)Ljava/lang/Class;+13
j  java.lang.ClassLoader.loadClass(Ljava/lang/String;Z)Ljava/lang/Class;+43
j  sun.misc.Launcher$AppClassLoader.loadClass(Ljava/lang/String;Z)Ljava/lang/Class;+36
j  java.lang.ClassLoader.loadClass(Ljava/lang/String;)Ljava/lang/Class;+3
j  java.lang.ClassLoader.loadClassInternal(Ljava/lang/String;)Ljava/lang/Class;+2
v  ~StubRoutines::call_stub
V  [libjvm.so+0x331695]
V  [libjvm.so+0x49d7a9]
V  [libjvm.so+0x33058f]
V  [libjvm.so+0x330802]
V  [libjvm.so+0x330917]
V  [libjvm.so+0x5561aa]
V  [libjvm.so+0x5570c4]
V  [libjvm.so+0x557484]
V  [libjvm.so+0x557520]
V  [libjvm.so+0x3724fc]
V  [libjvm.so+0x38af89]
C  [libverify.so+0x2962]
C  [libverify.so+0x3537]
C  [libverify.so+0x520e]
C  [libverify.so+0x5efc]
C  [libverify.so+0x86a5]
C  [libverify.so+0x94fa]  VerifyClassForMajorVersion+0x6fa
C  [libjava.so+0x11539]  VerifyClassCodesForMajorVersion+0x39
V  [libjvm.so+0x5a4313]
V  [libjvm.so+0x5abaa9]
V  [libjvm.so+0x307f0c]
V  [libjvm.so+0x30fb42]
V  [libjvm.so+0x30fed7]
V  [libjvm.so+0x30ff35]
V  [libjvm.so+0x310686]
V  [libjvm.so+0x32a355]
j  net.sourceforge.jeuclid.app.mathviewer.MathViewer$1.run()V+0
j  java.awt.event.InvocationEvent.dispatch()V+47
j  java.awt.EventQueue.dispatchEvent(Ljava/awt/AWTEvent;)V+26
j  java.awt.EventDispatchThread.pumpOneEventForFilters(I)Z+192
j  java.awt.EventDispatchThread.pumpEventsForFilter(ILjava/awt/Conditional;Ljava/awt/EventFilter;)V+30
j  java.awt.EventDispatchThread.pumpEventsForHierarchy(ILjava/awt/Conditional;Ljava/awt/Component;)V+11
j  java.awt.EventDispatchThread.pumpEvents(ILjava/awt/Conditional;)V+4
j  java.awt.EventDispatchThread.pumpEvents(Ljava/awt/Conditional;)V+3
j  java.awt.EventDispatchThread.run()V+9
v  ~StubRoutines::call_stub
V  [libjvm.so+0x331695]
V  [libjvm.so+0x49d7a9]
V  [libjvm.so+0x33058f]
V  [libjvm.so+0x330a6a]
V  [libjvm.so+0x330bfa]
V  [libjvm.so+0x3814d2]
V  [libjvm.so+0x57f51c]
V  [libjvm.so+0x57f5da]
V  [libjvm.so+0x4a3af1]
C  [libpthread.so.0+0x580e]

Java frames: (J=compiled Java code, j=interpreted, Vv=VM code)
j  java.util.zip.ZipFile.getEntry(JLjava/lang/String;Z)J+0
j  java.util.zip.ZipFile.getEntry(Ljava/lang/String;)Ljava/util/zip/ZipEntry;+31
j  java.util.jar.JarFile.getEntry(Ljava/lang/String;)Ljava/util/zip/ZipEntry;+2
j  java.util.jar.JarFile.getJarEntry(Ljava/lang/String;)Ljava/util/jar/JarEntry;+2
j  sun.misc.URLClassPath$JarLoader.getResource(Ljava/lang/String;Z)Lsun/misc/Resource;+48
j  sun.misc.URLClassPath.getResource(Ljava/lang/String;Z)Lsun/misc/Resource;+53
j  java.net.URLClassLoader$1.run()Ljava/lang/Object;+26
v  ~StubRoutines::call_stub
j  java.security.AccessController.doPrivileged(Ljava/security/PrivilegedExceptionAction;Ljava/security/AccessControlContext;)Ljava/lang/Object;+0
j  java.net.URLClassLoader.findClass(Ljava/lang/String;)Ljava/lang/Class;+13
j  java.lang.ClassLoader.loadClass(Ljava/lang/String;Z)Ljava/lang/Class;+43
j  sun.misc.Launcher$AppClassLoader.loadClass(Ljava/lang/String;Z)Ljava/lang/Class;+36
j  java.lang.ClassLoader.loadClass(Ljava/lang/String;)Ljava/lang/Class;+3
j  java.lang.ClassLoader.loadClassInternal(Ljava/lang/String;)Ljava/lang/Class;+2
v  ~StubRoutines::call_stub
j  net.sourceforge.jeuclid.app.mathviewer.MathViewer$1.run()V+0
j  java.awt.event.InvocationEvent.dispatch()V+47
j  java.awt.EventQueue.dispatchEvent(Ljava/awt/AWTEvent;)V+26
j  java.awt.EventDispatchThread.pumpOneEventForFilters(I)Z+192
j  java.awt.EventDispatchThread.pumpEventsForFilter(ILjava/awt/Conditional;Ljava/awt/EventFilter;)V+30
j  java.awt.EventDispatchThread.pumpEventsForHierarchy(ILjava/awt/Conditional;Ljava/awt/Component;)V+11
j  java.awt.EventDispatchThread.pumpEvents(ILjava/awt/Conditional;)V+4
j  java.awt.EventDispatchThread.pumpEvents(Ljava/awt/Conditional;)V+3
j  java.awt.EventDispatchThread.run()V+9
v  ~StubRoutines::call_stub

---------------  P R O C E S S  ---------------

Java Threads: ( => current thread )
  0x8ee08800 JavaThread "DestroyJavaVM" [_thread_blocked, id=27868, stack(0xb76e2000,0xb7733000)]
=>0x8ee07c00 JavaThread "AWT-EventQueue-0" [_thread_in_native, id=27886, stack(0x8ef2a000,0x8ef7b000)]
  0x8ee07400 JavaThread "AWT-Shutdown" [_thread_blocked, id=27885, stack(0x8f2af000,0x8f300000)]
  0x8f3cd800 JavaThread "AWT-XAWT" daemon [_thread_in_native, id=27880, stack(0x8f442000,0x8f493000)]
  0x8f562000 JavaThread "Java2D Disposer" daemon [_thread_blocked, id=27879, stack(0x8f653000,0x8f6a4000)]
  0x084dd000 JavaThread "Low Memory Detector" daemon [_thread_blocked, id=27877, stack(0x8f909000,0x8f95a000)]
  0x084db000 JavaThread "CompilerThread1" daemon [_thread_blocked, id=27876, stack(0x8f95a000,0x8f9db000)]
  0x084d8400 JavaThread "CompilerThread0" daemon [_thread_blocked, id=27875, stack(0x8f9db000,0x8fa5c000)]
  0x084d6c00 JavaThread "Signal Dispatcher" daemon [_thread_blocked, id=27874, stack(0x8fa5c000,0x8faad000)]
  0x084c2400 JavaThread "Finalizer" daemon [_thread_blocked, id=27873, stack(0x8faf3000,0x8fb44000)]
  0x084c0c00 JavaThread "Reference Handler" daemon [_thread_blocked, id=27872, stack(0x8fb44000,0x8fb95000)]

Other Threads:
  0x084bdc00 VMThread [stack: 0x8fb95000,0x8fc16000] [id=27871]
  0x084df000 WatcherThread [stack: 0x8f888000,0x8f909000] [id=27878]

VM state:not at safepoint (normal execution)

VM Mutex/Monitor currently owned by a thread: None

Heap
 PSYoungGen      total 3584K, used 2585K [0xb3ee0000, 0xb45e0000, 0xb76e0000)
  eden space 3072K, 67% used [0xb3ee0000,0xb40e9628,0xb41e0000)
  from space 512K, 97% used [0xb41e0000,0xb425cdf8,0xb4260000)
  to   space 512K, 0% used [0xb4560000,0xb4560000,0xb45e0000)
 PSOldGen        total 28672K, used 283K [0x97ee0000, 0x99ae0000, 0xb3ee0000)
  object space 28672K, 0% used [0x97ee0000,0x97f26c30,0x99ae0000)
 PSPermGen       total 16384K, used 6582K [0x8fee0000, 0x90ee0000, 0x97ee0000)
  object space 16384K, 40% used [0x8fee0000,0x9054daa8,0x90ee0000)

Dynamic libraries:
00110000-00134000 r-xp 00000000 08:06 609214     /usr/lib/jvm/java-6-openjdk/jre/lib/i386/libjava.so
00134000-00135000 r--p 00023000 08:06 609214     /usr/lib/jvm/java-6-openjdk/jre/lib/i386/libjava.so
00135000-00137000 rw-p 00024000 08:06 609214     /usr/lib/jvm/java-6-openjdk/jre/lib/i386/libjava.so
00137000-0013e000 r-xp 00000000 08:06 845426     /usr/lib/jvm/java-6-openjdk/jre/lib/i386/native_threads/libhpi.so
0013e000-0013f000 r--p 00006000 08:06 845426     /usr/lib/jvm/java-6-openjdk/jre/lib/i386/native_threads/libhpi.so
0013f000-00140000 rw-p 00007000 08:06 845426     /usr/lib/jvm/java-6-openjdk/jre/lib/i386/native_threads/libhpi.so
00140000-00148000 rwxp 00000000 00:00 0 
00148000-00180000 rwxp 00000000 00:00 0 
00180000-0018e000 rwxp 00000000 00:00 0 
0018e000-00260000 rwxp 00000000 00:00 0 
00260000-00264000 rwxp 00000000 00:00 0 
00264000-0027c000 rwxp 00000000 00:00 0 
0027c000-0028b000 rwxp 00000000 00:00 0 
0028b000-0035d000 rwxp 00000000 00:00 0 
0035d000-00365000 rwxp 00000000 00:00 0 
00365000-0039d000 rwxp 00000000 00:00 0 
0039d000-003a5000 r-xp 00000000 08:06 504338     /usr/lib/libXrender.so.1.3.0
003a5000-003a6000 r--p 00007000 08:06 504338     /usr/lib/libXrender.so.1.3.0
003a6000-003a7000 rw-p 00008000 08:06 504338     /usr/lib/libXrender.so.1.3.0
003a7000-003b0000 r-xp 00000000 08:06 502134     /usr/lib/libXi.so.6.0.0
003b0000-003b1000 r--p 00008000 08:06 502134     /usr/lib/libXi.so.6.0.0
003b1000-003b2000 rw-p 00009000 08:06 502134     /usr/lib/libXi.so.6.0.0
003b2000-003b3000 r--p 00000000 00:00 0 
003b4000-003bb000 r-xp 00000000 08:06 690400     /lib/tls/i686/cmov/librt-2.10.1.so
003bb000-003bc000 r--p 00006000 08:06 690400     /lib/tls/i686/cmov/librt-2.10.1.so
003bc000-003bd000 rw-p 00007000 08:06 690400     /lib/tls/i686/cmov/librt-2.10.1.so
003bd000-00441000 r-xp 00000000 08:06 609205     /usr/lib/jvm/java-6-openjdk/jre/lib/i386/libawt.so
00441000-00442000 r--p 00084000 08:06 609205     /usr/lib/jvm/java-6-openjdk/jre/lib/i386/libawt.so
00442000-00448000 rw-p 00085000 08:06 609205     /usr/lib/jvm/java-6-openjdk/jre/lib/i386/libawt.so
00448000-0046d000 rw-p 00000000 00:00 0 
0046d000-004b2000 r-xp 00000000 08:06 862089     /usr/lib/jvm/java-6-openjdk/jre/lib/i386/xawt/libmawt.so
004b2000-004b3000 r--p 00045000 08:06 862089     /usr/lib/jvm/java-6-openjdk/jre/lib/i386/xawt/libmawt.so
004b3000-004b5000 rw-p 00046000 08:06 862089     /usr/lib/jvm/java-6-openjdk/jre/lib/i386/xawt/libmawt.so
004b5000-004b6000 rw-p 00000000 00:00 0 
004b6000-004b8000 r-xp 00000000 08:06 501176     /usr/lib/libXau.so.6.0.0
004b8000-004b9000 r--p 00001000 08:06 501176     /usr/lib/libXau.so.6.0.0
004b9000-004ba000 rw-p 00002000 08:06 501176     /usr/lib/libXau.so.6.0.0
004ba000-004d6000 r-xp 00000000 08:06 501597     /usr/lib/libxcb.so.1.1.0
004d6000-004d7000 r--p 0001c000 08:06 501597     /usr/lib/libxcb.so.1.1.0
004d7000-004d8000 rw-p 0001d000 08:06 501597     /usr/lib/libxcb.so.1.1.0
004d8000-004dc000 r-xp 00000000 08:06 503350     /usr/lib/libXdmcp.so.6.0.0
004dc000-004dd000 rw-p 00003000 08:06 503350     /usr/lib/libXdmcp.so.6.0.0
004dd000-00521000 r-xp 00000000 08:06 609207     /usr/lib/jvm/java-6-openjdk/jre/lib/i386/libfontmanager.so
00521000-00523000 r--p 00043000 08:06 609207     /usr/lib/jvm/java-6-openjdk/jre/lib/i386/libfontmanager.so
00523000-00524000 rw-p 00045000 08:06 609207     /usr/lib/jvm/java-6-openjdk/jre/lib/i386/libfontmanager.so
00524000-00529000 rw-p 00000000 00:00 0 
00529000-005a3000 r-xp 00000000 08:06 504788     /usr/lib/libfreetype.so.6.3.20
005a3000-005a7000 r--p 00079000 08:06 504788     /usr/lib/libfreetype.so.6.3.20
005a7000-005a8000 rw-p 0007d000 08:06 504788     /usr/lib/libfreetype.so.6.3.20
005a8000-005ac000 r-xp 00000000 08:06 501137     /usr/lib/libXfixes.so.3.1.0
005ac000-005ad000 r--p 00003000 08:06 501137     /usr/lib/libXfixes.so.3.1.0
005ad000-005ae000 rw-p 00004000 08:06 501137     /usr/lib/libXfixes.so.3.1.0
005ae000-005b0000 r-xp 00000000 08:06 501266     /usr/lib/libXcomposite.so.1.0.0
005b0000-005b1000 r--p 00001000 08:06 501266     /usr/lib/libXcomposite.so.1.0.0
005b1000-005b2000 rw-p 00002000 08:06 501266     /usr/lib/libXcomposite.so.1.0.0
005b4000-005bd000 r-xp 00000000 08:06 690330     /lib/tls/i686/cmov/libnss_nis-2.10.1.so
005bd000-005be000 r--p 00008000 08:06 690330     /lib/tls/i686/cmov/libnss_nis-2.10.1.so
005be000-005bf000 rw-p 00009000 08:06 690330     /lib/tls/i686/cmov/libnss_nis-2.10.1.so
005bf000-005db000 r-xp 00000000 08:06 673061     /lib/libgcc_s.so.1
005db000-005dc000 r--p 0001b000 08:06 673061     /lib/libgcc_s.so.1
005dc000-005dd000 rw-p 0001c000 08:06 673061     /lib/libgcc_s.so.1
005dd000-005df000 r-xp 00000000 08:06 503348     /usr/lib/libXdamage.so.1.1.0
005df000-005e0000 rw-p 00001000 08:06 503348     /usr/lib/libXdamage.so.1.1.0
005e0000-00607000 r-xp 00000000 08:06 504344     /usr/lib/libpangoft2-1.0.so.0.2600.0
00607000-00608000 r--p 00027000 08:06 504344     /usr/lib/libpangoft2-1.0.so.0.2600.0
00608000-00609000 rw-p 00028000 08:06 504344     /usr/lib/libpangoft2-1.0.so.0.2600.0
00609000-00634000 r-xp 00000000 08:06 503609     /usr/lib/libfontconfig.so.1.3.0
00634000-00635000 r--p 0002a000 08:06 503609     /usr/lib/libfontconfig.so.1.3.0
00635000-00636000 rw-p 0002b000 08:06 503609     /usr/lib/libfontconfig.so.1.3.0
00636000-00639000 r-xp 00000000 08:06 502989     /usr/lib/libgmodule-2.0.so.0.2200.2
00639000-0063a000 r--p 00002000 08:06 502989     /usr/lib/libgmodule-2.0.so.0.2200.2
0063a000-0063b000 rw-p 00003000 08:06 502989     /usr/lib/libgmodule-2.0.so.0.2200.2
0063b000-0063d000 r-xp 00000000 08:06 503364     /usr/lib/libXinerama.so.1.0.0
0063d000-0063e000 rw-p 00001000 08:06 503364     /usr/lib/libXinerama.so.1.0.0
0063e000-00645000 r-xp 00000000 08:06 504198     /usr/lib/libXrandr.so.2.2.0
00645000-00646000 r--p 00006000 08:06 504198     /usr/lib/libXrandr.so.2.2.0
00646000-00647000 rw-p 00007000 08:06 504198     /usr/lib/libXrandr.so.2.2.0
00647000-0064f000 r-xp 00000000 08:06 504782     /usr/lib/libfusion-1.2.so.0.7.0
0064f000-00650000 r--p 00007000 08:06 504782     /usr/lib/libfusion-1.2.so.0.7.0
00650000-00651000 rw-p 00008000 08:06 504782     /usr/lib/libfusion-1.2.so.0.7.0
00651000-00654000 r-xp 00000000 08:06 503424     /usr/lib/libxcb-render-util.so.0.0.0
00654000-00655000 r--p 00002000 08:06 503424     /usr/lib/libxcb-render-util.so.0.0.0
00655000-00656000 rw-p 00003000 08:06 503424     /usr/lib/libxcb-render-util.so.0.0.0
00656000-0065a000 r-xp 00000000 08:06 526158     /usr/lib/gtk-2.0/modules/libcanberra-gtk-module.so
0065a000-0065b000 r--p 00003000 08:06 526158     /usr/lib/gtk-2.0/modules/libcanberra-gtk-module.so
0065b000-0065c000 rw-p 00004000 08:06 526158     /usr/lib/gtk-2.0/modules/libcanberra-gtk-module.so
0065e000-0065f000 r-xp 00000000 00:00 0          [vdso]
0065f000-0069b000 r-xp 00000000 08:06 502987     /usr/lib/libgobject-2.0.so.0.2200.2
0069b000-0069c000 r--p 0003b000 08:06 502987     /usr/lib/libgobject-2.0.so.0.2200.2
0069c000-0069d000 rw-p 0003c000 08:06 502987     /usr/lib/libgobject-2.0.so.0.2200.2
0069d000-006b3000 r-xp 00000000 08:06 501528     /usr/lib/libdirect-1.2.so.0.7.0
006b3000-006b4000 r--p 00015000 08:06 501528     /usr/lib/libdirect-1.2.so.0.7.0
006b4000-006b5000 rw-p 00016000 08:06 501528     /usr/lib/libdirect-1.2.so.0.7.0
006b5000-006b7000 r-xp 00000000 08:06 566385     /usr/lib/pango/1.6.0/modules/pango-basic-fc.so
006b7000-006b8000 r--p 00001000 08:06 566385     /usr/lib/pango/1.6.0/modules/pango-basic-fc.so
006b8000-006b9000 rw-p 00002000 08:06 566385     /usr/lib/pango/1.6.0/modules/pango-basic-fc.so
006b9000-006d4000 r-xp 00000000 08:06 673156     /lib/ld-2.10.1.so
006d4000-006d5000 r--p 0001a000 08:06 673156     /lib/ld-2.10.1.so
006d5000-006d6000 rw-p 0001b000 08:06 673156     /lib/ld-2.10.1.so
006d6000-006fc000 r-xp 00000000 08:06 504232     /usr/lib/libpng12.so.0.37.0
006fc000-006fd000 r--p 00025000 08:06 504232     /usr/lib/libpng12.so.0.37.0
006fd000-006fe000 rw-p 00026000 08:06 504232     /usr/lib/libpng12.so.0.37.0
006fe000-00705000 r-xp 00000000 08:06 504334     /usr/lib/libxcb-render.so.0.0.0
00705000-00706000 r--p 00007000 08:06 504334     /usr/lib/libxcb-render.so.0.0.0
00706000-00707000 rw-p 00008000 08:06 504334     /usr/lib/libxcb-render.so.0.0.0
00707000-0070a000 r-xp 00000000 08:06 501088     /usr/lib/libcanberra-gtk.so.0.1.1
0070a000-0070b000 r--p 00002000 08:06 501088     /usr/lib/libcanberra-gtk.so.0.1.1
0070b000-0070c000 rw-p 00003000 08:06 501088     /usr/lib/libcanberra-gtk.so.0.1.1
0070f000-00727000 r-xp 00000000 08:06 501259     /usr/lib/libgdk_pixbuf-2.0.so.0.1800.3
00727000-00728000 r--p 00017000 08:06 501259     /usr/lib/libgdk_pixbuf-2.0.so.0.1800.3
00728000-00729000 rw-p 00018000 08:06 501259     /usr/lib/libgdk_pixbuf-2.0.so.0.1800.3
00729000-00758000 r-xp 00000000 08:06 673132     /lib/libpcre.so.3.12.1
00758000-00759000 r--p 0002e000 08:06 673132     /lib/libpcre.so.3.12.1
00759000-0075a000 rw-p 0002f000 08:06 673132     /lib/libpcre.so.3.12.1
0075a000-0075e000 r-xp 00000000 08:06 502991     /usr/lib/libgthread-2.0.so.0.2200.2
0075e000-0075f000 r--p 00003000 08:06 502991     /usr/lib/libgthread-2.0.so.0.2200.2
0075f000-00760000 rw-p 00004000 08:06 502991     /usr/lib/libgthread-2.0.so.0.2200.2
00761000-00763000 r-xp 00000000 08:06 690044     /lib/tls/i686/cmov/libdl-2.10.1.so
00763000-00764000 r--p 00001000 08:06 690044     /lib/tls/i686/cmov/libdl-2.10.1.so
00764000-00765000 rw-p 00002000 08:06 690044     /lib/tls/i686/cmov/libdl-2.10.1.so
00765000-00775000 r-xp 00000000 08:06 690396     /lib/tls/i686/cmov/libresolv-2.10.1.so
00775000-00776000 r--p 00010000 08:06 690396     /lib/tls/i686/cmov/libresolv-2.10.1.so
00776000-00777000 rw-p 00011000 08:06 690396     /lib/tls/i686/cmov/libresolv-2.10.1.so
00777000-00779000 rw-p 00000000 00:00 0 
00779000-00792000 r-xp 00000000 08:06 673488     /lib/libselinux.so.1
00792000-00793000 r--p 00018000 08:06 673488     /lib/libselinux.so.1
00793000-00794000 rw-p 00019000 08:06 673488     /lib/libselinux.so.1
00794000-00799000 r-xp 00000000 08:06 502393     /usr/lib/libogg.so.0.6.0
00799000-0079a000 r--p 00004000 08:06 502393     /usr/lib/libogg.so.0.6.0
0079a000-0079b000 rw-p 00005000 08:06 502393     /usr/lib/libogg.so.0.6.0
0079b000-007a1000 r-xp 00000000 08:06 690177     /lib/tls/i686/cmov/libnss_compat-2.10.1.so
007a1000-007a2000 r--p 00005000 08:06 690177     /lib/tls/i686/cmov/libnss_compat-2.10.1.so
007a2000-007a3000 rw-p 00006000 08:06 690177     /lib/tls/i686/cmov/libnss_compat-2.10.1.so
007a3000-007aa000 r-xp 00000000 08:06 502911     /usr/lib/libvorbisfile.so.3.2.0
007aa000-007ab000 r--p 00006000 08:06 502911     /usr/lib/libvorbisfile.so.3.2.0
007ab000-007ac000 rw-p 00007000 08:06 502911     /usr/lib/libvorbisfile.so.3.2.0
007ad000-007b6000 r-xp 00000000 08:06 501131     /usr/lib/libXcursor.so.1.0.2
007b6000-007b7000 r--p 00008000 08:06 501131     /usr/lib/libXcursor.so.1.0.2
007b7000-007b8000 rw-p 00009000 08:06 501131     /usr/lib/libXcursor.so.1.0.2
007b8000-007c6000 r-xp 00000000 08:06 504024     /usr/lib/libcanberra.so.0.1.7
007c6000-007c7000 r--p 0000d000 08:06 504024     /usr/lib/libcanberra.so.0.1.7
007c7000-007c8000 rw-p 0000e000 08:06 504024     /usr/lib/libcanberra.so.0.1.7
007c8000-007cf000 r-xp 00000000 08:06 609225     /usr/lib/jvm/java-6-openjdk/jre/lib/i386/libnio.so
007cf000-007d0000 r--p 00006000 08:06 609225     /usr/lib/jvm/java-6-openjdk/jre/lib/i386/libnio.so
007d0000-007d1000 rw-p 00007000 08:06 609225     /usr/lib/jvm/java-6-openjdk/jre/lib/i386/libnio.so
007d5000-007e8000 r-xp 00000000 08:06 690173     /lib/tls/i686/cmov/libnsl-2.10.1.so
007e8000-007e9000 r--p 00012000 08:06 690173     /lib/tls/i686/cmov/libnsl-2.10.1.so
007e9000-007ea000 rw-p 00013000 08:06 690173     /lib/tls/i686/cmov/libnsl-2.10.1.so
007ea000-007ec000 rw-p 00000000 00:00 0 
007ec000-00810000 r-xp 00000000 08:06 673447     /lib/libexpat.so.1.5.2
00810000-00812000 r--p 00024000 08:06 673447     /lib/libexpat.so.1.5.2
00812000-00813000 rw-p 00026000 08:06 673447     /lib/libexpat.so.1.5.2
00818000-0083c000 r-xp 00000000 08:06 690045     /lib/tls/i686/cmov/libm-2.10.1.so
0083c000-0083d000 r--p 00023000 08:06 690045     /lib/tls/i686/cmov/libm-2.10.1.so
0083d000-0083e000 rw-p 00024000 08:06 690045     /lib/tls/i686/cmov/libm-2.10.1.so
0083e000-00968000 r-xp 00000000 08:06 504329     /usr/lib/libX11.so.6.2.0
00968000-00969000 ---p 0012a000 08:06 504329     /usr/lib/libX11.so.6.2.0
00969000-0096a000 r--p 0012a000 08:06 504329     /usr/lib/libX11.so.6.2.0
0096a000-0096c000 rw-p 0012b000 08:06 504329     /usr/lib/libX11.so.6.2.0
0096c000-0096d000 rw-p 00000000 00:00 0 
0096d000-00987000 r-xp 00000000 08:06 502031     /usr/lib/libvorbis.so.0.4.0
00987000-00988000 r--p 00019000 08:06 502031     /usr/lib/libvorbis.so.0.4.0
00988000-00996000 rw-p 0001a000 08:06 502031     /usr/lib/libvorbis.so.0.4.0
0099c000-0099f000 r-xp 00000000 08:06 837235     /usr/lib/jvm/java-6-openjdk/jre/lib/i386/jli/libjli.so
0099f000-009a0000 r--p 00003000 08:06 837235     /usr/lib/jvm/java-6-openjdk/jre/lib/i386/jli/libjli.so
009a0000-009a1000 rw-p 00004000 08:06 837235     /usr/lib/jvm/java-6-openjdk/jre/lib/i386/jli/libjli.so
009a1000-009a8000 r-xp 00000000 08:06 609234     /usr/lib/jvm/java-6-openjdk/jre/lib/i386/libzip.so
009a8000-009a9000 r--p 00006000 08:06 609234     /usr/lib/jvm/java-6-openjdk/jre/lib/i386/libzip.so
009a9000-009aa000 rw-p 00007000 08:06 609234     /usr/lib/jvm/java-6-openjdk/jre/lib/i386/libzip.so
009ac000-009ba000 r-xp 00000000 08:06 500690     /usr/lib/libXext.so.6.4.0
009ba000-009bb000 r--p 0000d000 08:06 500690     /usr/lib/libXext.so.6.4.0
009bb000-009bc000 rw-p 0000e000 08:06 500690     /usr/lib/libXext.so.6.4.0
009bc000-009c9000 r-xp 00000000 08:06 503314     /usr/lib/libtdb.so.1.1.5
009c9000-009ca000 r--p 0000c000 08:06 503314     /usr/lib/libtdb.so.1.1.5
009ca000-009cb000 rw-p 0000d000 08:06 503314     /usr/lib/libtdb.so.1.1.5
009d0000-009d8000 r-xp 00000000 08:06 503589     /usr/lib/libltdl.so.7.2.0
009d8000-009d9000 r--p 00007000 08:06 503589     /usr/lib/libltdl.so.7.2.0
009d9000-009da000 rw-p 00008000 08:06 503589     /usr/lib/libltdl.so.7.2.0
009da000-009ee000 r-xp 00000000 08:06 609224     /usr/lib/jvm/java-6-openjdk/jre/lib/i386/libnet.so
009ee000-009ef000 r--p 00013000 08:06 609224     /usr/lib/jvm/java-6-openjdk/jre/lib/i386/libnet.so
009ef000-009f0000 rw-p 00014000 08:06 609224     /usr/lib/jvm/java-6-openjdk/jre/lib/i386/libnet.so
009f0000-009f5000 r-xp 00000000 08:06 525469     /usr/lib/gtk-2.0/2.10.0/immodules/im-ibus.so
009f5000-009f6000 r--p 00004000 08:06 525469     /usr/lib/gtk-2.0/2.10.0/immodules/im-ibus.so
009f6000-009f7000 rw-p 00005000 08:06 525469     /usr/lib/gtk-2.0/2.10.0/immodules/im-ibus.so
009f8000-00a03000 r-xp 00000000 08:06 504343     /usr/lib/libpangocairo-1.0.so.0.2600.0
00a03000-00a04000 r--p 0000a000 08:06 504343     /usr/lib/libpangocairo-1.0.so.0.2600.0
00a04000-00a05000 rw-p 0000b000 08:06 504343     /usr/lib/libpangocairo-1.0.so.0.2600.0
00a05000-00a16000 r-xp 00000000 08:06 2060211    /usr/lib/gio/modules/libgioremote-volume-monitor.so
00a16000-00a17000 r--p 00010000 08:06 2060211    /usr/lib/gio/modules/libgioremote-volume-monitor.so
00a17000-00a18000 rw-p 00011000 08:06 2060211    /usr/lib/gio/modules/libgioremote-volume-monitor.so
00a1e000-00a33000 r-xp 00000000 08:06 690395     /lib/tls/i686/cmov/libpthread-2.10.1.so
00a33000-00a34000 r--p 00014000 08:06 690395     /lib/tls/i686/cmov/libpthread-2.10.1.so
00a34000-00a35000 rw-p 00015000 08:06 690395     /lib/tls/i686/cmov/libpthread-2.10.1.so
00a35000-00a37000 rw-p 00000000 00:00 0 
00a37000-00a4b000 r-xp 00000000 08:06 673464     /lib/libz.so.1.2.3.3
00a4b000-00a4c000 r--p 00013000 08:06 673464     /lib/libz.so.1.2.3.3
00a4c000-00a4d000 rw-p 00014000 08:06 673464     /lib/libz.so.1.2.3.3
00a4d000-00a61000 r-xp 00000000 08:06 505075     /usr/lib/libgvfscommon.so.0.0.0
00a61000-00a62000 r--p 00013000 08:06 505075     /usr/lib/libgvfscommon.so.0.0.0
00a62000-00a63000 rw-p 00014000 08:06 505075     /usr/lib/libgvfscommon.so.0.0.0
00a68000-00a74000 r-xp 00000000 08:06 609233     /usr/lib/jvm/java-6-openjdk/jre/lib/i386/libverify.so
00a74000-00a75000 r--p 0000b000 08:06 609233     /usr/lib/jvm/java-6-openjdk/jre/lib/i386/libverify.so
00a75000-00a76000 rw-p 0000c000 08:06 609233     /usr/lib/jvm/java-6-openjdk/jre/lib/i386/libverify.so
00a78000-00a82000 r-xp 00000000 08:06 690201     /lib/tls/i686/cmov/libnss_files-2.10.1.so
00a82000-00a83000 r--p 00009000 08:06 690201     /lib/tls/i686/cmov/libnss_files-2.10.1.so
00a83000-00a84000 rw-p 0000a000 08:06 690201     /lib/tls/i686/cmov/libnss_files-2.10.1.so
00a84000-00a8e000 r-xp 00000000 08:06 673064     /lib/libudev.so.0.5.0
00a8e000-00a8f000 r--p 00009000 08:06 673064     /lib/libudev.so.0.5.0
00a8f000-00a90000 rw-p 0000a000 08:06 673064     /lib/libudev.so.0.5.0
00aa0000-00aa9000 rwxp 00000000 00:00 0 
00aa9000-00b60000 rwxp 00000000 00:00 0 
00b60000-00bf2000 r-xp 00000000 08:06 500995     /usr/lib/libgdk-x11-2.0.so.0.1800.3
00bf2000-00bf4000 r--p 00092000 08:06 500995     /usr/lib/libgdk-x11-2.0.so.0.1800.3
00bf4000-00bf5000 rw-p 00094000 08:06 500995     /usr/lib/libgdk-x11-2.0.so.0.1800.3
00bf5000-00c39000 r-xp 00000000 08:06 500841     /usr/lib/libpixman-1.so.0.14.0
00c39000-00c3b000 r--p 00043000 08:06 500841     /usr/lib/libpixman-1.so.0.14.0
00c3b000-00c3c000 rw-p 00045000 08:06 500841     /usr/lib/libpixman-1.so.0.14.0
00c3e000-00c42000 r-xp 00000000 08:06 500754     /usr/lib/libXtst.so.6.1.0
00c42000-00c43000 r--p 00004000 08:06 500754     /usr/lib/libXtst.so.6.1.0
00c43000-00c44000 rw-p 00005000 08:06 500754     /usr/lib/libXtst.so.6.1.0
00c47000-00c8d000 r-xp 00000000 08:06 500972     /usr/lib/libpango-1.0.so.0.2600.0
00c8d000-00c8e000 r--p 00045000 08:06 500972     /usr/lib/libpango-1.0.so.0.2600.0
00c8e000-00c8f000 rw-p 00046000 08:06 500972     /usr/lib/libpango-1.0.so.0.2600.0
00c8f000-00cb0000 r-xp 00000000 08:06 525468     /usr/lib/gtk-2.0/2.10.0/engines/libmurrine.so
00cb0000-00cb1000 r--p 00020000 08:06 525468     /usr/lib/gtk-2.0/2.10.0/engines/libmurrine.so
00cb1000-00cb2000 rw-p 00021000 08:06 525468     /usr/lib/gtk-2.0/2.10.0/engines/libmurrine.so
00cc9000-00ce4000 r-xp 00000000 08:06 502734     /usr/lib/libatk-1.0.so.0.2809.1
00ce4000-00ce5000 r--p 0001b000 08:06 502734     /usr/lib/libatk-1.0.so.0.2809.1
00ce5000-00ce6000 rw-p 0001c000 08:06 502734     /usr/lib/libatk-1.0.so.0.2809.1
00ce7000-00e25000 r-xp 00000000 08:06 690032     /lib/tls/i686/cmov/libc-2.10.1.so
00e25000-00e27000 r--p 0013e000 08:06 690032     /lib/tls/i686/cmov/libc-2.10.1.so
00e27000-00e28000 rw-p 00140000 08:06 690032     /lib/tls/i686/cmov/libc-2.10.1.so
00e28000-00e2b000 rw-p 00000000 00:00 0 
00e2b000-01455000 r-xp 00000000 08:06 845427     /usr/lib/jvm/java-6-openjdk/jre/lib/i386/server/libjvm.so
01455000-01497000 r--p 00629000 08:06 845427     /usr/lib/jvm/java-6-openjdk/jre/lib/i386/server/libjvm.so
01497000-014a6000 rw-p 0066b000 08:06 845427     /usr/lib/jvm/java-6-openjdk/jre/lib/i386/server/libjvm.so
014a6000-018c7000 rw-p 00000000 00:00 0 
018c7000-0195a000 r-xp 00000000 08:06 504779     /usr/lib/libgio-2.0.so.0.2200.2
0195a000-0195b000 r--p 00092000 08:06 504779     /usr/lib/libgio-2.0.so.0.2200.2
0195b000-0195c000 rw-p 00093000 08:06 504779     /usr/lib/libgio-2.0.so.0.2200.2
0195c000-0195d000 rw-p 00000000 00:00 0 
0195d000-01a11000 r-xp 00000000 08:06 673489     /lib/libglib-2.0.so.0.2200.2
01a11000-01a12000 r--p 000b4000 08:06 673489     /lib/libglib-2.0.so.0.2200.2
01a12000-01a13000 rw-p 000b5000 08:06 673489     /lib/libglib-2.0.so.0.2200.2
01a13000-01a49000 r-xp 00000000 08:06 502585     /usr/lib/libibus.so.1.0.0
01a49000-01a4a000 r--p 00036000 08:06 502585     /usr/lib/libibus.so.1.0.0
01a4a000-01a4b000 rw-p 00037000 08:06 502585     /usr/lib/libibus.so.1.0.0
01a4b000-01a82000 r-xp 00000000 08:06 673177     /lib/libdbus-1.so.3.4.0
01a82000-01a83000 r--p 00036000 08:06 673177     /lib/libdbus-1.so.3.4.0
01a83000-01a84000 rw-p 00037000 08:06 673177     /lib/libdbus-1.so.3.4.0
01ad4000-01af8000 r-xp 00000000 08:06 2060212    /usr/lib/gio/modules/libgvfsdbus.so
01af8000-01af9000 r--p 00023000 08:06 2060212    /usr/lib/gio/modules/libgvfsdbus.so
01af9000-01afa000 rw-p 00024000 08:06 2060212    /usr/lib/gio/modules/libgvfsdbus.so
02837000-02bef000 r-xp 00000000 08:06 500956     /usr/lib/libgtk-x11-2.0.so.0.1800.3
02bef000-02bf0000 ---p 003b8000 08:06 500956     /usr/lib/libgtk-x11-2.0.so.0.1800.3
02bf0000-02bf4000 r--p 003b8000 08:06 500956     /usr/lib/libgtk-x11-2.0.so.0.1800.3
02bf4000-02bf6000 rw-p 003bc000 08:06 500956     /usr/lib/libgtk-x11-2.0.so.0.1800.3
02bf6000-02bf8000 rw-p 00000000 00:00 0 
02dff000-02e75000 r-xp 00000000 08:06 501888     /usr/lib/libdirectfb-1.2.so.0.7.0
02e75000-02e76000 ---p 00076000 08:06 501888     /usr/lib/libdirectfb-1.2.so.0.7.0
02e76000-02e77000 r--p 00076000 08:06 501888     /usr/lib/libdirectfb-1.2.so.0.7.0
02e77000-02e78000 rw-p 00077000 08:06 501888     /usr/lib/libdirectfb-1.2.so.0.7.0
02e78000-02e79000 rw-p 00000000 00:00 0 
036f3000-03777000 r-xp 00000000 08:06 503375     /usr/lib/libcairo.so.2.10800.8
03777000-03779000 r--p 00083000 08:06 503375     /usr/lib/libcairo.so.2.10800.8
03779000-0377a000 rw-p 00085000 08:06 503375     /usr/lib/libcairo.so.2.10800.8
048c8000-04b08000 rwxp 00000000 00:00 0 
04b08000-078c8000 rwxp 00000000 00:00 0 
08048000-08051000 r-xp 00000000 08:06 863151     /usr/lib/jvm/java-6-openjdk/jre/bin/java
08051000-08052000 r--p 00008000 08:06 863151     /usr/lib/jvm/java-6-openjdk/jre/bin/java
08052000-08053000 rw-p 00009000 08:06 863151     /usr/lib/jvm/java-6-openjdk/jre/bin/java
0842f000-0860d000 rw-p 00000000 00:00 0          [heap]
8ee00000-8ee22000 rw-p 00000000 00:00 0 
8ee22000-8ef00000 ---p 00000000 00:00 0 
8ef2a000-8ef2d000 ---p 00000000 00:00 0 
8ef2d000-8ef7b000 rw-p 00000000 00:00 0 
8ef7b000-8f013000 r--p 00000000 08:06 644357     /usr/share/fonts/truetype/ttf-dejavu/DejaVuSans.ttf
8f013000-8f100000 r--p 00000000 08:06 525747     /usr/lib/locale/de_AT.utf8/LC_COLLATE
8f100000-8f200000 rw-p 00000000 00:00 0 
8f21a000-8f21b000 r--s 00000000 08:06 1261771    /var/cache/fontconfig/c05880de57d1f5e948fdfacc138775d9-x86.cache-2
8f21b000-8f221000 r--s 00000000 08:06 1258398    /var/cache/fontconfig/945677eb7aeaf62f1d50efc3fb3ec7d8-x86.cache-2
8f221000-8f223000 r--s 00000000 08:06 1259329    /var/cache/fontconfig/99e8ed0e538f840c565b6ed5dad60d56-x86.cache-2
8f223000-8f225000 r--s 00000000 08:06 1256734    /var/cache/fontconfig/f24b2111ab8703b4e963115a8cf14259-x86.cache-2
8f225000-8f228000 r--s 00000000 08:06 1259146    /var/cache/fontconfig/e383d7ea5fbe662a33d9b44caf393297-x86.cache-2
8f228000-8f22a000 r--s 00000000 08:06 1256504    /var/cache/fontconfig/b5ea634b0fb353b8ea17632d1f9ef766-x86.cache-2
8f22a000-8f22d000 r--s 00000000 08:06 1258456    /var/cache/fontconfig/6eb3985aa4124903f6ff08ba781cd364-x86.cache-2
8f22d000-8f22e000 r--s 00000000 08:06 1258739    /var/cache/fontconfig/4c73fe0c47614734b17d736dbde7580a-x86.cache-2
8f22e000-8f232000 r--s 00000000 08:06 1262608    /var/cache/fontconfig/062808c12e6e608270f93bb230aed730-x86.cache-2
8f232000-8f235000 r--s 00000000 08:06 1257481    /var/cache/fontconfig/a755afe4a08bf5b97852ceb7400b47bc-x86.cache-2
8f235000-8f23c000 r--s 00000000 08:06 1259143    /var/cache/fontconfig/6d41288fd70b0be22e8c3a91e032eec0-x86.cache-2
8f23c000-8f244000 r--s 00000000 08:06 1258601    /var/cache/fontconfig/e3de0de479f42330eadf588a55fb5bf4-x86.cache-2
8f244000-8f24f000 r--s 00000000 08:06 1258443    /var/cache/fontconfig/0f34bcd4b6ee430af32735b75db7f02b-x86.cache-2
8f24f000-8f251000 r--s 00000000 08:06 1257201    /var/cache/fontconfig/ddd4086aec35a5275babba44bb759c3c-x86.cache-2
8f251000-8f252000 r--s 00000000 08:06 1259106    /var/cache/fontconfig/4794a0821666d79190d59a36cb4f44b5-x86.cache-2
8f252000-8f274000 r--s 00000000 08:06 1258361    /var/cache/fontconfig/365b55f210c0a22e9a19e35191240f32-x86.cache-2
8f274000-8f276000 r--s 00000000 08:06 1258333    /var/cache/fontconfig/2c5ba8142dffc8bf0377700342b8ca1a-x86.cache-2
8f276000-8f279000 r--s 00000000 08:06 1259092    /var/cache/fontconfig/de9486f0b47a4d768a594cb4198cb1c6-x86.cache-2
8f279000-8f281000 r--s 00000000 08:06 1257190    /var/cache/fontconfig/d52a8644073d54c13679302ca1180695-x86.cache-2
8f281000-8f287000 r--s 00000000 08:06 1258315    /var/cache/fontconfig/089dead882dea3570ffc31a9898cfb69-x86.cache-2
8f287000-8f295000 r--s 00000000 08:06 1261772    /var/cache/fontconfig/e13b20fdb08344e0e664864cc2ede53d-x86.cache-2
8f295000-8f2a3000 r--s 00000000 08:06 1257033    /var/cache/fontconfig/865f88548240fee46819705c6468c165-x86.cache-2
8f2a3000-8f2af000 r--p 00000000 08:06 792823     /usr/share/locale-langpack/de/LC_MESSAGES/glib20.mo
8f2af000-8f2b2000 ---p 00000000 00:00 0 
8f2b2000-8f300000 rw-p 00000000 00:00 0 
8f300000-8f3ff000 rw-p 00000000 00:00 0 
8f3ff000-8f400000 ---p 00000000 00:00 0 
8f401000-8f403000 r--s 00000000 08:06 1256188    /var/cache/fontconfig/7ef2298fde41cc6eeb7af42e48b7d293-x86.cache-2
8f403000-8f42b000 r--p 00000000 08:06 792899     /usr/share/locale-langpack/de/LC_MESSAGES/gtk20-properties.mo
8f42b000-8f43e000 r--p 00000000 08:06 792894     /usr/share/locale-langpack/de/LC_MESSAGES/gtk20.mo
8f43e000-8f43f000 r--p 00000000 08:06 525593     /usr/lib/locale/de_AT.utf8/LC_NUMERIC
8f43f000-8f440000 r--p 00000000 08:06 525740     /usr/lib/locale/de_AT.utf8/LC_TIME
8f440000-8f441000 r--p 00000000 08:06 525755     /usr/lib/locale/de_AT.utf8/LC_MONETARY
8f441000-8f442000 r--p 00000000 08:06 527190     /usr/lib/locale/de_AT.utf8/LC_MESSAGES/SYS_LC_MESSAGES
8f442000-8f445000 ---p 00000000 00:00 0 
8f445000-8f493000 rw-p 00000000 00:00 0 
8f493000-8f494000 r--s 00000000 08:06 1261771    /var/cache/fontconfig/c05880de57d1f5e948fdfacc138775d9-x86.cache-2
8f494000-8f49a000 r--s 00000000 08:06 1258398    /var/cache/fontconfig/945677eb7aeaf62f1d50efc3fb3ec7d8-x86.cache-2
8f49a000-8f49c000 r--s 00000000 08:06 1259329    /var/cache/fontconfig/99e8ed0e538f840c565b6ed5dad60d56-x86.cache-2
8f49c000-8f49e000 r--s 00000000 08:06 1256734    /var/cache/fontconfig/f24b2111ab8703b4e963115a8cf14259-x86.cache-2
8f49e000-8f4a1000 r--s 00000000 08:06 1259146    /var/cache/fontconfig/e383d7ea5fbe662a33d9b44caf393297-x86.cache-2
8f4a1000-8f4a3000 r--s 00000000 08:06 1256504    /var/cache/fontconfig/b5ea634b0fb353b8ea17632d1f9ef766-x86.cache-2
8f4a3000-8f4a6000 r--s 00000000 08:06 1258456    /var/cache/fontconfig/6eb3985aa4124903f6ff08ba781cd364-x86.cache-2
8f4a6000-8f4a7000 r--s 00000000 08:06 1258739    /var/cache/fontconfig/4c73fe0c47614734b17d736dbde7580a-x86.cache-2
8f4a7000-8f4ab000 r--s 00000000 08:06 1262608    /var/cache/fontconfig/062808c12e6e608270f93bb230aed730-x86.cache-2
8f4ab000-8f4ae000 r--s 00000000 08:06 1257481    /var/cache/fontconfig/a755afe4a08bf5b97852ceb7400b47bc-x86.cache-2
8f4ae000-8f4b5000 r--s 00000000 08:06 1259143    /var/cache/fontconfig/6d41288fd70b0be22e8c3a91e032eec0-x86.cache-2
8f4b5000-8f4bd000 r--s 00000000 08:06 1258601    /var/cache/fontconfig/e3de0de479f42330eadf588a55fb5bf4-x86.cache-2
8f4bd000-8f4c8000 r--s 00000000 08:06 1258443    /var/cache/fontconfig/0f34bcd4b6ee430af32735b75db7f02b-x86.cache-2
8f4c8000-8f4ca000 r--s 00000000 08:06 1257201    /var/cache/fontconfig/ddd4086aec35a5275babba44bb759c3c-x86.cache-2
8f4ca000-8f4cb000 r--s 00000000 08:06 1259106    /var/cache/fontconfig/4794a0821666d79190d59a36cb4f44b5-x86.cache-2
8f4cb000-8f4ed000 r--s 00000000 08:06 1258361    /var/cache/fontconfig/365b55f210c0a22e9a19e35191240f32-x86.cache-2
8f4ed000-8f4ef000 r--s 00000000 08:06 1258333    /var/cache/fontconfig/2c5ba8142dffc8bf0377700342b8ca1a-x86.cache-2
8f4ef000-8f4f2000 r--s 00000000 08:06 1259092    /var/cache/fontconfig/de9486f0b47a4d768a594cb4198cb1c6-x86.cache-2
8f4f2000-8f4fa000 r--s 00000000 08:06 1257190    /var/cache/fontconfig/d52a8644073d54c13679302ca1180695-x86.cache-2
8f4fa000-8f500000 r--s 00000000 08:06 1258315    /var/cache/fontconfig/089dead882dea3570ffc31a9898cfb69-x86.cache-2
8f500000-8f5fd000 rw-p 00000000 00:00 0 
8f5fd000-8f600000 ---p 00000000 00:00 0 
8f600000-8f601000 r--p 00000000 08:06 527278     /usr/lib/locale/de_AT.utf8/LC_PAPER
8f601000-8f602000 r--p 00000000 08:06 527276     /usr/lib/locale/de_AT.utf8/LC_NAME
8f602000-8f603000 r--p 00000000 08:06 526182     /usr/lib/locale/de_AT.utf8/LC_ADDRESS
8f603000-8f611000 r--s 00000000 08:06 1261772    /var/cache/fontconfig/e13b20fdb08344e0e664864cc2ede53d-x86.cache-2
8f611000-8f613000 r--s 00000000 08:06 1256188    /var/cache/fontconfig/7ef2298fde41cc6eeb7af42e48b7d293-x86.cache-2
8f613000-8f621000 r--s 00000000 08:06 1257033    /var/cache/fontconfig/865f88548240fee46819705c6468c165-x86.cache-2
8f621000-8f622000 r--s 00000000 08:06 1261771    /var/cache/fontconfig/c05880de57d1f5e948fdfacc138775d9-x86.cache-2
8f622000-8f628000 r--s 00000000 08:06 1258398    /var/cache/fontconfig/945677eb7aeaf62f1d50efc3fb3ec7d8-x86.cache-2
8f628000-8f62a000 r--s 00000000 08:06 1259329    /var/cache/fontconfig/99e8ed0e538f840c565b6ed5dad60d56-x86.cache-2
8f62a000-8f62c000 r--s 00000000 08:06 1256734    /var/cache/fontconfig/f24b2111ab8703b4e963115a8cf14259-x86.cache-2
8f62c000-8f62f000 r--s 00000000 08:06 1259146    /var/cache/fontconfig/e383d7ea5fbe662a33d9b44caf393297-x86.cache-2
8f62f000-8f631000 r--s 00000000 08:06 1256504    /var/cache/fontconfig/b5ea634b0fb353b8ea17632d1f9ef766-x86.cache-2
8f631000-8f634000 r--s 00000000 08:06 1258456    /var/cache/fontconfig/6eb3985aa4124903f6ff08ba781cd364-x86.cache-2
8f634000-8f635000 r--s 00000000 08:06 1258739    /var/cache/fontconfig/4c73fe0c47614734b17d736dbde7580a-x86.cache-2
8f635000-8f639000 r--s 00000000 08:06 1262608    /var/cache/fontconfig/062808c12e6e608270f93bb230aed730-x86.cache-2
8f639000-8f640000 r--s 00000000 08:06 1259143    /var/cache/fontconfig/6d41288fd70b0be22e8c3a91e032eec0-x86.cache-2
8f640000-8f648000 r--s 00000000 08:06 1258601    /var/cache/fontconfig/e3de0de479f42330eadf588a55fb5bf4-x86.cache-2
8f648000-8f653000 r--s 00000000 08:06 1258443    /var/cache/fontconfig/0f34bcd4b6ee430af32735b75db7f02b-x86.cache-2
8f653000-8f656000 ---p 00000000 00:00 0 
8f656000-8f6a4000 rw-p 00000000 00:00 0 
8f6a4000-8f6ab000 r--s 000fe000 08:06 583896     /usr/lib/jvm/java-6-openjdk/jre/lib/resources.jar
8f6ab000-8f6ac000 r--s 00011000 08:07 482825     /home/dominik/.m2/repository/net/sourceforge/jeuclid/ams-fonts/1.0/ams-fonts-1.0.jar
8f6ac000-8f6ad000 r--s 00028000 08:07 482818     /home/dominik/.m2/repository/net/sourceforge/jeuclid/stix-fonts/1.0-beta-2/stix-fonts-1.0-beta-2.jar
8f6ad000-8f6ae000 r--s 0026b000 08:07 482808     /home/dominik/.m2/repository/net/sourceforge/jeuclid/dejavu-fonts/2.29/dejavu-fonts-2.29.jar
8f6ae000-8f6b3000 r--s 00027000 08:07 482805     /home/dominik/.m2/repository/org/freehep/freehep-graphicsio-swf/2.1.1/freehep-graphicsio-swf-2.1.1.jar
8f6b3000-8f6b5000 r--s 0000a000 08:07 482802     /home/dominik/.m2/repository/org/freehep/freehep-graphicsio-ps/2.1.1/freehep-graphicsio-ps-2.1.1.jar
8f6b5000-8f6b8000 r--s 00010000 08:07 482799     /home/dominik/.m2/repository/org/freehep/freehep-graphicsio-pdf/2.1.1/freehep-graphicsio-pdf-2.1.1.jar
8f6b8000-8f6ba000 r--s 00005000 08:07 482796     /home/dominik/.m2/repository/org/freehep/freehep-graphicsio-gif/1.2.3/freehep-graphicsio-gif-1.2.3.jar
8f6ba000-8f6bd000 r--s 00023000 08:07 466245     /home/dominik/.m2/repository/jdom/jdom/1.0/jdom-1.0.jar
8f6bd000-8f6bf000 r--s 0000e000 08:07 482792     /home/dominik/.m2/repository/org/freehep/freehep-io/2.0.2/freehep-io-2.0.2.jar
8f6bf000-8f6c5000 r--s 0002f000 08:07 482785     /home/dominik/.m2/repository/org/freehep/freehep-swing/2.0.3/freehep-swing-2.0.3.jar
8f6c5000-8f6c6000 r--s 00004000 08:07 482779     /home/dominik/.m2/repository/org/freehep/freehep-export/2.1.1/freehep-export-2.1.1.jar
8f6c6000-8f6c8000 r--s 0001d000 08:07 482771     /home/dominik/.m2/repository/org/freehep/freehep-graphics2d/2.1.1/freehep-graphics2d-2.1.1.jar
8f6c8000-8f6cc000 r--s 0002a000 08:07 482763     /home/dominik/.m2/repository/org/freehep/freehep-graphicsio/2.1.1/freehep-graphicsio-2.1.1.jar
8f6cc000-8f6ce000 r--s 0000e000 08:07 482751     /home/dominik/.m2/repository/org/netbeans/openide-lookup/1.9-patched-1.0/openide-lookup-1.9-patched-1.0.jar
8f6ce000-8f6d0000 r--s 0000a000 08:07 482746     /home/dominik/.m2/repository/org/freehep/freehep-util/2.0.2/freehep-util-2.0.2.jar
8f6d0000-8f6d4000 r--s 00026000 08:07 482738     /home/dominik/.m2/repository/org/freehep/freehep-graphicsio-emf/2.1.1/freehep-graphicsio-emf-2.1.1.jar
8f6d4000-8f6d9000 r--s 00030000 08:07 482733     /home/dominik/.m2/repository/org/apache/xmlgraphics/batik-svggen/1.7/batik-svggen-1.7.jar
8f6d9000-8f6db000 r--s 00000000 08:07 482728     /home/dominik/.m2/repository/com/apple/AppleJavaExtensions/1.2/AppleJavaExtensions-1.2.jar
8f6db000-8f6de000 r--s 00012000 08:07 482723     /home/dominik/.m2/repository/commons-io/commons-io/1.3.1/commons-io-1.3.1.jar
8f6de000-8f6e8000 r--s 00075000 08:07 482715     /home/dominik/.m2/repository/org/apache/xmlgraphics/xmlgraphics-commons/1.3.1/xmlgraphics-commons-1.3.1.jar
8f6e8000-8f6ea000 r--s 00010000 08:07 482710     /home/dominik/.m2/repository/org/apache/xmlgraphics/batik-parser/1.7/batik-parser-1.7.jar
8f6ea000-8f6eb000 r--s 00007000 08:07 482703     /home/dominik/.m2/repository/org/apache/xmlgraphics/batik-xml/1.7/batik-xml-1.7.jar
8f6eb000-8f6f0000 r--s 00010000 08:07 482695     /home/dominik/.m2/repository/xml-apis/xml-apis-ext/1.3.04/xml-apis-ext-1.3.04.jar
8f6f0000-8f6f8000 r--s 00028000 08:07 482690     /home/dominik/.m2/repository/xml-apis/xml-apis/1.3.04/xml-apis-1.3.04.jar
8f6f8000-8f6f9000 r--s 00002000 08:07 482684     /home/dominik/.m2/repository/org/apache/xmlgraphics/batik-ext/1.7/batik-ext-1.7.jar
8f6f9000-8f700000 r--s 00045000 08:07 482680     /home/dominik/.m2/repository/org/apache/xmlgraphics/batik-css/1.7/batik-css-1.7.jar
8f700000-8f7fb000 rw-p 00000000 00:00 0 
8f7fb000-8f800000 ---p 00000000 00:00 0 
8f800000-8f801000 r--p 00000000 08:06 526183     /usr/lib/locale/de_AT.utf8/LC_TELEPHONE
8f801000-8f802000 r--p 00000000 08:06 527274     /usr/lib/locale/de_AT.utf8/LC_MEASUREMENT
8f802000-8f803000 r--p 00000000 08:06 526184     /usr/lib/locale/de_AT.utf8/LC_IDENTIFICATION
8f803000-8f806000 r--s 00000000 08:06 1257481    /var/cache/fontconfig/a755afe4a08bf5b97852ceb7400b47bc-x86.cache-2
8f806000-8f808000 r--s 00000000 08:06 1257201    /var/cache/fontconfig/ddd4086aec35a5275babba44bb759c3c-x86.cache-2
8f808000-8f809000 r--s 00000000 08:06 1259106    /var/cache/fontconfig/4794a0821666d79190d59a36cb4f44b5-x86.cache-2
8f809000-8f82b000 r--s 00000000 08:06 1258361    /var/cache/fontconfig/365b55f210c0a22e9a19e35191240f32-x86.cache-2
8f82b000-8f82d000 r--s 00000000 08:06 1258333    /var/cache/fontconfig/2c5ba8142dffc8bf0377700342b8ca1a-x86.cache-2
8f82d000-8f830000 r--s 00000000 08:06 1259092    /var/cache/fontconfig/de9486f0b47a4d768a594cb4198cb1c6-x86.cache-2
8f830000-8f838000 r--s 00000000 08:06 1257190    /var/cache/fontconfig/d52a8644073d54c13679302ca1180695-x86.cache-2
8f838000-8f83e000 r--s 00000000 08:06 1258315    /var/cache/fontconfig/089dead882dea3570ffc31a9898cfb69-x86.cache-2
8f83e000-8f84c000 r--s 00000000 08:06 1261772    /var/cache/fontconfig/e13b20fdb08344e0e664864cc2ede53d-x86.cache-2
8f84c000-8f84e000 r--s 00000000 08:06 1256188    /var/cache/fontconfig/7ef2298fde41cc6eeb7af42e48b7d293-x86.cache-2
8f84e000-8f85c000 r--s 00000000 08:06 1257033    /var/cache/fontconfig/865f88548240fee46819705c6468c165-x86.cache-2
8f85c000-8f860000 r--s 00027000 08:07 482678     /home/dominik/.m2/repository/org/apache/xmlgraphics/batik-dom/1.7/batik-dom-1.7.jar
8f860000-8f863000 r--s 0001d000 08:07 482673     /home/dominik/.m2/repository/org/apache/xmlgraphics/batik-util/1.7/batik-util-1.7.jar
8f863000-8f86b000 r--s 0005b000 08:07 482668     /home/dominik/.m2/repository/org/apache/xmlgraphics/batik-awt-util/1.7/batik-awt-util-1.7.jar
8f86b000-8f86e000 r--s 00015000 08:07 482664     /home/dominik/.m2/repository/org/apache/xmlgraphics/batik-anim/1.7/batik-anim-1.7.jar
8f86e000-8f87b000 r--s 00086000 08:07 482658     /home/dominik/.m2/repository/org/apache/xmlgraphics/batik-svg-dom/1.7/batik-svg-dom-1.7.jar
8f87b000-8f87f000 r--s 00079000 08:06 583892     /usr/lib/jvm/java-6-openjdk/jre/lib/jsse.jar
8f87f000-8f888000 r--s 00076000 08:07 867545     /home/dominik/.m2/repository/net/sourceforge/jeuclid/jeuclid-core/3.1.9-SNAPSHOT/jeuclid-core-3.1.9-SNAPSHOT.jar
8f888000-8f889000 ---p 00000000 00:00 0 
8f889000-8f909000 rw-p 00000000 00:00 0 
8f909000-8f90c000 ---p 00000000 00:00 0 
8f90c000-8f95a000 rw-p 00000000 00:00 0 
8f95a000-8f95d000 ---p 00000000 00:00 0 
8f95d000-8f9db000 rw-p 00000000 00:00 0 
8f9db000-8f9de000 ---p 00000000 00:00 0 
8f9de000-8fa5c000 rw-p 00000000 00:00 0 
8fa5c000-8fa5f000 ---p 00000000 00:00 0 
8fa5f000-8faad000 rw-p 00000000 00:00 0 
8faad000-8fab4000 r--s 00000000 08:06 517190     /usr/lib/gconv/gconv-modules.cache
8fab4000-8faf3000 r--p 00000000 08:06 525756     /usr/lib/locale/de_AT.utf8/LC_CTYPE
8faf3000-8faf6000 ---p 00000000 00:00 0 
8faf6000-8fb44000 rw-p 00000000 00:00 0 
8fb44000-8fb47000 ---p 00000000 00:00 0 
8fb47000-8fb95000 rw-p 00000000 00:00 0 
8fb95000-8fb96000 ---p 00000000 00:00 0 
8fb96000-8fc49000 rw-p 00000000 00:00 0 
8fc49000-8fdde000 r--s 038e8000 08:06 582829     /usr/lib/jvm/java-6-openjdk/jre/lib/rt.jar
8fdde000-8fddf000 ---p 00000000 00:00 0 
8fddf000-8fe5f000 rw-p 00000000 00:00 0 
8fe5f000-8fe60000 ---p 00000000 00:00 0 
8fe60000-8fee0000 rw-p 00000000 00:00 0 
8fee0000-90ee0000 rwxp 00000000 00:00 0 
90ee0000-97ee0000 rwxp 00000000 00:00 0 
97ee0000-99ae0000 rwxp 00000000 00:00 0 
99ae0000-b3ee0000 rwxp 00000000 00:00 0 
b3ee0000-b45e0000 rwxp 00000000 00:00 0 
b45e0000-b76e0000 rwxp 00000000 00:00 0 
b76e0000-b76e2000 r--s 0000d000 08:07 482636     /home/dominik/.m2/repository/commons-logging/commons-logging/1.1.1/commons-logging-1.1.1.jar
b76e2000-b76e5000 ---p 00000000 00:00 0 
b76e5000-b7736000 rw-p 00000000 00:00 0 
b7736000-b773f000 r--s 00065000 08:06 591193     /usr/share/java/gnome-java-bridge.jar
b773f000-b7742000 r--s 0000f000 08:06 609200     /usr/lib/jvm/java-6-openjdk/jre/lib/ext/pulse-java.jar
b7742000-b774a000 rw-s 00000000 08:06 99544      /tmp/hsperfdata_dominik/27866
b774a000-b774b000 rw-p 00000000 00:00 0 
b774b000-b774c000 r--p 00000000 00:00 0 
b774c000-b774e000 rw-p 00000000 00:00 0 
bf880000-bf896000 rw-p 00000000 00:00 0          [stack]

VM Arguments:
java_command: net.sourceforge.jeuclid.app.mathviewer.MathViewer
Launcher Type: SUN_STANDARD

Environment Variables:
JAVA_HOME=/usr/lib/jvm/java-6-openjdk
PATH=/usr/local/sbin:/usr/local/bin:/usr/sbin:/usr/bin:/sbin:/bin:/usr/games:/opt/intellij/idea-IC-90.96/bin
USERNAME=dominik
LD_LIBRARY_PATH=/usr/lib/jvm/java-6-openjdk/jre/lib/i386/server:/usr/lib/jvm/java-6-openjdk/jre/lib/i386:/usr/lib/jvm/java-6-openjdk/jre/../lib/i386:/usr/lib/jvm/java-6-openjdk/jre/lib/i386/client:/usr/lib/jvm/java-6-openjdk/jre/lib/i386:/usr/lib/jvm/java-6-openjdk/jre/../lib/i386
SHELL=/bin/bash
DISPLAY=:0.0

Signal Handlers:
SIGSEGV: [libjvm.so+0x5b6c60], sa_mask[0]=0x7ffbfeff, sa_flags=0x10000004
SIGBUS: [libjvm.so+0x5b6c60], sa_mask[0]=0x7ffbfeff, sa_flags=0x10000004
SIGFPE: [libjvm.so+0x4a0440], sa_mask[0]=0x7ffbfeff, sa_flags=0x10000004
SIGPIPE: SIG_IGN, sa_mask[0]=0x00001000, sa_flags=0x10000000
SIGXFSZ: [libjvm.so+0x4a0440], sa_mask[0]=0x7ffbfeff, sa_flags=0x10000004
SIGILL: [libjvm.so+0x4a0440], sa_mask[0]=0x7ffbfeff, sa_flags=0x10000004
SIGUSR1: SIG_DFL, sa_mask[0]=0x00000000, sa_flags=0x00000000
SIGUSR2: [libjvm.so+0x49fb20], sa_mask[0]=0x00000004, sa_flags=0x10000004
SIGHUP: [libjvm.so+0x4a21d0], sa_mask[0]=0x7ffbfeff, sa_flags=0x10000004
SIGINT: SIG_IGN, sa_mask[0]=0x00000000, sa_flags=0x00000000
SIGTERM: [libjvm.so+0x4a21d0], sa_mask[0]=0x7ffbfeff, sa_flags=0x10000004
SIGQUIT: [libjvm.so+0x4a21d0], sa_mask[0]=0x7ffbfeff, sa_flags=0x10000004


---------------  S Y S T E M  ---------------

OS:Ubuntu 9.10 (karmic)
uname:Linux 2.6.31-16-generic #53-Ubuntu SMP Tue Dec 8 04:01:29 UTC 2009 i686
libc:glibc 2.10.1 NPTL 2.10.1 
rlimit: STACK 8192k, CORE 0k, NPROC infinity, NOFILE 1024, AS infinity
load average:3,22 1,36 1,00

CPU:total 2 (2 cores per cpu, 1 threads per core) family 6 model 15 stepping 10, cmov, cx8, fxsr, mmx, sse, sse2, sse3, ssse3

Memory: 4k page, physical 2060616k(146028k free), swap 2104472k(1731800k free)

vm_info: OpenJDK Server VM (14.0-b16) for linux-x86 JRE (1.6.0_0-b16), built on Nov 10 2009 01:55:38 by "buildd" with gcc 4.4.1

time: Tue Dec 22 20:26:29 2009
elapsed time: 1 seconds

