#
# A fatal error has been detected by the Java Runtime Environment:
#
#  SIGSEGV (0xb) at pc=0x00185021, pid=10769, tid=2402618224
#
# JRE version: 6.0-b16
# Java VM: OpenJDK Server VM (14.0-b16 mixed mode linux-x86 )
# Distribution: Ubuntu 9.10, package 6b16-1.6.1-3ubuntu1
# Problematic frame:
# C  [libc.so.6+0x75021]  memcpy+0x61
#
# If you would like to submit a bug report, please include
# instructions how to reproduce the bug and visit:
#   https://bugs.launchpad.net/ubuntu/+source/openjdk-6/
# The crash happened outside the Java Virtual Machine in native code.
# See problematic frame for where to report the bug.
#

---------------  T H R E A D  ---------------

Current thread (0x8f255400):  JavaThread "AWT-EventQueue-0" [_thread_in_native, id=10790, stack(0x8f300000,0x8f351000)]

siginfo:si_signo=SIGSEGV: si_errno=0, si_code=2 (SEGV_ACCERR), si_addr=0x8f8a8000

Registers:
EAX=0x8ed11df0, EBX=0x00307ff4, ECX=0x00000f40, EDX=0x8f8a49a0
ESP=0x8f34c7fc, EBP=0x8f34c858, ESI=0x8f8a7ffd, EDI=0x8ed1f68f
EIP=0x00185021, CR2=0x8f8a8000, EFLAGS=0x00010203

Top of Stack: (sp=0x8f34c7fc)
0x8f34c7fc:   00304406 8ed1c060 8f8a49ce 0000732f
0x8f34c80c:   012adff4 000000ec 09ce9b60 8f34c838
0x8f34c81c:   00fb5450 09ce0e88 00000045 8f34c898
0x8f34c82c:   00fb542c 756f6372 8ed11df0 0000756f
0x8f34c83c:   0000732f 09ce0e88 8f255400 0030426d
0x8f34c84c:   00307ff4 09ce1a00 09ce9b60 8f34c898
0x8f34c85c:   00304638 00000000 8f34c8ea 8f255400
0x8f34c86c:   00000000 00000000 8ed11f48 77983121 

Instructions: (pc=0x00185021)
0x00185011:   8b 44 24 04 c3 d1 e9 73 01 a4 d1 e9 73 02 66 a5
0x00185021:   f3 a5 eb e8 90 90 90 90 90 90 90 90 90 90 90 55 

Stack: [0x8f300000,0x8f351000],  sp=0x8f34c7fc,  free space=305k
Native frames: (J=compiled Java code, j=interpreted, Vv=VM code, C=native code)
C  [libc.so.6+0x75021]  memcpy+0x61
C  [libzip.so+0x4638]  ZIP_GetEntry+0xc8
C  [libzip.so+0x36df]  Java_java_util_zip_ZipFile_getEntry+0xff
j  java.util.zip.ZipFile.getEntry(JLjava/lang/String;Z)J+0
j  java.util.zip.ZipFile.getEntry(Ljava/lang/String;)Ljava/util/zip/ZipEntry;+31
j  java.util.jar.JarFile.getEntry(Ljava/lang/String;)Ljava/util/zip/ZipEntry;+2
j  java.util.jar.JarFile.getJarEntry(Ljava/lang/String;)Ljava/util/jar/JarEntry;+2
j  sun.misc.URLClassPath$JarLoader.getResource(Ljava/lang/String;Z)Lsun/misc/Resource;+48
j  sun.misc.URLClassPath.getResource(Ljava/lang/String;Z)Lsun/misc/Resource;+53
j  java.net.URLClassLoader$1.run()Ljava/lang/Object;+26
v  ~StubRoutines::call_stub
V  [libjvm.so+0x331695]
V  [libjvm.so+0x49d7a9]
V  [libjvm.so+0x33058f]
V  [libjvm.so+0x3841bb]
C  [libjava.so+0xb33a]  Java_java_security_AccessController_doPrivileged__Ljava_security_PrivilegedExceptionAction_2Ljava_security_AccessControlContext_2+0x3a
j  java.security.AccessController.doPrivileged(Ljava/security/PrivilegedExceptionAction;Ljava/security/AccessControlContext;)Ljava/lang/Object;+0
j  java.net.URLClassLoader.findClass(Ljava/lang/String;)Ljava/lang/Class;+13
j  java.lang.ClassLoader.loadClass(Ljava/lang/String;Z)Ljava/lang/Class;+43
j  sun.misc.Launcher$AppClassLoader.loadClass(Ljava/lang/String;Z)Ljava/lang/Class;+36
j  java.lang.ClassLoader.loadClass(Ljava/lang/String;)Ljava/lang/Class;+3
j  java.lang.ClassLoader.loadClassInternal(Ljava/lang/String;)Ljava/lang/Class;+2
v  ~StubRoutines::call_stub
V  [libjvm.so+0x331695]
V  [libjvm.so+0x49d7a9]
V  [libjvm.so+0x33058f]
V  [libjvm.so+0x330802]
V  [libjvm.so+0x330917]
V  [libjvm.so+0x5561aa]
V  [libjvm.so+0x5570c4]
V  [libjvm.so+0x557484]
V  [libjvm.so+0x557520]
V  [libjvm.so+0x4f558d]
V  [libjvm.so+0x4f5c87]
V  [libjvm.so+0x386e52]
j  java.lang.Class.getDeclaredFields0(Z)[Ljava/lang/reflect/Field;+0
j  java.lang.Class.privateGetDeclaredFields(Z)[Ljava/lang/reflect/Field;+73
j  java.lang.Class.getDeclaredField(Ljava/lang/String;)Ljava/lang/reflect/Field;+11
j  java.io.ObjectStreamClass.getDeclaredSUID(Ljava/lang/Class;)Ljava/lang/Long;+3
j  java.io.ObjectStreamClass.access$700(Ljava/lang/Class;)Ljava/lang/Long;+1
j  java.io.ObjectStreamClass$2.run()Ljava/lang/Object;+66
v  ~StubRoutines::call_stub
V  [libjvm.so+0x331695]
V  [libjvm.so+0x49d7a9]
V  [libjvm.so+0x33058f]
V  [libjvm.so+0x3841bb]
C  [libjava.so+0xb40b]  Java_java_security_AccessController_doPrivileged__Ljava_security_PrivilegedAction_2+0x3b
j  java.security.AccessController.doPrivileged(Ljava/security/PrivilegedAction;)Ljava/lang/Object;+0
j  java.io.ObjectStreamClass.<init>(Ljava/lang/Class;)V+106
j  java.io.ObjectStreamClass.lookup(Ljava/lang/Class;Z)Ljava/io/ObjectStreamClass;+213
j  java.io.ObjectStreamClass.initNonProxy(Ljava/io/ObjectStreamClass;Ljava/lang/Class;Ljava/lang/ClassNotFoundException;Ljava/io/ObjectStreamClass;)V+111
j  java.io.ObjectInputStream.readNonProxyDesc(Z)Ljava/io/ObjectStreamClass;+147
j  java.io.ObjectInputStream.readClassDesc(Z)Ljava/io/ObjectStreamClass;+77
j  java.io.ObjectInputStream.readOrdinaryObject(Z)Ljava/lang/Object;+22
j  java.io.ObjectInputStream.readObject0(Z)Ljava/lang/Object;+389
j  java.io.ObjectInputStream.readObject()Ljava/lang/Object;+19
j  java.util.TreeMap.buildFromSorted(IIIILjava/util/Iterator;Ljava/io/ObjectInputStream;Ljava/lang/Object;)Ljava/util/TreeMap$Entry;+123
j  java.util.TreeMap.buildFromSorted(IIIILjava/util/Iterator;Ljava/io/ObjectInputStream;Ljava/lang/Object;)Ljava/util/TreeMap$Entry;+40
j  java.util.TreeMap.buildFromSorted(IIIILjava/util/Iterator;Ljava/io/ObjectInputStream;Ljava/lang/Object;)Ljava/util/TreeMap$Entry;+40
j  java.util.TreeMap.buildFromSorted(IIIILjava/util/Iterator;Ljava/io/ObjectInputStream;Ljava/lang/Object;)Ljava/util/TreeMap$Entry;+40
j  java.util.TreeMap.buildFromSorted(IIIILjava/util/Iterator;Ljava/io/ObjectInputStream;Ljava/lang/Object;)Ljava/util/TreeMap$Entry;+40
j  java.util.TreeMap.buildFromSorted(IIIILjava/util/Iterator;Ljava/io/ObjectInputStream;Ljava/lang/Object;)Ljava/util/TreeMap$Entry;+40
j  java.util.TreeMap.buildFromSorted(IIIILjava/util/Iterator;Ljava/io/ObjectInputStream;Ljava/lang/Object;)Ljava/util/TreeMap$Entry;+40
j  java.util.TreeMap.buildFromSorted(IIIILjava/util/Iterator;Ljava/io/ObjectInputStream;Ljava/lang/Object;)Ljava/util/TreeMap$Entry;+40
j  java.util.TreeMap.buildFromSorted(IIIILjava/util/Iterator;Ljava/io/ObjectInputStream;Ljava/lang/Object;)Ljava/util/TreeMap$Entry;+40
j  java.util.TreeMap.buildFromSorted(IIIILjava/util/Iterator;Ljava/io/ObjectInputStream;Ljava/lang/Object;)Ljava/util/TreeMap$Entry;+40
j  java.util.TreeMap.buildFromSorted(ILjava/util/Iterator;Ljava/io/ObjectInputStream;Ljava/lang/Object;)V+20
j  java.util.TreeMap.readObject(Ljava/io/ObjectInputStream;)V+14
v  ~StubRoutines::call_stub
V  [libjvm.so+0x331695]
V  [libjvm.so+0x49d7a9]
V  [libjvm.so+0x33058f]
V  [libjvm.so+0x4f8b8c]
V  [libjvm.so+0x4f988e]
V  [libjvm.so+0x386031]
C  [libjava.so+0x15e32]  Java_sun_reflect_NativeMethodAccessorImpl_invoke0+0x32
j  sun.reflect.NativeMethodAccessorImpl.invoke0(Ljava/lang/reflect/Method;Ljava/lang/Object;[Ljava/lang/Object;)Ljava/lang/Object;+0
j  sun.reflect.NativeMethodAccessorImpl.invoke(Ljava/lang/Object;[Ljava/lang/Object;)Ljava/lang/Object;+87
j  sun.reflect.DelegatingMethodAccessorImpl.invoke(Ljava/lang/Object;[Ljava/lang/Object;)Ljava/lang/Object;+6
j  java.lang.reflect.Method.invoke(Ljava/lang/Object;[Ljava/lang/Object;)Ljava/lang/Object;+161
j  java.io.ObjectStreamClass.invokeReadObject(Ljava/lang/Object;Ljava/io/ObjectInputStream;)V+20
j  java.io.ObjectInputStream.readSerialData(Ljava/lang/Object;Ljava/io/ObjectStreamClass;)V+93
j  java.io.ObjectInputStream.readOrdinaryObject(Z)Ljava/lang/Object;+144
j  java.io.ObjectInputStream.readObject0(Z)Ljava/lang/Object;+389
j  java.io.ObjectInputStream.defaultReadFields(Ljava/lang/Object;Ljava/io/ObjectStreamClass;)V+150
j  java.io.ObjectInputStream.readSerialData(Ljava/lang/Object;Ljava/io/ObjectStreamClass;)V+173
j  java.io.ObjectInputStream.readOrdinaryObject(Z)Ljava/lang/Object;+144
j  java.io.ObjectInputStream.readObject0(Z)Ljava/lang/Object;+389
j  java.io.ObjectInputStream.readObject()Ljava/lang/Object;+19
j  net.sourceforge.jeuclid.elements.support.text.CharacterMapping.getInstance()Lnet/sourceforge/jeuclid/elements/support/text/CharacterMapping;+25
j  net.sourceforge.jeuclid.elements.support.text.StringUtil.<clinit>()V+16
v  ~StubRoutines::call_stub
V  [libjvm.so+0x331695]
V  [libjvm.so+0x49d7a9]
V  [libjvm.so+0x33058f]
V  [libjvm.so+0x30ce67]
V  [libjvm.so+0x30ced1]
V  [libjvm.so+0x31010c]
V  [libjvm.so+0x310686]
V  [libjvm.so+0x4268fa]
...<more frames>...

Java frames: (J=compiled Java code, j=interpreted, Vv=VM code)
j  java.util.zip.ZipFile.getEntry(JLjava/lang/String;Z)J+0
j  java.util.zip.ZipFile.getEntry(Ljava/lang/String;)Ljava/util/zip/ZipEntry;+31
j  java.util.jar.JarFile.getEntry(Ljava/lang/String;)Ljava/util/zip/ZipEntry;+2
j  java.util.jar.JarFile.getJarEntry(Ljava/lang/String;)Ljava/util/jar/JarEntry;+2
j  sun.misc.URLClassPath$JarLoader.getResource(Ljava/lang/String;Z)Lsun/misc/Resource;+48
j  sun.misc.URLClassPath.getResource(Ljava/lang/String;Z)Lsun/misc/Resource;+53
j  java.net.URLClassLoader$1.run()Ljava/lang/Object;+26
v  ~StubRoutines::call_stub
j  java.security.AccessController.doPrivileged(Ljava/security/PrivilegedExceptionAction;Ljava/security/AccessControlContext;)Ljava/lang/Object;+0
j  java.net.URLClassLoader.findClass(Ljava/lang/String;)Ljava/lang/Class;+13
j  java.lang.ClassLoader.loadClass(Ljava/lang/String;Z)Ljava/lang/Class;+43
j  sun.misc.Launcher$AppClassLoader.loadClass(Ljava/lang/String;Z)Ljava/lang/Class;+36
j  java.lang.ClassLoader.loadClass(Ljava/lang/String;)Ljava/lang/Class;+3
j  java.lang.ClassLoader.loadClassInternal(Ljava/lang/String;)Ljava/lang/Class;+2
v  ~StubRoutines::call_stub
j  java.lang.Class.getDeclaredFields0(Z)[Ljava/lang/reflect/Field;+0
j  java.lang.Class.privateGetDeclaredFields(Z)[Ljava/lang/reflect/Field;+73
j  java.lang.Class.getDeclaredField(Ljava/lang/String;)Ljava/lang/reflect/Field;+11
j  java.io.ObjectStreamClass.getDeclaredSUID(Ljava/lang/Class;)Ljava/lang/Long;+3
j  java.io.ObjectStreamClass.access$700(Ljava/lang/Class;)Ljava/lang/Long;+1
j  java.io.ObjectStreamClass$2.run()Ljava/lang/Object;+66
v  ~StubRoutines::call_stub
j  java.security.AccessController.doPrivileged(Ljava/security/PrivilegedAction;)Ljava/lang/Object;+0
j  java.io.ObjectStreamClass.<init>(Ljava/lang/Class;)V+106
j  java.io.ObjectStreamClass.lookup(Ljava/lang/Class;Z)Ljava/io/ObjectStreamClass;+213
j  java.io.ObjectStreamClass.initNonProxy(Ljava/io/ObjectStreamClass;Ljava/lang/Class;Ljava/lang/ClassNotFoundException;Ljava/io/ObjectStreamClass;)V+111
j  java.io.ObjectInputStream.readNonProxyDesc(Z)Ljava/io/ObjectStreamClass;+147
j  java.io.ObjectInputStream.readClassDesc(Z)Ljava/io/ObjectStreamClass;+77
j  java.io.ObjectInputStream.readOrdinaryObject(Z)Ljava/lang/Object;+22
j  java.io.ObjectInputStream.readObject0(Z)Ljava/lang/Object;+389
j  java.io.ObjectInputStream.readObject()Ljava/lang/Object;+19
j  java.util.TreeMap.buildFromSorted(IIIILjava/util/Iterator;Ljava/io/ObjectInputStream;Ljava/lang/Object;)Ljava/util/TreeMap$Entry;+123
j  java.util.TreeMap.buildFromSorted(IIIILjava/util/Iterator;Ljava/io/ObjectInputStream;Ljava/lang/Object;)Ljava/util/TreeMap$Entry;+40
j  java.util.TreeMap.buildFromSorted(IIIILjava/util/Iterator;Ljava/io/ObjectInputStream;Ljava/lang/Object;)Ljava/util/TreeMap$Entry;+40
j  java.util.TreeMap.buildFromSorted(IIIILjava/util/Iterator;Ljava/io/ObjectInputStream;Ljava/lang/Object;)Ljava/util/TreeMap$Entry;+40
j  java.util.TreeMap.buildFromSorted(IIIILjava/util/Iterator;Ljava/io/ObjectInputStream;Ljava/lang/Object;)Ljava/util/TreeMap$Entry;+40
j  java.util.TreeMap.buildFromSorted(IIIILjava/util/Iterator;Ljava/io/ObjectInputStream;Ljava/lang/Object;)Ljava/util/TreeMap$Entry;+40
j  java.util.TreeMap.buildFromSorted(IIIILjava/util/Iterator;Ljava/io/ObjectInputStream;Ljava/lang/Object;)Ljava/util/TreeMap$Entry;+40
j  java.util.TreeMap.buildFromSorted(IIIILjava/util/Iterator;Ljava/io/ObjectInputStream;Ljava/lang/Object;)Ljava/util/TreeMap$Entry;+40
j  java.util.TreeMap.buildFromSorted(IIIILjava/util/Iterator;Ljava/io/ObjectInputStream;Ljava/lang/Object;)Ljava/util/TreeMap$Entry;+40
j  java.util.TreeMap.buildFromSorted(IIIILjava/util/Iterator;Ljava/io/ObjectInputStream;Ljava/lang/Object;)Ljava/util/TreeMap$Entry;+40
j  java.util.TreeMap.buildFromSorted(ILjava/util/Iterator;Ljava/io/ObjectInputStream;Ljava/lang/Object;)V+20
j  java.util.TreeMap.readObject(Ljava/io/ObjectInputStream;)V+14
v  ~StubRoutines::call_stub
j  sun.reflect.NativeMethodAccessorImpl.invoke0(Ljava/lang/reflect/Method;Ljava/lang/Object;[Ljava/lang/Object;)Ljava/lang/Object;+0
j  sun.reflect.NativeMethodAccessorImpl.invoke(Ljava/lang/Object;[Ljava/lang/Object;)Ljava/lang/Object;+87
j  sun.reflect.DelegatingMethodAccessorImpl.invoke(Ljava/lang/Object;[Ljava/lang/Object;)Ljava/lang/Object;+6
j  java.lang.reflect.Method.invoke(Ljava/lang/Object;[Ljava/lang/Object;)Ljava/lang/Object;+161
j  java.io.ObjectStreamClass.invokeReadObject(Ljava/lang/Object;Ljava/io/ObjectInputStream;)V+20
j  java.io.ObjectInputStream.readSerialData(Ljava/lang/Object;Ljava/io/ObjectStreamClass;)V+93
j  java.io.ObjectInputStream.readOrdinaryObject(Z)Ljava/lang/Object;+144
j  java.io.ObjectInputStream.readObject0(Z)Ljava/lang/Object;+389
j  java.io.ObjectInputStream.defaultReadFields(Ljava/lang/Object;Ljava/io/ObjectStreamClass;)V+150
j  java.io.ObjectInputStream.readSerialData(Ljava/lang/Object;Ljava/io/ObjectStreamClass;)V+173
j  java.io.ObjectInputStream.readOrdinaryObject(Z)Ljava/lang/Object;+144
j  java.io.ObjectInputStream.readObject0(Z)Ljava/lang/Object;+389
j  java.io.ObjectInputStream.readObject()Ljava/lang/Object;+19
j  net.sourceforge.jeuclid.elements.support.text.CharacterMapping.getInstance()Lnet/sourceforge/jeuclid/elements/support/text/CharacterMapping;+25
j  net.sourceforge.jeuclid.elements.support.text.StringUtil.<clinit>()V+16
v  ~StubRoutines::call_stub
j  net.sourceforge.jeuclid.elements.presentation.token.AbstractTokenWithTextLayout.produceTextLayout(Ljava/awt/Graphics2D;Lnet/sourceforge/jeuclid/LayoutContext;)Ljava/awt/font/TextLayout;+12
j  net.sourceforge.jeuclid.elements.presentation.token.AbstractTokenWithTextLayout.layoutStageInvariant(Lnet/sourceforge/jeuclid/layout/LayoutView;Lnet/sourceforge/jeuclid/layout/LayoutInfo;Lnet/sourceforge/jeuclid/layout/LayoutStage;Lnet/sourceforge/jeuclid/LayoutContext;)V+13
j  net.sourceforge.jeuclid.elements.AbstractJEuclidElement.layoutStage1(Lnet/sourceforge/jeuclid/layout/LayoutView;Lnet/sourceforge/jeuclid/layout/LayoutInfo;Lnet/sourceforge/jeuclid/layout/LayoutStage;Lnet/sourceforge/jeuclid/LayoutContext;)V+8
j  net.sourceforge.jeuclid.layout.JEuclidView.layout(Lnet/sourceforge/jeuclid/layout/LayoutableNode;Lnet/sourceforge/jeuclid/layout/LayoutStage;Lnet/sourceforge/jeuclid/LayoutContext;)Lnet/sourceforge/jeuclid/layout/LayoutInfo;+155
j  net.sourceforge.jeuclid.layout.JEuclidView.layout(Lnet/sourceforge/jeuclid/layout/LayoutableNode;Lnet/sourceforge/jeuclid/layout/LayoutStage;Lnet/sourceforge/jeuclid/LayoutContext;)Lnet/sourceforge/jeuclid/layout/LayoutInfo;+116
j  net.sourceforge.jeuclid.layout.JEuclidView.layout(Lnet/sourceforge/jeuclid/layout/LayoutableNode;Lnet/sourceforge/jeuclid/layout/LayoutStage;Lnet/sourceforge/jeuclid/LayoutContext;)Lnet/sourceforge/jeuclid/layout/LayoutInfo;+116
j  net.sourceforge.jeuclid.layout.JEuclidView.layout()Lnet/sourceforge/jeuclid/layout/LayoutInfo;+12
j  net.sourceforge.jeuclid.layout.JEuclidView.getWidth()F+1
j  net.sourceforge.jeuclid.swing.MathComponentUI.calculatePreferredSize(Ljavax/swing/JComponent;)V+9
j  net.sourceforge.jeuclid.swing.MathComponentUI.getMathComponentSize(Ljavax/swing/JComponent;)Ljava/awt/Dimension;+29
j  net.sourceforge.jeuclid.swing.MathComponentUI.getMinimumSize(Ljavax/swing/JComponent;)Ljava/awt/Dimension;+2
j  javax.swing.JComponent.getMinimumSize()Ljava/awt/Dimension;+26
j  net.sourceforge.jeuclid.swing.JMathComponent.getPreferredSize()Ljava/awt/Dimension;+1
j  javax.swing.ViewportLayout.preferredLayoutSize(Ljava/awt/Container;)Ljava/awt/Dimension;+40
j  java.awt.Container.preferredSize()Ljava/awt/Dimension;+43
j  java.awt.Container.getPreferredSize()Ljava/awt/Dimension;+1
j  javax.swing.JComponent.getPreferredSize()Ljava/awt/Dimension;+39
j  javax.swing.ScrollPaneLayout.preferredLayoutSize(Ljava/awt/Container;)Ljava/awt/Dimension;+68
j  java.awt.Container.preferredSize()Ljava/awt/Dimension;+43
j  java.awt.Container.getPreferredSize()Ljava/awt/Dimension;+1
j  javax.swing.JComponent.getPreferredSize()Ljava/awt/Dimension;+39
j  javax.swing.plaf.basic.BasicSplitPaneUI$BasicHorizontalLayoutManager.getPreferredSizeOfComponent(Ljava/awt/Component;)I+2
j  javax.swing.plaf.basic.BasicSplitPaneUI$BasicHorizontalLayoutManager.getPreferredSizes()[I+41
j  javax.swing.plaf.basic.BasicSplitPaneUI$BasicHorizontalLayoutManager.resetToPreferredSizes(I)V+1
j  javax.swing.plaf.basic.BasicSplitPaneUI$BasicHorizontalLayoutManager.layoutContainer(Ljava/awt/Container;)V+137
j  java.awt.Container.layout()V+11
j  java.awt.Container.doLayout()V+1
j  java.awt.Container.validateTree()V+30
j  java.awt.Container.validateTree()V+77
j  java.awt.Container.validateTree()V+77
j  java.awt.Container.validateTree()V+77
j  java.awt.Container.validateTree()V+77
j  java.awt.Container.validateTree()V+77
j  java.awt.Container.validate()V+61
j  java.awt.Window.pack()V+68
j  net.sourceforge.jeuclid.app.mathviewer.MainFrameEx.initComponents()V+2062
j  net.sourceforge.jeuclid.app.mathviewer.MainFrameEx.<init>()V+5
j  net.sourceforge.jeuclid.app.mathviewer.MathViewer$1.run()V+4
j  java.awt.event.InvocationEvent.dispatch()V+47
j  java.awt.EventQueue.dispatchEvent(Ljava/awt/AWTEvent;)V+26
j  java.awt.EventDispatchThread.pumpOneEventForFilters(I)Z+192
j  java.awt.EventDispatchThread.pumpEventsForFilter(ILjava/awt/Conditional;Ljava/awt/EventFilter;)V+30
j  java.awt.EventDispatchThread.pumpEventsForHierarchy(ILjava/awt/Conditional;Ljava/awt/Component;)V+11
j  java.awt.EventDispatchThread.pumpEvents(ILjava/awt/Conditional;)V+4
j  java.awt.EventDispatchThread.pumpEvents(Ljava/awt/Conditional;)V+3
j  java.awt.EventDispatchThread.run()V+9
v  ~StubRoutines::call_stub

---------------  P R O C E S S  ---------------

Java Threads: ( => current thread )
  0x8f2af000 JavaThread "TimerQueue" daemon [_thread_blocked, id=10793, stack(0x8f117000,0x8f168000)]
  0x8f256000 JavaThread "DestroyJavaVM" [_thread_blocked, id=10772, stack(0xb7706000,0xb7757000)]
=>0x8f255400 JavaThread "AWT-EventQueue-0" [_thread_in_native, id=10790, stack(0x8f300000,0x8f351000)]
  0x8f254c00 JavaThread "AWT-Shutdown" [_thread_blocked, id=10789, stack(0x8f517000,0x8f568000)]
  0x8f75ac00 JavaThread "AWT-XAWT" daemon [_thread_in_native, id=10784, stack(0x8f568000,0x8f5b9000)]
  0x8f709800 JavaThread "Java2D Disposer" daemon [_thread_blocked, id=10783, stack(0x8f6af000,0x8f700000)]
  0x09cd4000 JavaThread "Low Memory Detector" daemon [_thread_blocked, id=10781, stack(0x8f929000,0x8f97a000)]
  0x09cd2000 JavaThread "CompilerThread1" daemon [_thread_blocked, id=10780, stack(0x8f97a000,0x8f9fb000)]
  0x09ccf400 JavaThread "CompilerThread0" daemon [_thread_blocked, id=10779, stack(0x8f9fb000,0x8fa7c000)]
  0x09ccdc00 JavaThread "Signal Dispatcher" daemon [_thread_blocked, id=10778, stack(0x8fa7c000,0x8facd000)]
  0x09cb9400 JavaThread "Finalizer" daemon [_thread_blocked, id=10777, stack(0x8fb13000,0x8fb64000)]
  0x09cb7c00 JavaThread "Reference Handler" daemon [_thread_blocked, id=10776, stack(0x8fb64000,0x8fbb5000)]

Other Threads:
  0x09cb4c00 VMThread [stack: 0x8fbb5000,0x8fc36000] [id=10775]
  0x09cd5c00 WatcherThread [stack: 0x8f8a8000,0x8f929000] [id=10782]

VM state:not at safepoint (normal execution)

VM Mutex/Monitor currently owned by a thread: None

Heap
 PSYoungGen      total 6656K, used 6264K [0xb3f00000, 0xb4600000, 0xb7700000)
  eden space 6144K, 93% used [0xb3f00000,0xb449e3b0,0xb4500000)
  from space 512K, 100% used [0xb4580000,0xb4600000,0xb4600000)
  to   space 512K, 0% used [0xb4500000,0xb4500000,0xb4580000)
 PSOldGen        total 28672K, used 817K [0x97f00000, 0x99b00000, 0xb3f00000)
  object space 28672K, 2% used [0x97f00000,0x97fcc450,0x99b00000)
 PSPermGen       total 16384K, used 12600K [0x8ff00000, 0x90f00000, 0x97f00000)
  object space 16384K, 76% used [0x8ff00000,0x90b4e0f0,0x90f00000)

Dynamic libraries:
00110000-0024e000 r-xp 00000000 08:06 690032     /lib/tls/i686/cmov/libc-2.10.1.so
0024e000-00250000 r--p 0013e000 08:06 690032     /lib/tls/i686/cmov/libc-2.10.1.so
00250000-00251000 rw-p 00140000 08:06 690032     /lib/tls/i686/cmov/libc-2.10.1.so
00251000-00254000 rw-p 00000000 00:00 0 
00254000-0025b000 r-xp 00000000 08:06 690400     /lib/tls/i686/cmov/librt-2.10.1.so
0025b000-0025c000 r--p 00006000 08:06 690400     /lib/tls/i686/cmov/librt-2.10.1.so
0025c000-0025d000 rw-p 00007000 08:06 690400     /lib/tls/i686/cmov/librt-2.10.1.so
0025d000-00269000 r-xp 00000000 08:06 609233     /usr/lib/jvm/java-6-openjdk/jre/lib/i386/libverify.so
00269000-0026a000 r--p 0000b000 08:06 609233     /usr/lib/jvm/java-6-openjdk/jre/lib/i386/libverify.so
0026a000-0026b000 rw-p 0000c000 08:06 609233     /usr/lib/jvm/java-6-openjdk/jre/lib/i386/libverify.so
0026b000-00272000 r-xp 00000000 08:06 845426     /usr/lib/jvm/java-6-openjdk/jre/lib/i386/native_threads/libhpi.so
00272000-00273000 r--p 00006000 08:06 845426     /usr/lib/jvm/java-6-openjdk/jre/lib/i386/native_threads/libhpi.so
00273000-00274000 rw-p 00007000 08:06 845426     /usr/lib/jvm/java-6-openjdk/jre/lib/i386/native_threads/libhpi.so
00274000-0027d000 r-xp 00000000 08:06 690330     /lib/tls/i686/cmov/libnss_nis-2.10.1.so
0027d000-0027e000 r--p 00008000 08:06 690330     /lib/tls/i686/cmov/libnss_nis-2.10.1.so
0027e000-0027f000 rw-p 00009000 08:06 690330     /lib/tls/i686/cmov/libnss_nis-2.10.1.so
0027f000-00289000 r-xp 00000000 08:06 690201     /lib/tls/i686/cmov/libnss_files-2.10.1.so
00289000-0028a000 r--p 00009000 08:06 690201     /lib/tls/i686/cmov/libnss_files-2.10.1.so
0028a000-0028b000 rw-p 0000a000 08:06 690201     /lib/tls/i686/cmov/libnss_files-2.10.1.so
0028b000-002d0000 r-xp 00000000 08:06 862089     /usr/lib/jvm/java-6-openjdk/jre/lib/i386/xawt/libmawt.so
002d0000-002d1000 r--p 00045000 08:06 862089     /usr/lib/jvm/java-6-openjdk/jre/lib/i386/xawt/libmawt.so
002d1000-002d3000 rw-p 00046000 08:06 862089     /usr/lib/jvm/java-6-openjdk/jre/lib/i386/xawt/libmawt.so
002d3000-002d4000 rw-p 00000000 00:00 0 
002d4000-002e2000 r-xp 00000000 08:06 500690     /usr/lib/libXext.so.6.4.0
002e2000-002e3000 r--p 0000d000 08:06 500690     /usr/lib/libXext.so.6.4.0
002e3000-002e4000 rw-p 0000e000 08:06 500690     /usr/lib/libXext.so.6.4.0
002e4000-002ec000 r-xp 00000000 08:06 504338     /usr/lib/libXrender.so.1.3.0
002ec000-002ed000 r--p 00007000 08:06 504338     /usr/lib/libXrender.so.1.3.0
002ed000-002ee000 rw-p 00008000 08:06 504338     /usr/lib/libXrender.so.1.3.0
002ee000-002f7000 r-xp 00000000 08:06 502134     /usr/lib/libXi.so.6.0.0
002f7000-002f8000 r--p 00008000 08:06 502134     /usr/lib/libXi.so.6.0.0
002f8000-002f9000 rw-p 00009000 08:06 502134     /usr/lib/libXi.so.6.0.0
002f9000-002fb000 r-xp 00000000 08:06 501176     /usr/lib/libXau.so.6.0.0
002fb000-002fc000 r--p 00001000 08:06 501176     /usr/lib/libXau.so.6.0.0
002fc000-002fd000 rw-p 00002000 08:06 501176     /usr/lib/libXau.so.6.0.0
002fd000-002ff000 r-xp 00000000 08:06 503348     /usr/lib/libXdamage.so.1.1.0
002ff000-00300000 rw-p 00001000 08:06 503348     /usr/lib/libXdamage.so.1.1.0
00300000-00307000 r-xp 00000000 08:06 609234     /usr/lib/jvm/java-6-openjdk/jre/lib/i386/libzip.so
00307000-00308000 r--p 00006000 08:06 609234     /usr/lib/jvm/java-6-openjdk/jre/lib/i386/libzip.so
00308000-00309000 rw-p 00007000 08:06 609234     /usr/lib/jvm/java-6-openjdk/jre/lib/i386/libzip.so
00309000-00325000 r-xp 00000000 08:06 501597     /usr/lib/libxcb.so.1.1.0
00325000-00326000 r--p 0001c000 08:06 501597     /usr/lib/libxcb.so.1.1.0
00326000-00327000 rw-p 0001d000 08:06 501597     /usr/lib/libxcb.so.1.1.0
00327000-0032b000 r-xp 00000000 08:06 503350     /usr/lib/libXdmcp.so.6.0.0
0032b000-0032c000 rw-p 00003000 08:06 503350     /usr/lib/libXdmcp.so.6.0.0
0032c000-00330000 r-xp 00000000 08:06 501137     /usr/lib/libXfixes.so.3.1.0
00330000-00331000 r--p 00003000 08:06 501137     /usr/lib/libXfixes.so.3.1.0
00331000-00332000 rw-p 00004000 08:06 501137     /usr/lib/libXfixes.so.3.1.0
00332000-0033d000 r-xp 00000000 08:06 504343     /usr/lib/libpangocairo-1.0.so.0.2600.0
0033d000-0033e000 r--p 0000a000 08:06 504343     /usr/lib/libpangocairo-1.0.so.0.2600.0
0033e000-0033f000 rw-p 0000b000 08:06 504343     /usr/lib/libpangocairo-1.0.so.0.2600.0
0033f000-00341000 r-xp 00000000 08:06 501266     /usr/lib/libXcomposite.so.1.0.0
00341000-00342000 r--p 00001000 08:06 501266     /usr/lib/libXcomposite.so.1.0.0
00342000-00343000 rw-p 00002000 08:06 501266     /usr/lib/libXcomposite.so.1.0.0
00345000-00369000 r-xp 00000000 08:06 609214     /usr/lib/jvm/java-6-openjdk/jre/lib/i386/libjava.so
00369000-0036a000 r--p 00023000 08:06 609214     /usr/lib/jvm/java-6-openjdk/jre/lib/i386/libjava.so
0036a000-0036c000 rw-p 00024000 08:06 609214     /usr/lib/jvm/java-6-openjdk/jre/lib/i386/libjava.so
0036c000-00388000 r-xp 00000000 08:06 673061     /lib/libgcc_s.so.1
00388000-00389000 r--p 0001b000 08:06 673061     /lib/libgcc_s.so.1
00389000-0038a000 rw-p 0001c000 08:06 673061     /lib/libgcc_s.so.1
0038a000-00391000 r-xp 00000000 08:06 504198     /usr/lib/libXrandr.so.2.2.0
00391000-00392000 r--p 00006000 08:06 504198     /usr/lib/libXrandr.so.2.2.0
00392000-00393000 rw-p 00007000 08:06 504198     /usr/lib/libXrandr.so.2.2.0
00395000-003b9000 r-xp 00000000 08:06 690045     /lib/tls/i686/cmov/libm-2.10.1.so
003b9000-003ba000 r--p 00023000 08:06 690045     /lib/tls/i686/cmov/libm-2.10.1.so
003ba000-003bb000 rw-p 00024000 08:06 690045     /lib/tls/i686/cmov/libm-2.10.1.so
003bb000-003d3000 r-xp 00000000 08:06 501259     /usr/lib/libgdk_pixbuf-2.0.so.0.1800.3
003d3000-003d4000 r--p 00017000 08:06 501259     /usr/lib/libgdk_pixbuf-2.0.so.0.1800.3
003d4000-003d5000 rw-p 00018000 08:06 501259     /usr/lib/libgdk_pixbuf-2.0.so.0.1800.3
003d5000-003f0000 r-xp 00000000 08:06 502734     /usr/lib/libatk-1.0.so.0.2809.1
003f0000-003f1000 r--p 0001b000 08:06 502734     /usr/lib/libatk-1.0.so.0.2809.1
003f1000-003f2000 rw-p 0001c000 08:06 502734     /usr/lib/libatk-1.0.so.0.2809.1
003f2000-003fa000 r-xp 00000000 08:06 504782     /usr/lib/libfusion-1.2.so.0.7.0
003fa000-003fb000 r--p 00007000 08:06 504782     /usr/lib/libfusion-1.2.so.0.7.0
003fb000-003fc000 rw-p 00008000 08:06 504782     /usr/lib/libfusion-1.2.so.0.7.0
003fc000-003ff000 r-xp 00000000 08:06 503424     /usr/lib/libxcb-render-util.so.0.0.0
003ff000-00400000 r--p 00002000 08:06 503424     /usr/lib/libxcb-render-util.so.0.0.0
00400000-00401000 rw-p 00003000 08:06 503424     /usr/lib/libxcb-render-util.so.0.0.0
00401000-00408000 r-xp 00000000 08:06 504334     /usr/lib/libxcb-render.so.0.0.0
00408000-00409000 r--p 00007000 08:06 504334     /usr/lib/libxcb-render.so.0.0.0
00409000-0040a000 rw-p 00008000 08:06 504334     /usr/lib/libxcb-render.so.0.0.0
0040a000-0040e000 r-xp 00000000 08:06 526158     /usr/lib/gtk-2.0/modules/libcanberra-gtk-module.so
0040e000-0040f000 r--p 00003000 08:06 526158     /usr/lib/gtk-2.0/modules/libcanberra-gtk-module.so
0040f000-00410000 rw-p 00004000 08:06 526158     /usr/lib/gtk-2.0/modules/libcanberra-gtk-module.so
00412000-0041b000 rwxp 00000000 00:00 0 
0041b000-004d2000 rwxp 00000000 00:00 0 
004d2000-004da000 rwxp 00000000 00:00 0 
004da000-00512000 rwxp 00000000 00:00 0 
00512000-00520000 rwxp 00000000 00:00 0 
00520000-005f2000 rwxp 00000000 00:00 0 
005f2000-005f6000 rwxp 00000000 00:00 0 
005f6000-0060e000 rwxp 00000000 00:00 0 
0060e000-0060f000 rwxp 00000000 00:00 0 
0060f000-00625000 r-xp 00000000 08:06 501528     /usr/lib/libdirect-1.2.so.0.7.0
00625000-00626000 r--p 00015000 08:06 501528     /usr/lib/libdirect-1.2.so.0.7.0
00626000-00627000 rw-p 00016000 08:06 501528     /usr/lib/libdirect-1.2.so.0.7.0
0062a000-0063e000 r-xp 00000000 08:06 673464     /lib/libz.so.1.2.3.3
0063e000-0063f000 r--p 00013000 08:06 673464     /lib/libz.so.1.2.3.3
0063f000-00640000 rw-p 00014000 08:06 673464     /lib/libz.so.1.2.3.3
00640000-00666000 r-xp 00000000 08:06 504232     /usr/lib/libpng12.so.0.37.0
00666000-00667000 r--p 00025000 08:06 504232     /usr/lib/libpng12.so.0.37.0
00667000-00668000 rw-p 00026000 08:06 504232     /usr/lib/libpng12.so.0.37.0
00668000-006ac000 r-xp 00000000 08:06 609207     /usr/lib/jvm/java-6-openjdk/jre/lib/i386/libfontmanager.so
006ac000-006ae000 r--p 00043000 08:06 609207     /usr/lib/jvm/java-6-openjdk/jre/lib/i386/libfontmanager.so
006ae000-006af000 rw-p 00045000 08:06 609207     /usr/lib/jvm/java-6-openjdk/jre/lib/i386/libfontmanager.so
006af000-006b4000 rw-p 00000000 00:00 0 
006b4000-006b7000 r-xp 00000000 08:06 501088     /usr/lib/libcanberra-gtk.so.0.1.1
006b7000-006b8000 r--p 00002000 08:06 501088     /usr/lib/libcanberra-gtk.so.0.1.1
006b8000-006b9000 rw-p 00003000 08:06 501088     /usr/lib/libcanberra-gtk.so.0.1.1
006ba000-006bb000 r--p 00000000 00:00 0 
006bb000-006cb000 r-xp 00000000 08:06 690396     /lib/tls/i686/cmov/libresolv-2.10.1.so
006cb000-006cc000 r--p 00010000 08:06 690396     /lib/tls/i686/cmov/libresolv-2.10.1.so
006cc000-006cd000 rw-p 00011000 08:06 690396     /lib/tls/i686/cmov/libresolv-2.10.1.so
006cd000-006cf000 rw-p 00000000 00:00 0 
006cf000-006ea000 r-xp 00000000 08:06 673156     /lib/ld-2.10.1.so
006ea000-006eb000 r--p 0001a000 08:06 673156     /lib/ld-2.10.1.so
006eb000-006ec000 rw-p 0001b000 08:06 673156     /lib/ld-2.10.1.so
006ec000-006fa000 rwxp 00000000 00:00 0 
006fa000-007cc000 rwxp 00000000 00:00 0 
007cc000-00850000 r-xp 00000000 08:06 609205     /usr/lib/jvm/java-6-openjdk/jre/lib/i386/libawt.so
00850000-00851000 r--p 00084000 08:06 609205     /usr/lib/jvm/java-6-openjdk/jre/lib/i386/libawt.so
00851000-00857000 rw-p 00085000 08:06 609205     /usr/lib/jvm/java-6-openjdk/jre/lib/i386/libawt.so
00857000-0087c000 rw-p 00000000 00:00 0 
0087c000-008a3000 r-xp 00000000 08:06 504344     /usr/lib/libpangoft2-1.0.so.0.2600.0
008a3000-008a4000 r--p 00027000 08:06 504344     /usr/lib/libpangoft2-1.0.so.0.2600.0
008a4000-008a5000 rw-p 00028000 08:06 504344     /usr/lib/libpangoft2-1.0.so.0.2600.0
008a5000-008a7000 r-xp 00000000 08:06 566385     /usr/lib/pango/1.6.0/modules/pango-basic-fc.so
008a7000-008a8000 r--p 00001000 08:06 566385     /usr/lib/pango/1.6.0/modules/pango-basic-fc.so
008a8000-008a9000 rw-p 00002000 08:06 566385     /usr/lib/pango/1.6.0/modules/pango-basic-fc.so
008a9000-008be000 r-xp 00000000 08:06 690395     /lib/tls/i686/cmov/libpthread-2.10.1.so
008be000-008bf000 r--p 00014000 08:06 690395     /lib/tls/i686/cmov/libpthread-2.10.1.so
008bf000-008c0000 rw-p 00015000 08:06 690395     /lib/tls/i686/cmov/libpthread-2.10.1.so
008c0000-008c2000 rw-p 00000000 00:00 0 
008c2000-0093c000 r-xp 00000000 08:06 504788     /usr/lib/libfreetype.so.6.3.20
0093c000-00940000 r--p 00079000 08:06 504788     /usr/lib/libfreetype.so.6.3.20
00940000-00941000 rw-p 0007d000 08:06 504788     /usr/lib/libfreetype.so.6.3.20
00941000-00945000 r-xp 00000000 08:06 502991     /usr/lib/libgthread-2.0.so.0.2200.2
00945000-00946000 r--p 00003000 08:06 502991     /usr/lib/libgthread-2.0.so.0.2200.2
00946000-00947000 rw-p 00004000 08:06 502991     /usr/lib/libgthread-2.0.so.0.2200.2
0094a000-0094c000 r-xp 00000000 08:06 690044     /lib/tls/i686/cmov/libdl-2.10.1.so
0094c000-0094d000 r--p 00001000 08:06 690044     /lib/tls/i686/cmov/libdl-2.10.1.so
0094d000-0094e000 rw-p 00002000 08:06 690044     /lib/tls/i686/cmov/libdl-2.10.1.so
0094e000-00994000 r-xp 00000000 08:06 500972     /usr/lib/libpango-1.0.so.0.2600.0
00994000-00995000 r--p 00045000 08:06 500972     /usr/lib/libpango-1.0.so.0.2600.0
00995000-00996000 rw-p 00046000 08:06 500972     /usr/lib/libpango-1.0.so.0.2600.0
00996000-009c1000 r-xp 00000000 08:06 503609     /usr/lib/libfontconfig.so.1.3.0
009c1000-009c2000 r--p 0002a000 08:06 503609     /usr/lib/libfontconfig.so.1.3.0
009c2000-009c3000 rw-p 0002b000 08:06 503609     /usr/lib/libfontconfig.so.1.3.0
009c3000-009c8000 r-xp 00000000 08:06 502393     /usr/lib/libogg.so.0.6.0
009c8000-009c9000 r--p 00004000 08:06 502393     /usr/lib/libogg.so.0.6.0
009c9000-009ca000 rw-p 00005000 08:06 502393     /usr/lib/libogg.so.0.6.0
009cb000-009ce000 r-xp 00000000 08:06 502989     /usr/lib/libgmodule-2.0.so.0.2200.2
009ce000-009cf000 r--p 00002000 08:06 502989     /usr/lib/libgmodule-2.0.so.0.2200.2
009cf000-009d0000 rw-p 00003000 08:06 502989     /usr/lib/libgmodule-2.0.so.0.2200.2
009d3000-009d4000 r-xp 00000000 00:00 0          [vdso]
009d4000-009e2000 r-xp 00000000 08:06 504024     /usr/lib/libcanberra.so.0.1.7
009e2000-009e3000 r--p 0000d000 08:06 504024     /usr/lib/libcanberra.so.0.1.7
009e3000-009e4000 rw-p 0000e000 08:06 504024     /usr/lib/libcanberra.so.0.1.7
009e6000-009e8000 r-xp 00000000 08:06 503364     /usr/lib/libXinerama.so.1.0.0
009e8000-009e9000 rw-p 00001000 08:06 503364     /usr/lib/libXinerama.so.1.0.0
009e9000-009ee000 r-xp 00000000 08:06 525469     /usr/lib/gtk-2.0/2.10.0/immodules/im-ibus.so
009ee000-009ef000 r--p 00004000 08:06 525469     /usr/lib/gtk-2.0/2.10.0/immodules/im-ibus.so
009ef000-009f0000 rw-p 00005000 08:06 525469     /usr/lib/gtk-2.0/2.10.0/immodules/im-ibus.so
009f0000-009f8000 rwxp 00000000 00:00 0 
009f8000-00a30000 rwxp 00000000 00:00 0 
00a30000-00a49000 r-xp 00000000 08:06 673488     /lib/libselinux.so.1
00a49000-00a4a000 r--p 00018000 08:06 673488     /lib/libselinux.so.1
00a4a000-00a4b000 rw-p 00019000 08:06 673488     /lib/libselinux.so.1
00a4b000-00a52000 r-xp 00000000 08:06 502911     /usr/lib/libvorbisfile.so.3.2.0
00a52000-00a53000 r--p 00006000 08:06 502911     /usr/lib/libvorbisfile.so.3.2.0
00a53000-00a54000 rw-p 00007000 08:06 502911     /usr/lib/libvorbisfile.so.3.2.0
00a55000-00a68000 r-xp 00000000 08:06 690173     /lib/tls/i686/cmov/libnsl-2.10.1.so
00a68000-00a69000 r--p 00012000 08:06 690173     /lib/tls/i686/cmov/libnsl-2.10.1.so
00a69000-00a6a000 rw-p 00013000 08:06 690173     /lib/tls/i686/cmov/libnsl-2.10.1.so
00a6a000-00a6c000 rw-p 00000000 00:00 0 
00a6c000-00afe000 r-xp 00000000 08:06 500995     /usr/lib/libgdk-x11-2.0.so.0.1800.3
00afe000-00b00000 r--p 00092000 08:06 500995     /usr/lib/libgdk-x11-2.0.so.0.1800.3
00b00000-00b01000 rw-p 00094000 08:06 500995     /usr/lib/libgdk-x11-2.0.so.0.1800.3
00b01000-00b09000 r-xp 00000000 08:06 503589     /usr/lib/libltdl.so.7.2.0
00b09000-00b0a000 r--p 00007000 08:06 503589     /usr/lib/libltdl.so.7.2.0
00b0a000-00b0b000 rw-p 00008000 08:06 503589     /usr/lib/libltdl.so.7.2.0
00b0f000-00b18000 r-xp 00000000 08:06 501131     /usr/lib/libXcursor.so.1.0.2
00b18000-00b19000 r--p 00008000 08:06 501131     /usr/lib/libXcursor.so.1.0.2
00b19000-00b1a000 rw-p 00009000 08:06 501131     /usr/lib/libXcursor.so.1.0.2
00b1a000-00b56000 r-xp 00000000 08:06 502987     /usr/lib/libgobject-2.0.so.0.2200.2
00b56000-00b57000 r--p 0003b000 08:06 502987     /usr/lib/libgobject-2.0.so.0.2200.2
00b57000-00b58000 rw-p 0003c000 08:06 502987     /usr/lib/libgobject-2.0.so.0.2200.2
00b58000-00b7c000 r-xp 00000000 08:06 673447     /lib/libexpat.so.1.5.2
00b7c000-00b7e000 r--p 00024000 08:06 673447     /lib/libexpat.so.1.5.2
00b7e000-00b7f000 rw-p 00026000 08:06 673447     /lib/libexpat.so.1.5.2
00b81000-00b87000 r-xp 00000000 08:06 690177     /lib/tls/i686/cmov/libnss_compat-2.10.1.so
00b87000-00b88000 r--p 00005000 08:06 690177     /lib/tls/i686/cmov/libnss_compat-2.10.1.so
00b88000-00b89000 rw-p 00006000 08:06 690177     /lib/tls/i686/cmov/libnss_compat-2.10.1.so
00b89000-00b96000 r-xp 00000000 08:06 503314     /usr/lib/libtdb.so.1.1.5
00b96000-00b97000 r--p 0000c000 08:06 503314     /usr/lib/libtdb.so.1.1.5
00b97000-00b98000 rw-p 0000d000 08:06 503314     /usr/lib/libtdb.so.1.1.5
00b9f000-00ba3000 r-xp 00000000 08:06 500754     /usr/lib/libXtst.so.6.1.0
00ba3000-00ba4000 r--p 00004000 08:06 500754     /usr/lib/libXtst.so.6.1.0
00ba4000-00ba5000 rw-p 00005000 08:06 500754     /usr/lib/libXtst.so.6.1.0
00ba5000-00c29000 r-xp 00000000 08:06 503375     /usr/lib/libcairo.so.2.10800.8
00c29000-00c2b000 r--p 00083000 08:06 503375     /usr/lib/libcairo.so.2.10800.8
00c2b000-00c2c000 rw-p 00085000 08:06 503375     /usr/lib/libcairo.so.2.10800.8
00c2c000-00c33000 r-xp 00000000 08:06 609225     /usr/lib/jvm/java-6-openjdk/jre/lib/i386/libnio.so
00c33000-00c34000 r--p 00006000 08:06 609225     /usr/lib/jvm/java-6-openjdk/jre/lib/i386/libnio.so
00c34000-00c35000 rw-p 00007000 08:06 609225     /usr/lib/jvm/java-6-openjdk/jre/lib/i386/libnio.so
00c3d000-00c40000 r-xp 00000000 08:06 837235     /usr/lib/jvm/java-6-openjdk/jre/lib/i386/jli/libjli.so
00c40000-00c41000 r--p 00003000 08:06 837235     /usr/lib/jvm/java-6-openjdk/jre/lib/i386/jli/libjli.so
00c41000-00c42000 rw-p 00004000 08:06 837235     /usr/lib/jvm/java-6-openjdk/jre/lib/i386/jli/libjli.so
00c42000-0126c000 r-xp 00000000 08:06 845427     /usr/lib/jvm/java-6-openjdk/jre/lib/i386/server/libjvm.so
0126c000-012ae000 r--p 00629000 08:06 845427     /usr/lib/jvm/java-6-openjdk/jre/lib/i386/server/libjvm.so
012ae000-012bd000 rw-p 0066b000 08:06 845427     /usr/lib/jvm/java-6-openjdk/jre/lib/i386/server/libjvm.so
012bd000-016de000 rw-p 00000000 00:00 0 
016de000-01808000 r-xp 00000000 08:06 504329     /usr/lib/libX11.so.6.2.0
01808000-01809000 ---p 0012a000 08:06 504329     /usr/lib/libX11.so.6.2.0
01809000-0180a000 r--p 0012a000 08:06 504329     /usr/lib/libX11.so.6.2.0
0180a000-0180c000 rw-p 0012b000 08:06 504329     /usr/lib/libX11.so.6.2.0
0180c000-0180d000 rw-p 00000000 00:00 0 
0180d000-018a0000 r-xp 00000000 08:06 504779     /usr/lib/libgio-2.0.so.0.2200.2
018a0000-018a1000 r--p 00092000 08:06 504779     /usr/lib/libgio-2.0.so.0.2200.2
018a1000-018a2000 rw-p 00093000 08:06 504779     /usr/lib/libgio-2.0.so.0.2200.2
018a2000-018a3000 rw-p 00000000 00:00 0 
018a3000-01957000 r-xp 00000000 08:06 673489     /lib/libglib-2.0.so.0.2200.2
01957000-01958000 r--p 000b4000 08:06 673489     /lib/libglib-2.0.so.0.2200.2
01958000-01959000 rw-p 000b5000 08:06 673489     /lib/libglib-2.0.so.0.2200.2
01959000-019cf000 r-xp 00000000 08:06 501888     /usr/lib/libdirectfb-1.2.so.0.7.0
019cf000-019d0000 ---p 00076000 08:06 501888     /usr/lib/libdirectfb-1.2.so.0.7.0
019d0000-019d1000 r--p 00076000 08:06 501888     /usr/lib/libdirectfb-1.2.so.0.7.0
019d1000-019d2000 rw-p 00077000 08:06 501888     /usr/lib/libdirectfb-1.2.so.0.7.0
019d2000-019d3000 rw-p 00000000 00:00 0 
019d3000-01a02000 r-xp 00000000 08:06 673132     /lib/libpcre.so.3.12.1
01a02000-01a03000 r--p 0002e000 08:06 673132     /lib/libpcre.so.3.12.1
01a03000-01a04000 rw-p 0002f000 08:06 673132     /lib/libpcre.so.3.12.1
01a04000-01a1e000 r-xp 00000000 08:06 502031     /usr/lib/libvorbis.so.0.4.0
01a1e000-01a1f000 r--p 00019000 08:06 502031     /usr/lib/libvorbis.so.0.4.0
01a1f000-01a2d000 rw-p 0001a000 08:06 502031     /usr/lib/libvorbis.so.0.4.0
01a2d000-01a4e000 r-xp 00000000 08:06 525468     /usr/lib/gtk-2.0/2.10.0/engines/libmurrine.so
01a4e000-01a4f000 r--p 00020000 08:06 525468     /usr/lib/gtk-2.0/2.10.0/engines/libmurrine.so
01a4f000-01a50000 rw-p 00021000 08:06 525468     /usr/lib/gtk-2.0/2.10.0/engines/libmurrine.so
01a50000-01a86000 r-xp 00000000 08:06 502585     /usr/lib/libibus.so.1.0.0
01a86000-01a87000 r--p 00036000 08:06 502585     /usr/lib/libibus.so.1.0.0
01a87000-01a88000 rw-p 00037000 08:06 502585     /usr/lib/libibus.so.1.0.0
01a88000-01a99000 r-xp 00000000 08:06 2060211    /usr/lib/gio/modules/libgioremote-volume-monitor.so
01a99000-01a9a000 r--p 00010000 08:06 2060211    /usr/lib/gio/modules/libgioremote-volume-monitor.so
01a9a000-01a9b000 rw-p 00011000 08:06 2060211    /usr/lib/gio/modules/libgioremote-volume-monitor.so
01acd000-01ad7000 r-xp 00000000 08:06 673064     /lib/libudev.so.0.5.0
01ad7000-01ad8000 r--p 00009000 08:06 673064     /lib/libudev.so.0.5.0
01ad8000-01ad9000 rw-p 0000a000 08:06 673064     /lib/libudev.so.0.5.0
02b86000-02baa000 r-xp 00000000 08:06 2060212    /usr/lib/gio/modules/libgvfsdbus.so
02baa000-02bab000 r--p 00023000 08:06 2060212    /usr/lib/gio/modules/libgvfsdbus.so
02bab000-02bac000 rw-p 00024000 08:06 2060212    /usr/lib/gio/modules/libgvfsdbus.so
038df000-03b1f000 rwxp 00000000 00:00 0 
03b1f000-068df000 rwxp 00000000 00:00 0 
06fb3000-0736b000 r-xp 00000000 08:06 500956     /usr/lib/libgtk-x11-2.0.so.0.1800.3
0736b000-0736c000 ---p 003b8000 08:06 500956     /usr/lib/libgtk-x11-2.0.so.0.1800.3
0736c000-07370000 r--p 003b8000 08:06 500956     /usr/lib/libgtk-x11-2.0.so.0.1800.3
07370000-07372000 rw-p 003bc000 08:06 500956     /usr/lib/libgtk-x11-2.0.so.0.1800.3
07372000-07374000 rw-p 00000000 00:00 0 
078c0000-078f7000 r-xp 00000000 08:06 673177     /lib/libdbus-1.so.3.4.0
078f7000-078f8000 r--p 00036000 08:06 673177     /lib/libdbus-1.so.3.4.0
078f8000-078f9000 rw-p 00037000 08:06 673177     /lib/libdbus-1.so.3.4.0
08048000-08051000 r-xp 00000000 08:06 863151     /usr/lib/jvm/java-6-openjdk/jre/bin/java
08051000-08052000 r--p 00008000 08:06 863151     /usr/lib/jvm/java-6-openjdk/jre/bin/java
08052000-08053000 rw-p 00009000 08:06 863151     /usr/lib/jvm/java-6-openjdk/jre/bin/java
085eb000-085ff000 r-xp 00000000 08:06 609224     /usr/lib/jvm/java-6-openjdk/jre/lib/i386/libnet.so
085ff000-08600000 r--p 00013000 08:06 609224     /usr/lib/jvm/java-6-openjdk/jre/lib/i386/libnet.so
08600000-08601000 rw-p 00014000 08:06 609224     /usr/lib/jvm/java-6-openjdk/jre/lib/i386/libnet.so
09630000-09644000 r-xp 00000000 08:06 505075     /usr/lib/libgvfscommon.so.0.0.0
09644000-09645000 r--p 00013000 08:06 505075     /usr/lib/libgvfscommon.so.0.0.0
09645000-09646000 rw-p 00014000 08:06 505075     /usr/lib/libgvfscommon.so.0.0.0
09b1d000-09b61000 r-xp 00000000 08:06 500841     /usr/lib/libpixman-1.so.0.14.0
09b61000-09b63000 r--p 00043000 08:06 500841     /usr/lib/libpixman-1.so.0.14.0
09b63000-09b64000 rw-p 00045000 08:06 500841     /usr/lib/libpixman-1.so.0.14.0
09c26000-09fb6000 rw-p 00000000 00:00 0          [heap]
8ed00000-8ed42000 rw-p 00000000 00:00 0 
8ed42000-8ee00000 ---p 00000000 00:00 0 
8f113000-8f117000 r--s 00076000 08:06 608488     /usr/lib/jvm/java-6-openjdk/jre/lib/ext/localedata.jar
8f117000-8f11a000 ---p 00000000 00:00 0 
8f11a000-8f168000 rw-p 00000000 00:00 0 
8f168000-8f200000 r--p 00000000 08:06 644357     /usr/share/fonts/truetype/ttf-dejavu/DejaVuSans.ttf
8f200000-8f300000 rw-p 00000000 00:00 0 
8f300000-8f303000 ---p 00000000 00:00 0 
8f303000-8f351000 rw-p 00000000 00:00 0 
8f351000-8f352000 r--s 00000000 08:06 1261771    /var/cache/fontconfig/c05880de57d1f5e948fdfacc138775d9-x86.cache-2
8f352000-8f358000 r--s 00000000 08:06 1258398    /var/cache/fontconfig/945677eb7aeaf62f1d50efc3fb3ec7d8-x86.cache-2
8f358000-8f35a000 r--s 00000000 08:06 1259329    /var/cache/fontconfig/99e8ed0e538f840c565b6ed5dad60d56-x86.cache-2
8f35a000-8f35c000 r--s 00000000 08:06 1256734    /var/cache/fontconfig/f24b2111ab8703b4e963115a8cf14259-x86.cache-2
8f35c000-8f35f000 r--s 00000000 08:06 1259146    /var/cache/fontconfig/e383d7ea5fbe662a33d9b44caf393297-x86.cache-2
8f35f000-8f361000 r--s 00000000 08:06 1256504    /var/cache/fontconfig/b5ea634b0fb353b8ea17632d1f9ef766-x86.cache-2
8f361000-8f364000 r--s 00000000 08:06 1258456    /var/cache/fontconfig/6eb3985aa4124903f6ff08ba781cd364-x86.cache-2
8f364000-8f365000 r--s 00000000 08:06 1258739    /var/cache/fontconfig/4c73fe0c47614734b17d736dbde7580a-x86.cache-2
8f365000-8f369000 r--s 00000000 08:06 1262608    /var/cache/fontconfig/062808c12e6e608270f93bb230aed730-x86.cache-2
8f369000-8f36c000 r--s 00000000 08:06 1257481    /var/cache/fontconfig/a755afe4a08bf5b97852ceb7400b47bc-x86.cache-2
8f36c000-8f373000 r--s 00000000 08:06 1259143    /var/cache/fontconfig/6d41288fd70b0be22e8c3a91e032eec0-x86.cache-2
8f373000-8f37b000 r--s 00000000 08:06 1258601    /var/cache/fontconfig/e3de0de479f42330eadf588a55fb5bf4-x86.cache-2
8f37b000-8f386000 r--s 00000000 08:06 1258443    /var/cache/fontconfig/0f34bcd4b6ee430af32735b75db7f02b-x86.cache-2
8f386000-8f388000 r--s 00000000 08:06 1257201    /var/cache/fontconfig/ddd4086aec35a5275babba44bb759c3c-x86.cache-2
8f388000-8f389000 r--s 00000000 08:06 1259106    /var/cache/fontconfig/4794a0821666d79190d59a36cb4f44b5-x86.cache-2
8f389000-8f3ab000 r--s 00000000 08:06 1258361    /var/cache/fontconfig/365b55f210c0a22e9a19e35191240f32-x86.cache-2
8f3ab000-8f3ad000 r--s 00000000 08:06 1258333    /var/cache/fontconfig/2c5ba8142dffc8bf0377700342b8ca1a-x86.cache-2
8f3ad000-8f3b0000 r--s 00000000 08:06 1259092    /var/cache/fontconfig/de9486f0b47a4d768a594cb4198cb1c6-x86.cache-2
8f3b0000-8f3b8000 r--s 00000000 08:06 1257190    /var/cache/fontconfig/d52a8644073d54c13679302ca1180695-x86.cache-2
8f3b8000-8f3be000 r--s 00000000 08:06 1258315    /var/cache/fontconfig/089dead882dea3570ffc31a9898cfb69-x86.cache-2
8f3be000-8f3cc000 r--s 00000000 08:06 1261772    /var/cache/fontconfig/e13b20fdb08344e0e664864cc2ede53d-x86.cache-2
8f3cc000-8f3ce000 r--s 00000000 08:06 1256188    /var/cache/fontconfig/7ef2298fde41cc6eeb7af42e48b7d293-x86.cache-2
8f3ce000-8f3dc000 r--s 00000000 08:06 1257033    /var/cache/fontconfig/865f88548240fee46819705c6468c165-x86.cache-2
8f3dc000-8f3e8000 r--p 00000000 08:06 792823     /usr/share/locale-langpack/de/LC_MESSAGES/glib20.mo
8f3e8000-8f410000 r--p 00000000 08:06 792899     /usr/share/locale-langpack/de/LC_MESSAGES/gtk20-properties.mo
8f410000-8f423000 r--p 00000000 08:06 792894     /usr/share/locale-langpack/de/LC_MESSAGES/gtk20.mo
8f423000-8f424000 r--p 00000000 08:06 525593     /usr/lib/locale/de_AT.utf8/LC_NUMERIC
8f424000-8f425000 r--p 00000000 08:06 525740     /usr/lib/locale/de_AT.utf8/LC_TIME
8f425000-8f512000 r--p 00000000 08:06 525747     /usr/lib/locale/de_AT.utf8/LC_COLLATE
8f512000-8f513000 r--p 00000000 08:06 525755     /usr/lib/locale/de_AT.utf8/LC_MONETARY
8f513000-8f514000 r--p 00000000 08:06 527190     /usr/lib/locale/de_AT.utf8/LC_MESSAGES/SYS_LC_MESSAGES
8f514000-8f515000 r--p 00000000 08:06 527278     /usr/lib/locale/de_AT.utf8/LC_PAPER
8f515000-8f516000 r--p 00000000 08:06 527276     /usr/lib/locale/de_AT.utf8/LC_NAME
8f516000-8f517000 r--p 00000000 08:06 526182     /usr/lib/locale/de_AT.utf8/LC_ADDRESS
8f517000-8f51a000 ---p 00000000 00:00 0 
8f51a000-8f568000 rw-p 00000000 00:00 0 
8f568000-8f56b000 ---p 00000000 00:00 0 
8f56b000-8f5b9000 rw-p 00000000 00:00 0 
8f5b9000-8f5ba000 r--s 00000000 08:06 1261771    /var/cache/fontconfig/c05880de57d1f5e948fdfacc138775d9-x86.cache-2
8f5ba000-8f5c0000 r--s 00000000 08:06 1258398    /var/cache/fontconfig/945677eb7aeaf62f1d50efc3fb3ec7d8-x86.cache-2
8f5c0000-8f5c2000 r--s 00000000 08:06 1259329    /var/cache/fontconfig/99e8ed0e538f840c565b6ed5dad60d56-x86.cache-2
8f5c2000-8f5c4000 r--s 00000000 08:06 1256734    /var/cache/fontconfig/f24b2111ab8703b4e963115a8cf14259-x86.cache-2
8f5c4000-8f5c7000 r--s 00000000 08:06 1259146    /var/cache/fontconfig/e383d7ea5fbe662a33d9b44caf393297-x86.cache-2
8f5c7000-8f5c9000 r--s 00000000 08:06 1256504    /var/cache/fontconfig/b5ea634b0fb353b8ea17632d1f9ef766-x86.cache-2
8f5c9000-8f5cc000 r--s 00000000 08:06 1258456    /var/cache/fontconfig/6eb3985aa4124903f6ff08ba781cd364-x86.cache-2
8f5cc000-8f5cd000 r--s 00000000 08:06 1258739    /var/cache/fontconfig/4c73fe0c47614734b17d736dbde7580a-x86.cache-2
8f5cd000-8f5d1000 r--s 00000000 08:06 1262608    /var/cache/fontconfig/062808c12e6e608270f93bb230aed730-x86.cache-2
8f5d1000-8f5d4000 r--s 00000000 08:06 1257481    /var/cache/fontconfig/a755afe4a08bf5b97852ceb7400b47bc-x86.cache-2
8f5d4000-8f5db000 r--s 00000000 08:06 1259143    /var/cache/fontconfig/6d41288fd70b0be22e8c3a91e032eec0-x86.cache-2
8f5db000-8f5e3000 r--s 00000000 08:06 1258601    /var/cache/fontconfig/e3de0de479f42330eadf588a55fb5bf4-x86.cache-2
8f5e3000-8f5ee000 r--s 00000000 08:06 1258443    /var/cache/fontconfig/0f34bcd4b6ee430af32735b75db7f02b-x86.cache-2
8f5ee000-8f5f0000 r--s 00000000 08:06 1257201    /var/cache/fontconfig/ddd4086aec35a5275babba44bb759c3c-x86.cache-2
8f5f0000-8f5f1000 r--s 00000000 08:06 1259106    /var/cache/fontconfig/4794a0821666d79190d59a36cb4f44b5-x86.cache-2
8f5f1000-8f613000 r--s 00000000 08:06 1258361    /var/cache/fontconfig/365b55f210c0a22e9a19e35191240f32-x86.cache-2
8f613000-8f615000 r--s 00000000 08:06 1258333    /var/cache/fontconfig/2c5ba8142dffc8bf0377700342b8ca1a-x86.cache-2
8f615000-8f618000 r--s 00000000 08:06 1259092    /var/cache/fontconfig/de9486f0b47a4d768a594cb4198cb1c6-x86.cache-2
8f618000-8f620000 r--s 00000000 08:06 1257190    /var/cache/fontconfig/d52a8644073d54c13679302ca1180695-x86.cache-2
8f620000-8f626000 r--s 00000000 08:06 1258315    /var/cache/fontconfig/089dead882dea3570ffc31a9898cfb69-x86.cache-2
8f626000-8f634000 r--s 00000000 08:06 1261772    /var/cache/fontconfig/e13b20fdb08344e0e664864cc2ede53d-x86.cache-2
8f634000-8f642000 r--s 00000000 08:06 1257033    /var/cache/fontconfig/865f88548240fee46819705c6468c165-x86.cache-2
8f642000-8f643000 r--s 00000000 08:06 1261771    /var/cache/fontconfig/c05880de57d1f5e948fdfacc138775d9-x86.cache-2
8f643000-8f649000 r--s 00000000 08:06 1258398    /var/cache/fontconfig/945677eb7aeaf62f1d50efc3fb3ec7d8-x86.cache-2
8f649000-8f64b000 r--s 00000000 08:06 1259329    /var/cache/fontconfig/99e8ed0e538f840c565b6ed5dad60d56-x86.cache-2
8f64b000-8f64d000 r--s 00000000 08:06 1256734    /var/cache/fontconfig/f24b2111ab8703b4e963115a8cf14259-x86.cache-2
8f64d000-8f650000 r--s 00000000 08:06 1259146    /var/cache/fontconfig/e383d7ea5fbe662a33d9b44caf393297-x86.cache-2
8f650000-8f652000 r--s 00000000 08:06 1256504    /var/cache/fontconfig/b5ea634b0fb353b8ea17632d1f9ef766-x86.cache-2
8f652000-8f655000 r--s 00000000 08:06 1258456    /var/cache/fontconfig/6eb3985aa4124903f6ff08ba781cd364-x86.cache-2
8f655000-8f656000 r--s 00000000 08:06 1258739    /var/cache/fontconfig/4c73fe0c47614734b17d736dbde7580a-x86.cache-2
8f656000-8f65a000 r--s 00000000 08:06 1262608    /var/cache/fontconfig/062808c12e6e608270f93bb230aed730-x86.cache-2
8f65a000-8f65d000 r--s 00000000 08:06 1257481    /var/cache/fontconfig/a755afe4a08bf5b97852ceb7400b47bc-x86.cache-2
8f65d000-8f664000 r--s 00000000 08:06 1259143    /var/cache/fontconfig/6d41288fd70b0be22e8c3a91e032eec0-x86.cache-2
8f664000-8f66c000 r--s 00000000 08:06 1258601    /var/cache/fontconfig/e3de0de479f42330eadf588a55fb5bf4-x86.cache-2
8f66c000-8f677000 r--s 00000000 08:06 1258443    /var/cache/fontconfig/0f34bcd4b6ee430af32735b75db7f02b-x86.cache-2
8f677000-8f679000 r--s 00000000 08:06 1257201    /var/cache/fontconfig/ddd4086aec35a5275babba44bb759c3c-x86.cache-2
8f679000-8f67a000 r--s 00000000 08:06 1259106    /var/cache/fontconfig/4794a0821666d79190d59a36cb4f44b5-x86.cache-2
8f67a000-8f69c000 r--s 00000000 08:06 1258361    /var/cache/fontconfig/365b55f210c0a22e9a19e35191240f32-x86.cache-2
8f69c000-8f69e000 r--s 00000000 08:06 1258333    /var/cache/fontconfig/2c5ba8142dffc8bf0377700342b8ca1a-x86.cache-2
8f69e000-8f6a1000 r--s 00000000 08:06 1259092    /var/cache/fontconfig/de9486f0b47a4d768a594cb4198cb1c6-x86.cache-2
8f6a1000-8f6a9000 r--s 00000000 08:06 1257190    /var/cache/fontconfig/d52a8644073d54c13679302ca1180695-x86.cache-2
8f6a9000-8f6af000 r--s 00000000 08:06 1258315    /var/cache/fontconfig/089dead882dea3570ffc31a9898cfb69-x86.cache-2
8f6af000-8f6b2000 ---p 00000000 00:00 0 
8f6b2000-8f700000 rw-p 00000000 00:00 0 
8f700000-8f7ff000 rw-p 00000000 00:00 0 
8f7ff000-8f800000 ---p 00000000 00:00 0 
8f800000-8f801000 r--p 00000000 08:06 526183     /usr/lib/locale/de_AT.utf8/LC_TELEPHONE
8f801000-8f802000 r--p 00000000 08:06 527274     /usr/lib/locale/de_AT.utf8/LC_MEASUREMENT
8f802000-8f803000 r--p 00000000 08:06 526184     /usr/lib/locale/de_AT.utf8/LC_IDENTIFICATION
8f803000-8f805000 r--s 00000000 08:06 1256188    /var/cache/fontconfig/7ef2298fde41cc6eeb7af42e48b7d293-x86.cache-2
8f805000-8f813000 r--s 00000000 08:06 1261772    /var/cache/fontconfig/e13b20fdb08344e0e664864cc2ede53d-x86.cache-2
8f813000-8f815000 r--s 00000000 08:06 1256188    /var/cache/fontconfig/7ef2298fde41cc6eeb7af42e48b7d293-x86.cache-2
8f815000-8f823000 r--s 00000000 08:06 1257033    /var/cache/fontconfig/865f88548240fee46819705c6468c165-x86.cache-2
8f823000-8f82a000 r--s 000fe000 08:06 583896     /usr/lib/jvm/java-6-openjdk/jre/lib/resources.jar
8f82a000-8f82b000 r--s 00011000 08:07 482825     /home/dominik/.m2/repository/net/sourceforge/jeuclid/ams-fonts/1.0/ams-fonts-1.0.jar
8f82b000-8f82c000 r--s 00028000 08:07 482818     /home/dominik/.m2/repository/net/sourceforge/jeuclid/stix-fonts/1.0-beta-2/stix-fonts-1.0-beta-2.jar
8f82c000-8f82d000 r--s 0026b000 08:07 482808     /home/dominik/.m2/repository/net/sourceforge/jeuclid/dejavu-fonts/2.29/dejavu-fonts-2.29.jar
8f82d000-8f832000 r--s 00027000 08:07 482805     /home/dominik/.m2/repository/org/freehep/freehep-graphicsio-swf/2.1.1/freehep-graphicsio-swf-2.1.1.jar
8f832000-8f834000 r--s 0000a000 08:07 482802     /home/dominik/.m2/repository/org/freehep/freehep-graphicsio-ps/2.1.1/freehep-graphicsio-ps-2.1.1.jar
8f834000-8f837000 r--s 00010000 08:07 482799     /home/dominik/.m2/repository/org/freehep/freehep-graphicsio-pdf/2.1.1/freehep-graphicsio-pdf-2.1.1.jar
8f837000-8f839000 r--s 00005000 08:07 482796     /home/dominik/.m2/repository/org/freehep/freehep-graphicsio-gif/1.2.3/freehep-graphicsio-gif-1.2.3.jar
8f839000-8f83c000 r--s 00023000 08:07 466245     /home/dominik/.m2/repository/jdom/jdom/1.0/jdom-1.0.jar
8f83c000-8f83e000 r--s 0000e000 08:07 482792     /home/dominik/.m2/repository/org/freehep/freehep-io/2.0.2/freehep-io-2.0.2.jar
8f83e000-8f844000 r--s 0002f000 08:07 482785     /home/dominik/.m2/repository/org/freehep/freehep-swing/2.0.3/freehep-swing-2.0.3.jar
8f844000-8f845000 r--s 00004000 08:07 482779     /home/dominik/.m2/repository/org/freehep/freehep-export/2.1.1/freehep-export-2.1.1.jar
8f845000-8f847000 r--s 0001d000 08:07 482771     /home/dominik/.m2/repository/org/freehep/freehep-graphics2d/2.1.1/freehep-graphics2d-2.1.1.jar
8f847000-8f84b000 r--s 0002a000 08:07 482763     /home/dominik/.m2/repository/org/freehep/freehep-graphicsio/2.1.1/freehep-graphicsio-2.1.1.jar
8f84b000-8f84d000 r--s 0000e000 08:07 482751     /home/dominik/.m2/repository/org/netbeans/openide-lookup/1.9-patched-1.0/openide-lookup-1.9-patched-1.0.jar
8f84d000-8f84f000 r--s 0000a000 08:07 482746     /home/dominik/.m2/repository/org/freehep/freehep-util/2.0.2/freehep-util-2.0.2.jar
8f84f000-8f853000 r--s 00026000 08:07 482738     /home/dominik/.m2/repository/org/freehep/freehep-graphicsio-emf/2.1.1/freehep-graphicsio-emf-2.1.1.jar
8f853000-8f858000 r--s 00030000 08:07 482733     /home/dominik/.m2/repository/org/apache/xmlgraphics/batik-svggen/1.7/batik-svggen-1.7.jar
8f858000-8f85a000 r--s 00000000 08:07 482728     /home/dominik/.m2/repository/com/apple/AppleJavaExtensions/1.2/AppleJavaExtensions-1.2.jar
8f85a000-8f85d000 r--s 00012000 08:07 482723     /home/dominik/.m2/repository/commons-io/commons-io/1.3.1/commons-io-1.3.1.jar
8f85d000-8f867000 r--s 00075000 08:07 482715     /home/dominik/.m2/repository/org/apache/xmlgraphics/xmlgraphics-commons/1.3.1/xmlgraphics-commons-1.3.1.jar
8f867000-8f869000 r--s 00010000 08:07 482710     /home/dominik/.m2/repository/org/apache/xmlgraphics/batik-parser/1.7/batik-parser-1.7.jar
8f869000-8f86a000 r--s 00007000 08:07 482703     /home/dominik/.m2/repository/org/apache/xmlgraphics/batik-xml/1.7/batik-xml-1.7.jar
8f86a000-8f86f000 r--s 00010000 08:07 482695     /home/dominik/.m2/repository/xml-apis/xml-apis-ext/1.3.04/xml-apis-ext-1.3.04.jar
8f86f000-8f877000 r--s 00028000 08:07 482690     /home/dominik/.m2/repository/xml-apis/xml-apis/1.3.04/xml-apis-1.3.04.jar
8f877000-8f878000 r--s 00002000 08:07 482684     /home/dominik/.m2/repository/org/apache/xmlgraphics/batik-ext/1.7/batik-ext-1.7.jar
8f878000-8f87f000 r--s 00045000 08:07 482680     /home/dominik/.m2/repository/org/apache/xmlgraphics/batik-css/1.7/batik-css-1.7.jar
8f87f000-8f883000 r--s 00027000 08:07 482678     /home/dominik/.m2/repository/org/apache/xmlgraphics/batik-dom/1.7/batik-dom-1.7.jar
8f883000-8f886000 r--s 0001d000 08:07 482673     /home/dominik/.m2/repository/org/apache/xmlgraphics/batik-util/1.7/batik-util-1.7.jar
8f886000-8f88e000 r--s 0005b000 08:07 482668     /home/dominik/.m2/repository/org/apache/xmlgraphics/batik-awt-util/1.7/batik-awt-util-1.7.jar
8f88e000-8f891000 r--s 00015000 08:07 482664     /home/dominik/.m2/repository/org/apache/xmlgraphics/batik-anim/1.7/batik-anim-1.7.jar
8f891000-8f89e000 r--s 00086000 08:07 482658     /home/dominik/.m2/repository/org/apache/xmlgraphics/batik-svg-dom/1.7/batik-svg-dom-1.7.jar
8f89e000-8f8a8000 r--s 00076000 08:07 867545     /home/dominik/.m2/repository/net/sourceforge/jeuclid/jeuclid-core/3.1.9-SNAPSHOT/jeuclid-core-3.1.9-SNAPSHOT.jar
8f8a8000-8f8a9000 ---p 00000000 00:00 0 
8f8a9000-8f929000 rw-p 00000000 00:00 0 
8f929000-8f92c000 ---p 00000000 00:00 0 
8f92c000-8f97a000 rw-p 00000000 00:00 0 
8f97a000-8f97d000 ---p 00000000 00:00 0 
8f97d000-8f9fb000 rw-p 00000000 00:00 0 
8f9fb000-8f9fe000 ---p 00000000 00:00 0 
8f9fe000-8fa7c000 rw-p 00000000 00:00 0 
8fa7c000-8fa7f000 ---p 00000000 00:00 0 
8fa7f000-8facd000 rw-p 00000000 00:00 0 
8facd000-8fad4000 r--s 00000000 08:06 517190     /usr/lib/gconv/gconv-modules.cache
8fad4000-8fb13000 r--p 00000000 08:06 525756     /usr/lib/locale/de_AT.utf8/LC_CTYPE
8fb13000-8fb16000 ---p 00000000 00:00 0 
8fb16000-8fb64000 rw-p 00000000 00:00 0 
8fb64000-8fb67000 ---p 00000000 00:00 0 
8fb67000-8fbb5000 rw-p 00000000 00:00 0 
8fbb5000-8fbb6000 ---p 00000000 00:00 0 
8fbb6000-8fc69000 rw-p 00000000 00:00 0 
8fc69000-8fdfe000 r--s 038e8000 08:06 582829     /usr/lib/jvm/java-6-openjdk/jre/lib/rt.jar
8fdfe000-8fdff000 ---p 00000000 00:00 0 
8fdff000-8fe7f000 rw-p 00000000 00:00 0 
8fe7f000-8fe80000 ---p 00000000 00:00 0 
8fe80000-8ff00000 rw-p 00000000 00:00 0 
8ff00000-90f00000 rwxp 00000000 00:00 0 
90f00000-97f00000 rwxp 00000000 00:00 0 
97f00000-99b00000 rwxp 00000000 00:00 0 
99b00000-b3f00000 rwxp 00000000 00:00 0 
b3f00000-b4600000 rwxp 00000000 00:00 0 
b4600000-b7700000 rwxp 00000000 00:00 0 
b7700000-b7704000 r--s 00079000 08:06 583892     /usr/lib/jvm/java-6-openjdk/jre/lib/jsse.jar
b7704000-b7706000 r--s 0000d000 08:07 482636     /home/dominik/.m2/repository/commons-logging/commons-logging/1.1.1/commons-logging-1.1.1.jar
b7706000-b7709000 ---p 00000000 00:00 0 
b7709000-b775a000 rw-p 00000000 00:00 0 
b775a000-b7763000 r--s 00065000 08:06 591193     /usr/share/java/gnome-java-bridge.jar
b7763000-b7766000 r--s 0000f000 08:06 609200     /usr/lib/jvm/java-6-openjdk/jre/lib/ext/pulse-java.jar
b7766000-b776e000 rw-s 00000000 08:06 98919      /tmp/hsperfdata_dominik/10769
b776e000-b776f000 rw-p 00000000 00:00 0 
b776f000-b7770000 r--p 00000000 00:00 0 
b7770000-b7772000 rw-p 00000000 00:00 0 
bfdad000-bfdc3000 rw-p 00000000 00:00 0          [stack]

VM Arguments:
java_command: net.sourceforge.jeuclid.app.mathviewer.MathViewer
Launcher Type: SUN_STANDARD

Environment Variables:
JAVA_HOME=/usr/lib/jvm/java-6-openjdk
PATH=/usr/local/sbin:/usr/local/bin:/usr/sbin:/usr/bin:/sbin:/bin:/usr/games:/opt/intellij/idea-IC-90.96/bin
USERNAME=dominik
LD_LIBRARY_PATH=/usr/lib/jvm/java-6-openjdk/jre/lib/i386/server:/usr/lib/jvm/java-6-openjdk/jre/lib/i386:/usr/lib/jvm/java-6-openjdk/jre/../lib/i386:/usr/lib/jvm/java-6-openjdk/jre/lib/i386/client:/usr/lib/jvm/java-6-openjdk/jre/lib/i386:/usr/lib/jvm/java-6-openjdk/jre/../lib/i386
SHELL=/bin/bash
DISPLAY=:0.0

Signal Handlers:
SIGSEGV: [libjvm.so+0x5b6c60], sa_mask[0]=0x7ffbfeff, sa_flags=0x10000004
SIGBUS: [libjvm.so+0x5b6c60], sa_mask[0]=0x7ffbfeff, sa_flags=0x10000004
SIGFPE: [libjvm.so+0x4a0440], sa_mask[0]=0x7ffbfeff, sa_flags=0x10000004
SIGPIPE: SIG_IGN, sa_mask[0]=0x00001000, sa_flags=0x10000000
SIGXFSZ: [libjvm.so+0x4a0440], sa_mask[0]=0x7ffbfeff, sa_flags=0x10000004
SIGILL: [libjvm.so+0x4a0440], sa_mask[0]=0x7ffbfeff, sa_flags=0x10000004
SIGUSR1: SIG_DFL, sa_mask[0]=0x00000000, sa_flags=0x00000000
SIGUSR2: [libjvm.so+0x49fb20], sa_mask[0]=0x00000004, sa_flags=0x10000004
SIGHUP: [libjvm.so+0x4a21d0], sa_mask[0]=0x7ffbfeff, sa_flags=0x10000004
SIGINT: SIG_IGN, sa_mask[0]=0x00000000, sa_flags=0x00000000
SIGTERM: [libjvm.so+0x4a21d0], sa_mask[0]=0x7ffbfeff, sa_flags=0x10000004
SIGQUIT: [libjvm.so+0x4a21d0], sa_mask[0]=0x7ffbfeff, sa_flags=0x10000004


---------------  S Y S T E M  ---------------

OS:Ubuntu 9.10 (karmic)
uname:Linux 2.6.31-16-generic #53-Ubuntu SMP Tue Dec 8 04:01:29 UTC 2009 i686
libc:glibc 2.10.1 NPTL 2.10.1 
rlimit: STACK 8192k, CORE 0k, NPROC infinity, NOFILE 1024, AS infinity
load average:3,78 1,27 1,02

CPU:total 2 (2 cores per cpu, 1 threads per core) family 6 model 15 stepping 10, cmov, cx8, fxsr, mmx, sse, sse2, sse3, ssse3

Memory: 4k page, physical 2060616k(165876k free), swap 2104472k(2090472k free)

vm_info: OpenJDK Server VM (14.0-b16) for linux-x86 JRE (1.6.0_0-b16), built on Nov 10 2009 01:55:38 by "buildd" with gcc 4.4.1

time: Mon Dec 21 09:12:14 2009
elapsed time: 2 seconds

